<?xml version="1.0" encoding="UTF-8"?>
<TestRun id="0999175b-435f-4032-811b-d3a8972ec719" name="aggeorgiev@AGGEORGIEV 2011-08-10 09:21:54" runUser="TELERIK\aggeorgiev" xmlns="http://microsoft.com/schemas/VisualStudio/TeamTest/2010">
  <TestSettings name="Default Test Settings" id="16fb813a-ab4b-4d2a-b5ba-0f1ec9d8738e">
    <Execution>
      <TestTypeSpecific />
      <AgentRule name="Execution Agents">
      </AgentRule>
    </Execution>
    <Deployment runDeploymentRoot="aggeorgiev_AGGEORGIEV 2011-08-10 09_21_54" />
  </TestSettings>
  <Times creation="2011-08-10T09:21:54.6872092+03:00" queuing="2011-08-10T09:21:55.5358595+03:00" start="2011-08-10T09:21:55.8946733+03:00" finish="2011-08-10T09:25:07.8651694+03:00" />
  <ResultSummary outcome="Failed">
    <Counters total="15" executed="15" passed="14" error="0" failed="1" timeout="0" aborted="0" inconclusive="0" passedButRunAborted="0" notRunnable="0" notExecuted="0" disconnected="0" warning="0" completed="0" inProgress="0" pending="0" />
    <RunInfos>
      <RunInfo computerName="AGGEORGIEV" outcome="Warning" timestamp="2011-08-10T09:21:55.4266553+03:00">
        <Text>Warning: conflict during test run deployment: deployment item 'c:\work\github\kendo\functional-tests\kendodemostests\uiwidgets\menu\events\events.tstest' specified by the test assembly 'c:\work\github\kendo\functional-tests\kendodemostests\uiwidgets\menu\events\events.tstest' cannot be deployed to 'events.tstest' because otherwise the file 'c:\work\github\kendo\functional-tests\kendodemostests\uiwidgets\menu\events\events.tstest' would overwrite deployment item 'c:\work\github\kendo\functional-tests\kendodemostests\uiwidgets\grid\events\events.tstest' specified by the test assembly 'c:\work\github\kendo\functional-tests\kendodemostests\uiwidgets\grid\events\events.tstest'.</Text>
      </RunInfo>
    </RunInfos>
  </ResultSummary>
  <TestDefinitions>
    <WebAiiTest name="DisableEnable" storage="c:\work\github\kendo\functional-tests\kendodemostests\uiwidgets\menu\api\disableenable.tstest" priority="0" id="d6707a8e-ed75-4a21-809f-369a5e86aeaa" xmlns="http://artoftest.com/schemas/WebAiiDesignCanvas/1.0.0">
      <Description xmlns="http://microsoft.com/schemas/VisualStudio/TeamTest/2010">WebAii Testcase</Description>
      <DeploymentItems xmlns="http://microsoft.com/schemas/VisualStudio/TeamTest/2010">
        <DeploymentItem filename="..\..\..\bin\Debug\KendoDemosTests.dll" />
      </DeploymentItems>
      <Execution id="f6816aaf-c965-463a-8cc9-d4f8331bdb13" xmlns="http://microsoft.com/schemas/VisualStudio/TeamTest/2010" />
    </WebAiiTest>
    <WebAiiTest name="NotClosedOnClick" storage="c:\work\github\kendo\functional-tests\kendodemostests\uiwidgets\menu\basicusage\notclosedonclick.tstest" priority="0" id="14f36260-63c4-4038-8b02-22537d776770" xmlns="http://artoftest.com/schemas/WebAiiDesignCanvas/1.0.0">
      <Description xmlns="http://microsoft.com/schemas/VisualStudio/TeamTest/2010">WebAii Testcase</Description>
      <DeploymentItems xmlns="http://microsoft.com/schemas/VisualStudio/TeamTest/2010">
        <DeploymentItem filename="..\..\..\bin\Debug\KendoDemosTests.dll" />
      </DeploymentItems>
      <Execution id="75144814-a83d-4e7f-af42-6036b0ec24bf" xmlns="http://microsoft.com/schemas/VisualStudio/TeamTest/2010" />
    </WebAiiTest>
    <WebAiiTest name="OpenClose" storage="c:\work\github\kendo\functional-tests\kendodemostests\uiwidgets\menu\basicusage\openclose.tstest" priority="0" id="91020c93-1d6d-4fb3-9dae-01e50187ada4" xmlns="http://artoftest.com/schemas/WebAiiDesignCanvas/1.0.0">
      <Description xmlns="http://microsoft.com/schemas/VisualStudio/TeamTest/2010">WebAii Testcase</Description>
      <DeploymentItems xmlns="http://microsoft.com/schemas/VisualStudio/TeamTest/2010">
        <DeploymentItem filename="..\..\..\bin\Debug\KendoDemosTests.dll" />
      </DeploymentItems>
      <Execution id="8bf68107-241c-4c4a-b861-e495f4ebcbc9" xmlns="http://microsoft.com/schemas/VisualStudio/TeamTest/2010" />
    </WebAiiTest>
    <WebAiiTest name="SelectMultipleRows" storage="c:\work\github\kendo\functional-tests\kendodemostests\uiwidgets\grid\selection\selectmultiplerows.tstest" priority="0" id="fd75ef59-b0f9-4557-af4a-a84cb018806e" xmlns="http://artoftest.com/schemas/WebAiiDesignCanvas/1.0.0">
      <Description xmlns="http://microsoft.com/schemas/VisualStudio/TeamTest/2010">WebAii Testcase</Description>
      <DeploymentItems xmlns="http://microsoft.com/schemas/VisualStudio/TeamTest/2010">
        <DeploymentItem filename="..\..\..\bin\Debug\KendoDemosTests.dll" />
      </DeploymentItems>
      <Execution id="2725a8c5-c6ce-4504-9790-fe8f20d9973a" xmlns="http://microsoft.com/schemas/VisualStudio/TeamTest/2010" />
    </WebAiiTest>
    <WebAiiTest name="SelectRowSingle" storage="c:\work\github\kendo\functional-tests\kendodemostests\uiwidgets\grid\selection\selectrowsingle.tstest" priority="0" id="891ffcdc-fd2e-4e7e-8a8c-b0d9744bb0b9" xmlns="http://artoftest.com/schemas/WebAiiDesignCanvas/1.0.0">
      <Description xmlns="http://microsoft.com/schemas/VisualStudio/TeamTest/2010">WebAii Testcase</Description>
      <DeploymentItems xmlns="http://microsoft.com/schemas/VisualStudio/TeamTest/2010">
        <DeploymentItem filename="..\..\..\bin\Debug\KendoDemosTests.dll" />
      </DeploymentItems>
      <Execution id="1d6f6304-fa6c-48cc-90e3-0b9e0daba8a1" xmlns="http://microsoft.com/schemas/VisualStudio/TeamTest/2010" />
    </WebAiiTest>
    <WebAiiTest name="GroupByAge" storage="c:\work\github\kendo\functional-tests\kendodemostests\uiwidgets\grid\basicusage\groupbyage.tstest" priority="0" id="2a2681b2-602e-4af3-be55-b8516bc81e80" xmlns="http://artoftest.com/schemas/WebAiiDesignCanvas/1.0.0">
      <Description xmlns="http://microsoft.com/schemas/VisualStudio/TeamTest/2010">WebAii Testcase</Description>
      <DeploymentItems xmlns="http://microsoft.com/schemas/VisualStudio/TeamTest/2010">
        <DeploymentItem filename="..\..\..\bin\Debug\KendoDemosTests.dll" />
      </DeploymentItems>
      <Execution id="68622cbe-de87-408d-b889-12864075840f" xmlns="http://microsoft.com/schemas/VisualStudio/TeamTest/2010" />
    </WebAiiTest>
    <WebAiiTest name="Remove" storage="c:\work\github\kendo\functional-tests\kendodemostests\uiwidgets\menu\api\remove.tstest" priority="0" id="ef057c4b-a157-4436-8b67-9338562c79ed" xmlns="http://artoftest.com/schemas/WebAiiDesignCanvas/1.0.0">
      <Description xmlns="http://microsoft.com/schemas/VisualStudio/TeamTest/2010">WebAii Testcase</Description>
      <DeploymentItems xmlns="http://microsoft.com/schemas/VisualStudio/TeamTest/2010">
        <DeploymentItem filename="..\..\..\bin\Debug\KendoDemosTests.dll" />
      </DeploymentItems>
      <Execution id="8f2456bb-a67b-42f1-ac81-cda98cea216c" xmlns="http://microsoft.com/schemas/VisualStudio/TeamTest/2010" />
    </WebAiiTest>
    <WebAiiTest name="SelectMultipleCells" storage="c:\work\github\kendo\functional-tests\kendodemostests\uiwidgets\grid\selection\selectmultiplecells.tstest" priority="0" id="e94e4d47-b502-4a0f-955f-42848b91e78f" xmlns="http://artoftest.com/schemas/WebAiiDesignCanvas/1.0.0">
      <Description xmlns="http://microsoft.com/schemas/VisualStudio/TeamTest/2010">WebAii Testcase</Description>
      <DeploymentItems xmlns="http://microsoft.com/schemas/VisualStudio/TeamTest/2010">
        <DeploymentItem filename="..\..\..\bin\Debug\KendoDemosTests.dll" />
      </DeploymentItems>
      <Execution id="503e36aa-7d6f-415b-b9ee-3c203a42b1e3" xmlns="http://microsoft.com/schemas/VisualStudio/TeamTest/2010" />
    </WebAiiTest>
    <WebAiiTest name="Events" storage="c:\work\github\kendo\functional-tests\kendodemostests\uiwidgets\grid\events\events.tstest" priority="0" id="4ddbacf3-93f2-40ae-9f01-610c591d49b6" xmlns="http://artoftest.com/schemas/WebAiiDesignCanvas/1.0.0">
      <Description xmlns="http://microsoft.com/schemas/VisualStudio/TeamTest/2010">WebAii Testcase</Description>
      <DeploymentItems xmlns="http://microsoft.com/schemas/VisualStudio/TeamTest/2010">
        <DeploymentItem filename="..\..\..\bin\Debug\KendoDemosTests.dll" />
      </DeploymentItems>
      <Execution id="6f318305-9f37-4194-a07e-818a92f9be24" xmlns="http://microsoft.com/schemas/VisualStudio/TeamTest/2010" />
    </WebAiiTest>
    <WebAiiTest name="SetTwoValuesRevertToBlank" storage="c:\work\github\kendo\functional-tests\kendodemostests\uiwidgets\autocomplete\basicusage\settwovaluesreverttoblank.tstest" priority="0" id="e297cdda-5608-4e27-ae19-fbf10e3a834f" xmlns="http://artoftest.com/schemas/WebAiiDesignCanvas/1.0.0">
      <Description xmlns="http://microsoft.com/schemas/VisualStudio/TeamTest/2010">WebAii Testcase</Description>
      <DeploymentItems xmlns="http://microsoft.com/schemas/VisualStudio/TeamTest/2010">
        <DeploymentItem filename="..\..\..\bin\Debug\KendoDemosTests.dll" />
      </DeploymentItems>
      <Execution id="cb4fffac-945d-43c9-a4b7-def58d50693c" xmlns="http://microsoft.com/schemas/VisualStudio/TeamTest/2010" />
    </WebAiiTest>
    <WebAiiTest name="SelectOption" storage="c:\work\github\kendo\functional-tests\kendodemostests\uiwidgets\autocomplete\basicusage\selectoption.tstest" priority="0" id="8b54f401-eab7-44c8-8634-d7ce8bb137a8" xmlns="http://artoftest.com/schemas/WebAiiDesignCanvas/1.0.0">
      <Description xmlns="http://microsoft.com/schemas/VisualStudio/TeamTest/2010">WebAii Testcase</Description>
      <DeploymentItems xmlns="http://microsoft.com/schemas/VisualStudio/TeamTest/2010">
        <DeploymentItem filename="..\..\..\bin\Debug\KendoDemosTests.dll" />
      </DeploymentItems>
      <Execution id="7b19b3db-0e31-4eeb-834f-89f627b30bca" xmlns="http://microsoft.com/schemas/VisualStudio/TeamTest/2010" />
    </WebAiiTest>
    <WebAiiTest name="Events" storage="c:\work\github\kendo\functional-tests\kendodemostests\uiwidgets\menu\events\events.tstest" priority="0" id="ceb842cb-c25f-4f72-843e-79b1f945b8b6" xmlns="http://artoftest.com/schemas/WebAiiDesignCanvas/1.0.0">
      <Description xmlns="http://microsoft.com/schemas/VisualStudio/TeamTest/2010">WebAii Testcase</Description>
      <DeploymentItems xmlns="http://microsoft.com/schemas/VisualStudio/TeamTest/2010">
        <DeploymentItem filename="..\..\..\bin\Debug\KendoDemosTests.dll" />
      </DeploymentItems>
      <Execution id="c53c2a7b-6569-4799-97c6-32c02b75fd66" xmlns="http://microsoft.com/schemas/VisualStudio/TeamTest/2010" />
    </WebAiiTest>
    <WebAiiTest name="ChangeValueInput" storage="c:\work\github\kendo\functional-tests\kendodemostests\uiwidgets\combobox\basicusage\changevalueinput.tstest" priority="0" id="f1b99097-ab32-4274-a4a5-8d03fb4b4c6f" xmlns="http://artoftest.com/schemas/WebAiiDesignCanvas/1.0.0">
      <Description xmlns="http://microsoft.com/schemas/VisualStudio/TeamTest/2010">WebAii Testcase</Description>
      <DeploymentItems xmlns="http://microsoft.com/schemas/VisualStudio/TeamTest/2010">
        <DeploymentItem filename="..\..\..\bin\Debug\KendoDemosTests.dll" />
      </DeploymentItems>
      <Execution id="babfb227-aa91-46d8-b6b4-c08f0dab141d" xmlns="http://microsoft.com/schemas/VisualStudio/TeamTest/2010" />
    </WebAiiTest>
    <WebAiiTest name="SortFirstNameAndPage" storage="c:\work\github\kendo\functional-tests\kendodemostests\uiwidgets\grid\basicusage\sortfirstnameandpage.tstest" priority="0" id="42b84583-684d-41ba-b53f-0765b95cbecd" xmlns="http://artoftest.com/schemas/WebAiiDesignCanvas/1.0.0">
      <Description xmlns="http://microsoft.com/schemas/VisualStudio/TeamTest/2010">WebAii Testcase</Description>
      <DeploymentItems xmlns="http://microsoft.com/schemas/VisualStudio/TeamTest/2010">
        <DeploymentItem filename="..\..\..\bin\Debug\KendoDemosTests.dll" />
      </DeploymentItems>
      <Execution id="2afb8ed5-a07b-4d7e-92c6-1eb0082a0615" xmlns="http://microsoft.com/schemas/VisualStudio/TeamTest/2010" />
    </WebAiiTest>
    <WebAiiTest name="ChangeValueKeyboardSelect" storage="c:\work\github\kendo\functional-tests\kendodemostests\uiwidgets\combobox\basicusage\changevaluekeyboardselect.tstest" priority="0" id="5ac7f1c9-d81b-47eb-af1c-2bd95254b5c6" xmlns="http://artoftest.com/schemas/WebAiiDesignCanvas/1.0.0">
      <Description xmlns="http://microsoft.com/schemas/VisualStudio/TeamTest/2010">WebAii Testcase</Description>
      <DeploymentItems xmlns="http://microsoft.com/schemas/VisualStudio/TeamTest/2010">
        <DeploymentItem filename="..\..\..\bin\Debug\KendoDemosTests.dll" />
      </DeploymentItems>
      <Execution id="e5ce71c7-805b-4ab3-b192-fd15d322d6a8" xmlns="http://microsoft.com/schemas/VisualStudio/TeamTest/2010" />
    </WebAiiTest>
  </TestDefinitions>
  <TestLists>
    <TestList name="Results Not in a List" id="8c84fa94-04c1-424b-9868-57a2d4851a1d" />
    <TestList name="All Loaded Results" id="19431567-8539-422a-85d7-44ee4e166bda" />
  </TestLists>
  <TestEntries>
    <TestEntry testId="891ffcdc-fd2e-4e7e-8a8c-b0d9744bb0b9" executionId="1d6f6304-fa6c-48cc-90e3-0b9e0daba8a1" testListId="8c84fa94-04c1-424b-9868-57a2d4851a1d" />
    <TestEntry testId="8b54f401-eab7-44c8-8634-d7ce8bb137a8" executionId="7b19b3db-0e31-4eeb-834f-89f627b30bca" testListId="8c84fa94-04c1-424b-9868-57a2d4851a1d" />
    <TestEntry testId="5ac7f1c9-d81b-47eb-af1c-2bd95254b5c6" executionId="e5ce71c7-805b-4ab3-b192-fd15d322d6a8" testListId="8c84fa94-04c1-424b-9868-57a2d4851a1d" />
    <TestEntry testId="91020c93-1d6d-4fb3-9dae-01e50187ada4" executionId="8bf68107-241c-4c4a-b861-e495f4ebcbc9" testListId="8c84fa94-04c1-424b-9868-57a2d4851a1d" />
    <TestEntry testId="e94e4d47-b502-4a0f-955f-42848b91e78f" executionId="503e36aa-7d6f-415b-b9ee-3c203a42b1e3" testListId="8c84fa94-04c1-424b-9868-57a2d4851a1d" />
    <TestEntry testId="f1b99097-ab32-4274-a4a5-8d03fb4b4c6f" executionId="babfb227-aa91-46d8-b6b4-c08f0dab141d" testListId="8c84fa94-04c1-424b-9868-57a2d4851a1d" />
    <TestEntry testId="e297cdda-5608-4e27-ae19-fbf10e3a834f" executionId="cb4fffac-945d-43c9-a4b7-def58d50693c" testListId="8c84fa94-04c1-424b-9868-57a2d4851a1d" />
    <TestEntry testId="14f36260-63c4-4038-8b02-22537d776770" executionId="75144814-a83d-4e7f-af42-6036b0ec24bf" testListId="8c84fa94-04c1-424b-9868-57a2d4851a1d" />
    <TestEntry testId="4ddbacf3-93f2-40ae-9f01-610c591d49b6" executionId="6f318305-9f37-4194-a07e-818a92f9be24" testListId="8c84fa94-04c1-424b-9868-57a2d4851a1d" />
    <TestEntry testId="2a2681b2-602e-4af3-be55-b8516bc81e80" executionId="68622cbe-de87-408d-b889-12864075840f" testListId="8c84fa94-04c1-424b-9868-57a2d4851a1d" />
    <TestEntry testId="ef057c4b-a157-4436-8b67-9338562c79ed" executionId="8f2456bb-a67b-42f1-ac81-cda98cea216c" testListId="8c84fa94-04c1-424b-9868-57a2d4851a1d" />
    <TestEntry testId="ceb842cb-c25f-4f72-843e-79b1f945b8b6" executionId="c53c2a7b-6569-4799-97c6-32c02b75fd66" testListId="8c84fa94-04c1-424b-9868-57a2d4851a1d" />
    <TestEntry testId="42b84583-684d-41ba-b53f-0765b95cbecd" executionId="2afb8ed5-a07b-4d7e-92c6-1eb0082a0615" testListId="8c84fa94-04c1-424b-9868-57a2d4851a1d" />
    <TestEntry testId="d6707a8e-ed75-4a21-809f-369a5e86aeaa" executionId="f6816aaf-c965-463a-8cc9-d4f8331bdb13" testListId="8c84fa94-04c1-424b-9868-57a2d4851a1d" />
    <TestEntry testId="fd75ef59-b0f9-4557-af4a-a84cb018806e" executionId="2725a8c5-c6ce-4504-9790-fe8f20d9973a" testListId="8c84fa94-04c1-424b-9868-57a2d4851a1d" />
  </TestEntries>
  <Results>
    <WebAiiTestResult executionId="1d6f6304-fa6c-48cc-90e3-0b9e0daba8a1" testId="891ffcdc-fd2e-4e7e-8a8c-b0d9744bb0b9" testName="SelectRowSingle" computerName="AGGEORGIEV" duration="00:00:07.9452318" startTime="2011-08-10T09:21:55.9102739+03:00" endTime="2011-08-10T09:22:03.8420851+03:00" testType="c4241296-3c6e-46b1-bf92-e0bd3e0eb017" outcome="Passed" testListId="8c84fa94-04c1-424b-9868-57a2d4851a1d" relativeResultsDirectory="1d6f6304-fa6c-48cc-90e3-0b9e0daba8a1" xmlns="http://artoftest.com/schemas/WebAiiDesignCanvas/1.0.0">
      <Output xmlns="http://microsoft.com/schemas/VisualStudio/TeamTest/2010">
        <ErrorInfo>
          <Message>Overall Result: Pass
------------------------------------------------------------
'8/10/2011 9:21:56 AM' - Starting execution....
------------------------------------------------------------
'8/10/2011 9:21:59 AM' - 'Pass' : 1. Navigate to : '/grid/selection.html'
'8/10/2011 9:21:59 AM' - 'Pass' : 2. Click 'RobertTableCell'
'8/10/2011 9:22:00 AM' - 'Pass' : 3. Verify attribute 'class' has 'Contains' value of 't-alt t-state-selected' on 'TableRow'
'8/10/2011 9:22:00 AM' - 'Pass' : 4. Wait for '500' msec.
'8/10/2011 9:22:00 AM' - 'Pass' : 5. Click 'AnneTableCell'
'8/10/2011 9:22:01 AM' - 'Pass' : 6. Verify attribute 'class' has 'Contains' value of 't-state-selected' on 'TableRow0'
------------------------------------------------------------
'8/10/2011 9:22:01 AM' - Overall Result: Pass
'8/10/2011 9:22:01 AM' - Duration: [0 min: 3 sec: 313 msec]
------------------------------------------------------------
'8/10/2011 9:22:01 AM' - Test completed!
</Message>
        </ErrorInfo>
      </Output>
      <WebAiiTestResult Type="ArtOfTest.WebAii.Design.Execution.TestResult" Version="2011.1.729.0" xmlns="">
        <TestId Type="System.String">891ffcdc-fd2e-4e7e-8a8c-b0d9744bb0b9</TestId>
        <TestName Type="System.String">SelectRowSingle</TestName>
        <TestPath Type="System.String">UIWidgets\Grid\Selection\SelectRowSingle.tstest</TestPath>
        <ProjectPath Type="System.String">
        </ProjectPath>
        <ResultType Type="ArtOfTest.Common.Design.ResultType">Pass</ResultType>
        <AutomationStepResults>
          <Item Type="ArtOfTest.WebAii.Design.AutomationStepResult" Version="2011.1.729.0">
            <ResultType Type="ArtOfTest.Common.Design.ResultType">Pass</ResultType>
            <StepDescription Type="System.String">Navigate to : '/grid/selection.html'</StepDescription>
            <TestId Type="System.String">891ffcdc-fd2e-4e7e-8a8c-b0d9744bb0b9</TestId>
            <TestName Type="System.String">SelectRowSingle</TestName>
            <TestPath Type="System.String">UIWidgets\Grid\Selection\SelectRowSingle.tstest</TestPath>
            <TestStepNumber Type="System.Int32">0</TestStepNumber>
            <Order Type="System.Int32">1</Order>
            <LogMessageOnError Type="System.String">
            </LogMessageOnError>
          </Item>
          <Item Type="ArtOfTest.WebAii.Design.AutomationStepResult" Version="2011.1.729.0">
            <ResultType Type="ArtOfTest.Common.Design.ResultType">Pass</ResultType>
            <StepDescription Type="System.String">Click 'RobertTableCell'</StepDescription>
            <TestId Type="System.String">891ffcdc-fd2e-4e7e-8a8c-b0d9744bb0b9</TestId>
            <TestName Type="System.String">SelectRowSingle</TestName>
            <TestPath Type="System.String">UIWidgets\Grid\Selection\SelectRowSingle.tstest</TestPath>
            <TestStepNumber Type="System.Int32">1</TestStepNumber>
            <Order Type="System.Int32">2</Order>
            <LogMessageOnError Type="System.String">
            </LogMessageOnError>
          </Item>
          <Item Type="ArtOfTest.WebAii.Design.AutomationStepResult" Version="2011.1.729.0">
            <ResultType Type="ArtOfTest.Common.Design.ResultType">Pass</ResultType>
            <StepDescription Type="System.String">Verify attribute 'class' has 'Contains' value of 't-alt t-state-selected' on 'TableRow'</StepDescription>
            <TestId Type="System.String">891ffcdc-fd2e-4e7e-8a8c-b0d9744bb0b9</TestId>
            <TestName Type="System.String">SelectRowSingle</TestName>
            <TestPath Type="System.String">UIWidgets\Grid\Selection\SelectRowSingle.tstest</TestPath>
            <TestStepNumber Type="System.Int32">2</TestStepNumber>
            <Order Type="System.Int32">3</Order>
            <LogMessageOnError Type="System.String">
            </LogMessageOnError>
          </Item>
          <Item Type="ArtOfTest.WebAii.Design.AutomationStepResult" Version="2011.1.729.0">
            <ResultType Type="ArtOfTest.Common.Design.ResultType">Pass</ResultType>
            <StepDescription Type="System.String">Wait for '500' msec.</StepDescription>
            <TestId Type="System.String">891ffcdc-fd2e-4e7e-8a8c-b0d9744bb0b9</TestId>
            <TestName Type="System.String">SelectRowSingle</TestName>
            <TestPath Type="System.String">UIWidgets\Grid\Selection\SelectRowSingle.tstest</TestPath>
            <TestStepNumber Type="System.Int32">3</TestStepNumber>
            <Order Type="System.Int32">4</Order>
            <LogMessageOnError Type="System.String">
            </LogMessageOnError>
          </Item>
          <Item Type="ArtOfTest.WebAii.Design.AutomationStepResult" Version="2011.1.729.0">
            <ResultType Type="ArtOfTest.Common.Design.ResultType">Pass</ResultType>
            <StepDescription Type="System.String">Click 'AnneTableCell'</StepDescription>
            <TestId Type="System.String">891ffcdc-fd2e-4e7e-8a8c-b0d9744bb0b9</TestId>
            <TestName Type="System.String">SelectRowSingle</TestName>
            <TestPath Type="System.String">UIWidgets\Grid\Selection\SelectRowSingle.tstest</TestPath>
            <TestStepNumber Type="System.Int32">4</TestStepNumber>
            <Order Type="System.Int32">5</Order>
            <LogMessageOnError Type="System.String">
            </LogMessageOnError>
          </Item>
          <Item Type="ArtOfTest.WebAii.Design.AutomationStepResult" Version="2011.1.729.0">
            <ResultType Type="ArtOfTest.Common.Design.ResultType">Pass</ResultType>
            <StepDescription Type="System.String">Verify attribute 'class' has 'Contains' value of 't-state-selected' on 'TableRow0'</StepDescription>
            <TestId Type="System.String">891ffcdc-fd2e-4e7e-8a8c-b0d9744bb0b9</TestId>
            <TestName Type="System.String">SelectRowSingle</TestName>
            <TestPath Type="System.String">UIWidgets\Grid\Selection\SelectRowSingle.tstest</TestPath>
            <TestStepNumber Type="System.Int32">5</TestStepNumber>
            <Order Type="System.Int32">6</Order>
            <LogMessageOnError Type="System.String">
            </LogMessageOnError>
          </Item>
        </AutomationStepResults>
        <NotRunStepDescriptions />
        <PerStepMessages Type="System.String">Overall Result: Pass
------------------------------------------------------------
'8/10/2011 9:21:56 AM' - Starting execution....
------------------------------------------------------------
'8/10/2011 9:21:59 AM' - 'Pass' : 1. Navigate to : '/grid/selection.html'
'8/10/2011 9:21:59 AM' - 'Pass' : 2. Click 'RobertTableCell'
'8/10/2011 9:22:00 AM' - 'Pass' : 3. Verify attribute 'class' has 'Contains' value of 't-alt t-state-selected' on 'TableRow'
'8/10/2011 9:22:00 AM' - 'Pass' : 4. Wait for '500' msec.
'8/10/2011 9:22:00 AM' - 'Pass' : 5. Click 'AnneTableCell'
'8/10/2011 9:22:01 AM' - 'Pass' : 6. Verify attribute 'class' has 'Contains' value of 't-state-selected' on 'TableRow0'
------------------------------------------------------------
'8/10/2011 9:22:01 AM' - Overall Result: Pass
'8/10/2011 9:22:01 AM' - Duration: [0 min: 3 sec: 313 msec]
------------------------------------------------------------
'8/10/2011 9:22:01 AM' - Test completed!
</PerStepMessages>
        <TotalNumberOfPassedSteps Type="System.Int32">6</TotalNumberOfPassedSteps>
        <ExecutingTestStepCount Type="System.Int32">6</ExecutingTestStepCount>
        <TotalNumberOfNotRunSteps Type="System.Int32">0</TotalNumberOfNotRunSteps>
        <IsDataDrivenResult Type="System.Boolean">False</IsDataDrivenResult>
        <SeparatorLineCharCount Type="System.Int32">60</SeparatorLineCharCount>
        <ExecutionType Type="ArtOfTest.Common.Design.ExecutionType">QuickExecution</ExecutionType>
        <EndTime Type="System.DateTime">2011-08-10 06:22:01Z</EndTime>
        <StarTime Type="System.DateTime">2011-08-10 06:21:57Z</StarTime>
        <DataIterationResults />
      </WebAiiTestResult>
    </WebAiiTestResult>
    <WebAiiTestResult executionId="7b19b3db-0e31-4eeb-834f-89f627b30bca" testId="8b54f401-eab7-44c8-8634-d7ce8bb137a8" testName="SelectOption" computerName="AGGEORGIEV" duration="00:00:09.4003849" startTime="2011-08-10T09:22:03.8470856+03:00" endTime="2011-08-10T09:22:13.2738420+03:00" testType="c4241296-3c6e-46b1-bf92-e0bd3e0eb017" outcome="Passed" testListId="8c84fa94-04c1-424b-9868-57a2d4851a1d" relativeResultsDirectory="7b19b3db-0e31-4eeb-834f-89f627b30bca" xmlns="http://artoftest.com/schemas/WebAiiDesignCanvas/1.0.0">
      <Output xmlns="http://microsoft.com/schemas/VisualStudio/TeamTest/2010">
        <ErrorInfo>
          <Message>Overall Result: Pass
------------------------------------------------------------
'8/10/2011 9:22:03 AM' - Starting execution....
------------------------------------------------------------
'8/10/2011 9:22:05 AM' - 'Pass' : 1. Navigate to : '/autocomplete/index.html'
'8/10/2011 9:22:07 AM' - 'Pass' : 2. Set 'InputText' text to 'the'
'8/10/2011 9:22:07 AM' - 'Pass' : 3. Click 'TheListItem'
'8/10/2011 9:22:07 AM' - 'Pass' : 4. Verify textbox 'InputText' content 'Same' 'The Godfather: Part II, '.
------------------------------------------------------------
'8/10/2011 9:22:07 AM' - Overall Result: Pass
'8/10/2011 9:22:07 AM' - Duration: [0 min: 2 sec: 685 msec]
------------------------------------------------------------
'8/10/2011 9:22:08 AM' - Test completed!
</Message>
        </ErrorInfo>
      </Output>
      <WebAiiTestResult Type="ArtOfTest.WebAii.Design.Execution.TestResult" Version="2011.1.729.0" xmlns="">
        <TestId Type="System.String">8b54f401-eab7-44c8-8634-d7ce8bb137a8</TestId>
        <TestName Type="System.String">SelectOption</TestName>
        <TestPath Type="System.String">UIWidgets\AutoComplete\BasicUsage\SelectOption.tstest</TestPath>
        <ProjectPath Type="System.String">
        </ProjectPath>
        <ResultType Type="ArtOfTest.Common.Design.ResultType">Pass</ResultType>
        <AutomationStepResults>
          <Item Type="ArtOfTest.WebAii.Design.AutomationStepResult" Version="2011.1.729.0">
            <ResultType Type="ArtOfTest.Common.Design.ResultType">Pass</ResultType>
            <StepDescription Type="System.String">Navigate to : '/autocomplete/index.html'</StepDescription>
            <TestId Type="System.String">8b54f401-eab7-44c8-8634-d7ce8bb137a8</TestId>
            <TestName Type="System.String">SelectOption</TestName>
            <TestPath Type="System.String">UIWidgets\AutoComplete\BasicUsage\SelectOption.tstest</TestPath>
            <TestStepNumber Type="System.Int32">0</TestStepNumber>
            <Order Type="System.Int32">1</Order>
            <LogMessageOnError Type="System.String">
            </LogMessageOnError>
          </Item>
          <Item Type="ArtOfTest.WebAii.Design.AutomationStepResult" Version="2011.1.729.0">
            <ResultType Type="ArtOfTest.Common.Design.ResultType">Pass</ResultType>
            <StepDescription Type="System.String">Set 'InputText' text to 'the'</StepDescription>
            <TestId Type="System.String">8b54f401-eab7-44c8-8634-d7ce8bb137a8</TestId>
            <TestName Type="System.String">SelectOption</TestName>
            <TestPath Type="System.String">UIWidgets\AutoComplete\BasicUsage\SelectOption.tstest</TestPath>
            <TestStepNumber Type="System.Int32">1</TestStepNumber>
            <Order Type="System.Int32">2</Order>
            <LogMessageOnError Type="System.String">
            </LogMessageOnError>
          </Item>
          <Item Type="ArtOfTest.WebAii.Design.AutomationStepResult" Version="2011.1.729.0">
            <ResultType Type="ArtOfTest.Common.Design.ResultType">Pass</ResultType>
            <StepDescription Type="System.String">Click 'TheListItem'</StepDescription>
            <TestId Type="System.String">8b54f401-eab7-44c8-8634-d7ce8bb137a8</TestId>
            <TestName Type="System.String">SelectOption</TestName>
            <TestPath Type="System.String">UIWidgets\AutoComplete\BasicUsage\SelectOption.tstest</TestPath>
            <TestStepNumber Type="System.Int32">2</TestStepNumber>
            <Order Type="System.Int32">3</Order>
            <LogMessageOnError Type="System.String">
            </LogMessageOnError>
          </Item>
          <Item Type="ArtOfTest.WebAii.Design.AutomationStepResult" Version="2011.1.729.0">
            <ResultType Type="ArtOfTest.Common.Design.ResultType">Pass</ResultType>
            <StepDescription Type="System.String">Verify textbox 'InputText' content 'Same' 'The Godfather: Part II, '.</StepDescription>
            <TestId Type="System.String">8b54f401-eab7-44c8-8634-d7ce8bb137a8</TestId>
            <TestName Type="System.String">SelectOption</TestName>
            <TestPath Type="System.String">UIWidgets\AutoComplete\BasicUsage\SelectOption.tstest</TestPath>
            <TestStepNumber Type="System.Int32">3</TestStepNumber>
            <Order Type="System.Int32">4</Order>
            <LogMessageOnError Type="System.String">
            </LogMessageOnError>
          </Item>
        </AutomationStepResults>
        <NotRunStepDescriptions />
        <PerStepMessages Type="System.String">Overall Result: Pass
------------------------------------------------------------
'8/10/2011 9:22:03 AM' - Starting execution....
------------------------------------------------------------
'8/10/2011 9:22:05 AM' - 'Pass' : 1. Navigate to : '/autocomplete/index.html'
'8/10/2011 9:22:07 AM' - 'Pass' : 2. Set 'InputText' text to 'the'
'8/10/2011 9:22:07 AM' - 'Pass' : 3. Click 'TheListItem'
'8/10/2011 9:22:07 AM' - 'Pass' : 4. Verify textbox 'InputText' content 'Same' 'The Godfather: Part II, '.
------------------------------------------------------------
'8/10/2011 9:22:07 AM' - Overall Result: Pass
'8/10/2011 9:22:07 AM' - Duration: [0 min: 2 sec: 685 msec]
------------------------------------------------------------
'8/10/2011 9:22:08 AM' - Test completed!
</PerStepMessages>
        <TotalNumberOfPassedSteps Type="System.Int32">4</TotalNumberOfPassedSteps>
        <ExecutingTestStepCount Type="System.Int32">4</ExecutingTestStepCount>
        <TotalNumberOfNotRunSteps Type="System.Int32">0</TotalNumberOfNotRunSteps>
        <IsDataDrivenResult Type="System.Boolean">False</IsDataDrivenResult>
        <SeparatorLineCharCount Type="System.Int32">60</SeparatorLineCharCount>
        <ExecutionType Type="ArtOfTest.Common.Design.ExecutionType">QuickExecution</ExecutionType>
        <EndTime Type="System.DateTime">2011-08-10 06:22:07Z</EndTime>
        <StarTime Type="System.DateTime">2011-08-10 06:22:05Z</StarTime>
        <DataIterationResults />
      </WebAiiTestResult>
    </WebAiiTestResult>
    <WebAiiTestResult executionId="e5ce71c7-805b-4ab3-b192-fd15d322d6a8" testId="5ac7f1c9-d81b-47eb-af1c-2bd95254b5c6" testName="ChangeValueKeyboardSelect" computerName="AGGEORGIEV" duration="00:00:07.6097182" startTime="2011-08-10T09:22:13.2738420+03:00" endTime="2011-08-10T09:22:20.8848357+03:00" testType="c4241296-3c6e-46b1-bf92-e0bd3e0eb017" outcome="Passed" testListId="8c84fa94-04c1-424b-9868-57a2d4851a1d" relativeResultsDirectory="e5ce71c7-805b-4ab3-b192-fd15d322d6a8" xmlns="http://artoftest.com/schemas/WebAiiDesignCanvas/1.0.0">
      <Output xmlns="http://microsoft.com/schemas/VisualStudio/TeamTest/2010">
        <ErrorInfo>
          <Message>Overall Result: Pass
------------------------------------------------------------
'8/10/2011 9:22:13 AM' - Starting execution....
------------------------------------------------------------
'8/10/2011 9:22:15 AM' - 'Pass' : 1. Navigate to : '/combobox/index.html'
'8/10/2011 9:22:15 AM' - 'Pass' : 2. Click 'SelectSpan0'
'8/10/2011 9:22:16 AM' - 'Pass' : 3. Keyboard (KeyPress) - Down (2 times) on 'Text0'
'8/10/2011 9:22:17 AM' - 'Pass' : 4. Keyboard (KeyPress) - Enter (1 times) on 'Text0'
'8/10/2011 9:22:17 AM' - 'Pass' : 5. Set 'Text0' text to 'Item 3'
'8/10/2011 9:22:17 AM' - 'Pass' : 6. Verify textbox 'Text0' content 'Contains' 'Item 3'.
------------------------------------------------------------
'8/10/2011 9:22:17 AM' - Overall Result: Pass
'8/10/2011 9:22:17 AM' - Duration: [0 min: 2 sec: 509 msec]
------------------------------------------------------------
'8/10/2011 9:22:17 AM' - Test completed!
</Message>
        </ErrorInfo>
      </Output>
      <WebAiiTestResult Type="ArtOfTest.WebAii.Design.Execution.TestResult" Version="2011.1.729.0" xmlns="">
        <TestId Type="System.String">5ac7f1c9-d81b-47eb-af1c-2bd95254b5c6</TestId>
        <TestName Type="System.String">ChangeValueKeyboardSelect</TestName>
        <TestPath Type="System.String">UIWidgets\ComboBox\BasicUsage\ChangeValueKeyboardSelect.tstest</TestPath>
        <ProjectPath Type="System.String">
        </ProjectPath>
        <ResultType Type="ArtOfTest.Common.Design.ResultType">Pass</ResultType>
        <AutomationStepResults>
          <Item Type="ArtOfTest.WebAii.Design.AutomationStepResult" Version="2011.1.729.0">
            <ResultType Type="ArtOfTest.Common.Design.ResultType">Pass</ResultType>
            <StepDescription Type="System.String">Navigate to : '/combobox/index.html'</StepDescription>
            <TestId Type="System.String">5ac7f1c9-d81b-47eb-af1c-2bd95254b5c6</TestId>
            <TestName Type="System.String">ChangeValueKeyboardSelect</TestName>
            <TestPath Type="System.String">UIWidgets\ComboBox\BasicUsage\ChangeValueKeyboardSelect.tstest</TestPath>
            <TestStepNumber Type="System.Int32">0</TestStepNumber>
            <Order Type="System.Int32">1</Order>
            <LogMessageOnError Type="System.String">
            </LogMessageOnError>
          </Item>
          <Item Type="ArtOfTest.WebAii.Design.AutomationStepResult" Version="2011.1.729.0">
            <ResultType Type="ArtOfTest.Common.Design.ResultType">Pass</ResultType>
            <StepDescription Type="System.String">Click 'SelectSpan0'</StepDescription>
            <TestId Type="System.String">5ac7f1c9-d81b-47eb-af1c-2bd95254b5c6</TestId>
            <TestName Type="System.String">ChangeValueKeyboardSelect</TestName>
            <TestPath Type="System.String">UIWidgets\ComboBox\BasicUsage\ChangeValueKeyboardSelect.tstest</TestPath>
            <TestStepNumber Type="System.Int32">1</TestStepNumber>
            <Order Type="System.Int32">2</Order>
            <LogMessageOnError Type="System.String">
            </LogMessageOnError>
          </Item>
          <Item Type="ArtOfTest.WebAii.Design.AutomationStepResult" Version="2011.1.729.0">
            <ResultType Type="ArtOfTest.Common.Design.ResultType">Pass</ResultType>
            <StepDescription Type="System.String">Keyboard (KeyPress) - Down (2 times) on 'Text0'</StepDescription>
            <TestId Type="System.String">5ac7f1c9-d81b-47eb-af1c-2bd95254b5c6</TestId>
            <TestName Type="System.String">ChangeValueKeyboardSelect</TestName>
            <TestPath Type="System.String">UIWidgets\ComboBox\BasicUsage\ChangeValueKeyboardSelect.tstest</TestPath>
            <TestStepNumber Type="System.Int32">2</TestStepNumber>
            <Order Type="System.Int32">3</Order>
            <LogMessageOnError Type="System.String">
            </LogMessageOnError>
          </Item>
          <Item Type="ArtOfTest.WebAii.Design.AutomationStepResult" Version="2011.1.729.0">
            <ResultType Type="ArtOfTest.Common.Design.ResultType">Pass</ResultType>
            <StepDescription Type="System.String">Keyboard (KeyPress) - Enter (1 times) on 'Text0'</StepDescription>
            <TestId Type="System.String">5ac7f1c9-d81b-47eb-af1c-2bd95254b5c6</TestId>
            <TestName Type="System.String">ChangeValueKeyboardSelect</TestName>
            <TestPath Type="System.String">UIWidgets\ComboBox\BasicUsage\ChangeValueKeyboardSelect.tstest</TestPath>
            <TestStepNumber Type="System.Int32">3</TestStepNumber>
            <Order Type="System.Int32">4</Order>
            <LogMessageOnError Type="System.String">
            </LogMessageOnError>
          </Item>
          <Item Type="ArtOfTest.WebAii.Design.AutomationStepResult" Version="2011.1.729.0">
            <ResultType Type="ArtOfTest.Common.Design.ResultType">Pass</ResultType>
            <StepDescription Type="System.String">Set 'Text0' text to 'Item 3'</StepDescription>
            <TestId Type="System.String">5ac7f1c9-d81b-47eb-af1c-2bd95254b5c6</TestId>
            <TestName Type="System.String">ChangeValueKeyboardSelect</TestName>
            <TestPath Type="System.String">UIWidgets\ComboBox\BasicUsage\ChangeValueKeyboardSelect.tstest</TestPath>
            <TestStepNumber Type="System.Int32">4</TestStepNumber>
            <Order Type="System.Int32">5</Order>
            <LogMessageOnError Type="System.String">
            </LogMessageOnError>
          </Item>
          <Item Type="ArtOfTest.WebAii.Design.AutomationStepResult" Version="2011.1.729.0">
            <ResultType Type="ArtOfTest.Common.Design.ResultType">Pass</ResultType>
            <StepDescription Type="System.String">Verify textbox 'Text0' content 'Contains' 'Item 3'.</StepDescription>
            <TestId Type="System.String">5ac7f1c9-d81b-47eb-af1c-2bd95254b5c6</TestId>
            <TestName Type="System.String">ChangeValueKeyboardSelect</TestName>
            <TestPath Type="System.String">UIWidgets\ComboBox\BasicUsage\ChangeValueKeyboardSelect.tstest</TestPath>
            <TestStepNumber Type="System.Int32">5</TestStepNumber>
            <Order Type="System.Int32">6</Order>
            <LogMessageOnError Type="System.String">
            </LogMessageOnError>
          </Item>
        </AutomationStepResults>
        <NotRunStepDescriptions />
        <PerStepMessages Type="System.String">Overall Result: Pass
------------------------------------------------------------
'8/10/2011 9:22:13 AM' - Starting execution....
------------------------------------------------------------
'8/10/2011 9:22:15 AM' - 'Pass' : 1. Navigate to : '/combobox/index.html'
'8/10/2011 9:22:15 AM' - 'Pass' : 2. Click 'SelectSpan0'
'8/10/2011 9:22:16 AM' - 'Pass' : 3. Keyboard (KeyPress) - Down (2 times) on 'Text0'
'8/10/2011 9:22:17 AM' - 'Pass' : 4. Keyboard (KeyPress) - Enter (1 times) on 'Text0'
'8/10/2011 9:22:17 AM' - 'Pass' : 5. Set 'Text0' text to 'Item 3'
'8/10/2011 9:22:17 AM' - 'Pass' : 6. Verify textbox 'Text0' content 'Contains' 'Item 3'.
------------------------------------------------------------
'8/10/2011 9:22:17 AM' - Overall Result: Pass
'8/10/2011 9:22:17 AM' - Duration: [0 min: 2 sec: 509 msec]
------------------------------------------------------------
'8/10/2011 9:22:17 AM' - Test completed!
</PerStepMessages>
        <TotalNumberOfPassedSteps Type="System.Int32">6</TotalNumberOfPassedSteps>
        <ExecutingTestStepCount Type="System.Int32">6</ExecutingTestStepCount>
        <TotalNumberOfNotRunSteps Type="System.Int32">0</TotalNumberOfNotRunSteps>
        <IsDataDrivenResult Type="System.Boolean">False</IsDataDrivenResult>
        <SeparatorLineCharCount Type="System.Int32">60</SeparatorLineCharCount>
        <ExecutionType Type="ArtOfTest.Common.Design.ExecutionType">QuickExecution</ExecutionType>
        <EndTime Type="System.DateTime">2011-08-10 06:22:17Z</EndTime>
        <StarTime Type="System.DateTime">2011-08-10 06:22:14Z</StarTime>
        <DataIterationResults />
      </WebAiiTestResult>
    </WebAiiTestResult>
    <WebAiiTestResult executionId="8bf68107-241c-4c4a-b861-e495f4ebcbc9" testId="91020c93-1d6d-4fb3-9dae-01e50187ada4" testName="OpenClose" computerName="AGGEORGIEV" duration="00:00:17.8167121" startTime="2011-08-10T09:22:20.8848357+03:00" endTime="2011-08-10T09:22:38.7101231+03:00" testType="c4241296-3c6e-46b1-bf92-e0bd3e0eb017" outcome="Passed" testListId="8c84fa94-04c1-424b-9868-57a2d4851a1d" relativeResultsDirectory="8bf68107-241c-4c4a-b861-e495f4ebcbc9" xmlns="http://artoftest.com/schemas/WebAiiDesignCanvas/1.0.0">
      <Output xmlns="http://microsoft.com/schemas/VisualStudio/TeamTest/2010">
        <ErrorInfo>
          <Message>Overall Result: Pass
------------------------------------------------------------
'8/10/2011 9:22:20 AM' - Starting execution....
'8/10/2011 9:22:22 AM' - Detected custom code in test. Locating test assembly: KendoDemosTests.dll.
'8/10/2011 9:22:22 AM' - Assembly Found: C:\work\GitHub\kendo\functional-tests\KendoDemosTests\TestResults\aggeorgiev_AGGEORGIEV 2011-08-10 09_21_54\Out\KendoDemosTests.dll
'8/10/2011 9:22:22 AM' - Loading code class: 'KendoDemosTests.UIWidgets.Menu.BasicUsage.OpenClose'.
------------------------------------------------------------
'8/10/2011 9:22:23 AM' - 'Pass' : 1. Navigate to : '/menu/index.html'
'8/10/2011 9:22:23 AM' - 'Pass' : 2. Invoke 'OnMouseOver' event on 'FirstItemSpan'
'8/10/2011 9:22:24 AM' - 'Pass' : 3. Click 'SubItem4Span'
'8/10/2011 9:22:24 AM' - 'Pass' : 4. Invoke 'OnMouseOut' event on 'FirstItemSpan'
'8/10/2011 9:22:24 AM' - 'Pass' : 5. Invoke 'OnMouseOver' event on 'TemplatedItemSpan'
'8/10/2011 9:22:24 AM' - 'Pass' : 6. [OpenClose_CodedStep1] : @"@\Wait for Exists 'FirstItemSpan'
'8/10/2011 9:22:24 AM' - 'Pass' : 7. [OpenClose_CodedStep2] : @"Wait for ExistsNot 'SubItem4Span'
'8/10/2011 9:22:25 AM' - 'Pass' : 8. Click 'AnimationLink'
------------------------------------------------------------
'8/10/2011 9:22:25 AM' - Overall Result: Pass
'8/10/2011 9:22:25 AM' - Duration: [0 min: 2 sec: 989 msec]
------------------------------------------------------------
'8/10/2011 9:22:25 AM' - Test completed!
</Message>
        </ErrorInfo>
      </Output>
      <WebAiiTestResult Type="ArtOfTest.WebAii.Design.Execution.TestResult" Version="2011.1.729.0" xmlns="">
        <TestId Type="System.String">91020c93-1d6d-4fb3-9dae-01e50187ada4</TestId>
        <TestName Type="System.String">OpenClose</TestName>
        <TestPath Type="System.String">UIWidgets\Menu\BasicUsage\OpenClose.tstest</TestPath>
        <ProjectPath Type="System.String">
        </ProjectPath>
        <ResultType Type="ArtOfTest.Common.Design.ResultType">Pass</ResultType>
        <AutomationStepResults>
          <Item Type="ArtOfTest.WebAii.Design.AutomationStepResult" Version="2011.1.729.0">
            <ResultType Type="ArtOfTest.Common.Design.ResultType">Pass</ResultType>
            <StepDescription Type="System.String">Navigate to : '/menu/index.html'</StepDescription>
            <TestId Type="System.String">91020c93-1d6d-4fb3-9dae-01e50187ada4</TestId>
            <TestName Type="System.String">OpenClose</TestName>
            <TestPath Type="System.String">UIWidgets\Menu\BasicUsage\OpenClose.tstest</TestPath>
            <TestStepNumber Type="System.Int32">0</TestStepNumber>
            <Order Type="System.Int32">1</Order>
            <LogMessageOnError Type="System.String">
            </LogMessageOnError>
          </Item>
          <Item Type="ArtOfTest.WebAii.Design.AutomationStepResult" Version="2011.1.729.0">
            <ResultType Type="ArtOfTest.Common.Design.ResultType">Pass</ResultType>
            <StepDescription Type="System.String">Invoke 'OnMouseOver' event on 'FirstItemSpan'</StepDescription>
            <TestId Type="System.String">91020c93-1d6d-4fb3-9dae-01e50187ada4</TestId>
            <TestName Type="System.String">OpenClose</TestName>
            <TestPath Type="System.String">UIWidgets\Menu\BasicUsage\OpenClose.tstest</TestPath>
            <TestStepNumber Type="System.Int32">1</TestStepNumber>
            <Order Type="System.Int32">2</Order>
            <LogMessageOnError Type="System.String">
            </LogMessageOnError>
          </Item>
          <Item Type="ArtOfTest.WebAii.Design.AutomationStepResult" Version="2011.1.729.0">
            <ResultType Type="ArtOfTest.Common.Design.ResultType">Pass</ResultType>
            <StepDescription Type="System.String">Click 'SubItem4Span'</StepDescription>
            <TestId Type="System.String">91020c93-1d6d-4fb3-9dae-01e50187ada4</TestId>
            <TestName Type="System.String">OpenClose</TestName>
            <TestPath Type="System.String">UIWidgets\Menu\BasicUsage\OpenClose.tstest</TestPath>
            <TestStepNumber Type="System.Int32">2</TestStepNumber>
            <Order Type="System.Int32">3</Order>
            <LogMessageOnError Type="System.String">
            </LogMessageOnError>
          </Item>
          <Item Type="ArtOfTest.WebAii.Design.AutomationStepResult" Version="2011.1.729.0">
            <ResultType Type="ArtOfTest.Common.Design.ResultType">Pass</ResultType>
            <StepDescription Type="System.String">Invoke 'OnMouseOut' event on 'FirstItemSpan'</StepDescription>
            <TestId Type="System.String">91020c93-1d6d-4fb3-9dae-01e50187ada4</TestId>
            <TestName Type="System.String">OpenClose</TestName>
            <TestPath Type="System.String">UIWidgets\Menu\BasicUsage\OpenClose.tstest</TestPath>
            <TestStepNumber Type="System.Int32">3</TestStepNumber>
            <Order Type="System.Int32">4</Order>
            <LogMessageOnError Type="System.String">
            </LogMessageOnError>
          </Item>
          <Item Type="ArtOfTest.WebAii.Design.AutomationStepResult" Version="2011.1.729.0">
            <ResultType Type="ArtOfTest.Common.Design.ResultType">Pass</ResultType>
            <StepDescription Type="System.String">Invoke 'OnMouseOver' event on 'TemplatedItemSpan'</StepDescription>
            <TestId Type="System.String">91020c93-1d6d-4fb3-9dae-01e50187ada4</TestId>
            <TestName Type="System.String">OpenClose</TestName>
            <TestPath Type="System.String">UIWidgets\Menu\BasicUsage\OpenClose.tstest</TestPath>
            <TestStepNumber Type="System.Int32">4</TestStepNumber>
            <Order Type="System.Int32">5</Order>
            <LogMessageOnError Type="System.String">
            </LogMessageOnError>
          </Item>
          <Item Type="ArtOfTest.WebAii.Design.AutomationStepResult" Version="2011.1.729.0">
            <ResultType Type="ArtOfTest.Common.Design.ResultType">Pass</ResultType>
            <StepDescription Type="System.String">[OpenClose_CodedStep1] : @"@\Wait for Exists 'FirstItemSpan'</StepDescription>
            <TestId Type="System.String">91020c93-1d6d-4fb3-9dae-01e50187ada4</TestId>
            <TestName Type="System.String">OpenClose</TestName>
            <TestPath Type="System.String">UIWidgets\Menu\BasicUsage\OpenClose.tstest</TestPath>
            <TestStepNumber Type="System.Int32">5</TestStepNumber>
            <Order Type="System.Int32">6</Order>
            <LogMessageOnError Type="System.String">
            </LogMessageOnError>
          </Item>
          <Item Type="ArtOfTest.WebAii.Design.AutomationStepResult" Version="2011.1.729.0">
            <ResultType Type="ArtOfTest.Common.Design.ResultType">Pass</ResultType>
            <StepDescription Type="System.String">[OpenClose_CodedStep2] : @"Wait for ExistsNot 'SubItem4Span'</StepDescription>
            <TestId Type="System.String">91020c93-1d6d-4fb3-9dae-01e50187ada4</TestId>
            <TestName Type="System.String">OpenClose</TestName>
            <TestPath Type="System.String">UIWidgets\Menu\BasicUsage\OpenClose.tstest</TestPath>
            <TestStepNumber Type="System.Int32">6</TestStepNumber>
            <Order Type="System.Int32">7</Order>
            <LogMessageOnError Type="System.String">
            </LogMessageOnError>
          </Item>
          <Item Type="ArtOfTest.WebAii.Design.AutomationStepResult" Version="2011.1.729.0">
            <ResultType Type="ArtOfTest.Common.Design.ResultType">Pass</ResultType>
            <StepDescription Type="System.String">Click 'AnimationLink'</StepDescription>
            <TestId Type="System.String">91020c93-1d6d-4fb3-9dae-01e50187ada4</TestId>
            <TestName Type="System.String">OpenClose</TestName>
            <TestPath Type="System.String">UIWidgets\Menu\BasicUsage\OpenClose.tstest</TestPath>
            <TestStepNumber Type="System.Int32">7</TestStepNumber>
            <Order Type="System.Int32">8</Order>
            <LogMessageOnError Type="System.String">
            </LogMessageOnError>
          </Item>
        </AutomationStepResults>
        <NotRunStepDescriptions />
        <PerStepMessages Type="System.String">Overall Result: Pass
------------------------------------------------------------
'8/10/2011 9:22:20 AM' - Starting execution....
'8/10/2011 9:22:22 AM' - Detected custom code in test. Locating test assembly: KendoDemosTests.dll.
'8/10/2011 9:22:22 AM' - Assembly Found: C:\work\GitHub\kendo\functional-tests\KendoDemosTests\TestResults\aggeorgiev_AGGEORGIEV 2011-08-10 09_21_54\Out\KendoDemosTests.dll
'8/10/2011 9:22:22 AM' - Loading code class: 'KendoDemosTests.UIWidgets.Menu.BasicUsage.OpenClose'.
------------------------------------------------------------
'8/10/2011 9:22:23 AM' - 'Pass' : 1. Navigate to : '/menu/index.html'
'8/10/2011 9:22:23 AM' - 'Pass' : 2. Invoke 'OnMouseOver' event on 'FirstItemSpan'
'8/10/2011 9:22:24 AM' - 'Pass' : 3. Click 'SubItem4Span'
'8/10/2011 9:22:24 AM' - 'Pass' : 4. Invoke 'OnMouseOut' event on 'FirstItemSpan'
'8/10/2011 9:22:24 AM' - 'Pass' : 5. Invoke 'OnMouseOver' event on 'TemplatedItemSpan'
'8/10/2011 9:22:24 AM' - 'Pass' : 6. [OpenClose_CodedStep1] : @"@\Wait for Exists 'FirstItemSpan'
'8/10/2011 9:22:24 AM' - 'Pass' : 7. [OpenClose_CodedStep2] : @"Wait for ExistsNot 'SubItem4Span'
'8/10/2011 9:22:25 AM' - 'Pass' : 8. Click 'AnimationLink'
------------------------------------------------------------
'8/10/2011 9:22:25 AM' - Overall Result: Pass
'8/10/2011 9:22:25 AM' - Duration: [0 min: 2 sec: 989 msec]
------------------------------------------------------------
'8/10/2011 9:22:25 AM' - Test completed!
</PerStepMessages>
        <TotalNumberOfPassedSteps Type="System.Int32">8</TotalNumberOfPassedSteps>
        <ExecutingTestStepCount Type="System.Int32">8</ExecutingTestStepCount>
        <TotalNumberOfNotRunSteps Type="System.Int32">0</TotalNumberOfNotRunSteps>
        <IsDataDrivenResult Type="System.Boolean">False</IsDataDrivenResult>
        <SeparatorLineCharCount Type="System.Int32">60</SeparatorLineCharCount>
        <ExecutionType Type="ArtOfTest.Common.Design.ExecutionType">QuickExecution</ExecutionType>
        <EndTime Type="System.DateTime">2011-08-10 06:22:25Z</EndTime>
        <StarTime Type="System.DateTime">2011-08-10 06:22:22Z</StarTime>
        <DataIterationResults />
      </WebAiiTestResult>
    </WebAiiTestResult>
    <WebAiiTestResult executionId="503e36aa-7d6f-415b-b9ee-3c203a42b1e3" testId="e94e4d47-b502-4a0f-955f-42848b91e78f" testName="SelectMultipleCells" computerName="AGGEORGIEV" duration="00:00:16.1431018" startTime="2011-08-10T09:22:38.7101231+03:00" endTime="2011-08-10T09:22:54.8513447+03:00" testType="c4241296-3c6e-46b1-bf92-e0bd3e0eb017" outcome="Passed" testListId="8c84fa94-04c1-424b-9868-57a2d4851a1d" relativeResultsDirectory="503e36aa-7d6f-415b-b9ee-3c203a42b1e3" xmlns="http://artoftest.com/schemas/WebAiiDesignCanvas/1.0.0">
      <Output xmlns="http://microsoft.com/schemas/VisualStudio/TeamTest/2010">
        <ErrorInfo>
          <Message>Overall Result: Pass
------------------------------------------------------------
'8/10/2011 9:22:38 AM' - Starting execution....
------------------------------------------------------------
'8/10/2011 9:22:40 AM' - 'Pass' : 1. Navigate to : '/grid/selection.html'
'8/10/2011 9:22:41 AM' - 'Pass' : 2. Click 'NigeTableCell'
'8/10/2011 9:22:41 AM' - 'Pass' : 3. Verify attribute 'class' has 'Contains' value of 't-state-selected' on 'NigeTableCell'
'8/10/2011 9:22:42 AM' - 'Pass' : 4. Shift + Click 'PeacockTableCell'
'8/10/2011 9:22:43 AM' - 'Pass' : 5. Wait for '1000' msec.
'8/10/2011 9:22:43 AM' - 'Pass' : 6. Verify attribute 'class' has 'Contains' value of 't-state-selected' on 'DodsworthTableCell'
'8/10/2011 9:22:43 AM' - 'Pass' : 7. Verify attribute 'class' has 'Contains' value of 't-state-selected' on 'x48TableCell'
'8/10/2011 9:22:43 AM' - 'Pass' : 8. Verify attribute 'class' has 'Contains' value of 't-state-selected' on 'RobertTableCell0'
'8/10/2011 9:22:43 AM' - 'Pass' : 9. Verify attribute 'class' has 'Contains' value of 't-state-selected' on 'PeacockTableCell'
------------------------------------------------------------
'8/10/2011 9:22:43 AM' - Overall Result: Pass
'8/10/2011 9:22:43 AM' - Duration: [0 min: 3 sec: 317 msec]
------------------------------------------------------------
'8/10/2011 9:22:43 AM' - Test completed!
</Message>
        </ErrorInfo>
      </Output>
      <WebAiiTestResult Type="ArtOfTest.WebAii.Design.Execution.TestResult" Version="2011.1.729.0" xmlns="">
        <TestId Type="System.String">e94e4d47-b502-4a0f-955f-42848b91e78f</TestId>
        <TestName Type="System.String">SelectMultipleCells</TestName>
        <TestPath Type="System.String">UIWidgets\Grid\Selection\SelectMultipleCells.tstest</TestPath>
        <ProjectPath Type="System.String">
        </ProjectPath>
        <ResultType Type="ArtOfTest.Common.Design.ResultType">Pass</ResultType>
        <AutomationStepResults>
          <Item Type="ArtOfTest.WebAii.Design.AutomationStepResult" Version="2011.1.729.0">
            <ResultType Type="ArtOfTest.Common.Design.ResultType">Pass</ResultType>
            <StepDescription Type="System.String">Navigate to : '/grid/selection.html'</StepDescription>
            <TestId Type="System.String">e94e4d47-b502-4a0f-955f-42848b91e78f</TestId>
            <TestName Type="System.String">SelectMultipleCells</TestName>
            <TestPath Type="System.String">UIWidgets\Grid\Selection\SelectMultipleCells.tstest</TestPath>
            <TestStepNumber Type="System.Int32">0</TestStepNumber>
            <Order Type="System.Int32">1</Order>
            <LogMessageOnError Type="System.String">
            </LogMessageOnError>
          </Item>
          <Item Type="ArtOfTest.WebAii.Design.AutomationStepResult" Version="2011.1.729.0">
            <ResultType Type="ArtOfTest.Common.Design.ResultType">Pass</ResultType>
            <StepDescription Type="System.String">Click 'NigeTableCell'</StepDescription>
            <TestId Type="System.String">e94e4d47-b502-4a0f-955f-42848b91e78f</TestId>
            <TestName Type="System.String">SelectMultipleCells</TestName>
            <TestPath Type="System.String">UIWidgets\Grid\Selection\SelectMultipleCells.tstest</TestPath>
            <TestStepNumber Type="System.Int32">1</TestStepNumber>
            <Order Type="System.Int32">2</Order>
            <LogMessageOnError Type="System.String">
            </LogMessageOnError>
          </Item>
          <Item Type="ArtOfTest.WebAii.Design.AutomationStepResult" Version="2011.1.729.0">
            <ResultType Type="ArtOfTest.Common.Design.ResultType">Pass</ResultType>
            <StepDescription Type="System.String">Verify attribute 'class' has 'Contains' value of 't-state-selected' on 'NigeTableCell'</StepDescription>
            <TestId Type="System.String">e94e4d47-b502-4a0f-955f-42848b91e78f</TestId>
            <TestName Type="System.String">SelectMultipleCells</TestName>
            <TestPath Type="System.String">UIWidgets\Grid\Selection\SelectMultipleCells.tstest</TestPath>
            <TestStepNumber Type="System.Int32">2</TestStepNumber>
            <Order Type="System.Int32">3</Order>
            <LogMessageOnError Type="System.String">
            </LogMessageOnError>
          </Item>
          <Item Type="ArtOfTest.WebAii.Design.AutomationStepResult" Version="2011.1.729.0">
            <ResultType Type="ArtOfTest.Common.Design.ResultType">Pass</ResultType>
            <StepDescription Type="System.String">Shift + Click 'PeacockTableCell'</StepDescription>
            <TestId Type="System.String">e94e4d47-b502-4a0f-955f-42848b91e78f</TestId>
            <TestName Type="System.String">SelectMultipleCells</TestName>
            <TestPath Type="System.String">UIWidgets\Grid\Selection\SelectMultipleCells.tstest</TestPath>
            <TestStepNumber Type="System.Int32">3</TestStepNumber>
            <Order Type="System.Int32">4</Order>
            <LogMessageOnError Type="System.String">
            </LogMessageOnError>
          </Item>
          <Item Type="ArtOfTest.WebAii.Design.AutomationStepResult" Version="2011.1.729.0">
            <ResultType Type="ArtOfTest.Common.Design.ResultType">Pass</ResultType>
            <StepDescription Type="System.String">Wait for '1000' msec.</StepDescription>
            <TestId Type="System.String">e94e4d47-b502-4a0f-955f-42848b91e78f</TestId>
            <TestName Type="System.String">SelectMultipleCells</TestName>
            <TestPath Type="System.String">UIWidgets\Grid\Selection\SelectMultipleCells.tstest</TestPath>
            <TestStepNumber Type="System.Int32">4</TestStepNumber>
            <Order Type="System.Int32">5</Order>
            <LogMessageOnError Type="System.String">
            </LogMessageOnError>
          </Item>
          <Item Type="ArtOfTest.WebAii.Design.AutomationStepResult" Version="2011.1.729.0">
            <ResultType Type="ArtOfTest.Common.Design.ResultType">Pass</ResultType>
            <StepDescription Type="System.String">Verify attribute 'class' has 'Contains' value of 't-state-selected' on 'DodsworthTableCell'</StepDescription>
            <TestId Type="System.String">e94e4d47-b502-4a0f-955f-42848b91e78f</TestId>
            <TestName Type="System.String">SelectMultipleCells</TestName>
            <TestPath Type="System.String">UIWidgets\Grid\Selection\SelectMultipleCells.tstest</TestPath>
            <TestStepNumber Type="System.Int32">5</TestStepNumber>
            <Order Type="System.Int32">6</Order>
            <LogMessageOnError Type="System.String">
            </LogMessageOnError>
          </Item>
          <Item Type="ArtOfTest.WebAii.Design.AutomationStepResult" Version="2011.1.729.0">
            <ResultType Type="ArtOfTest.Common.Design.ResultType">Pass</ResultType>
            <StepDescription Type="System.String">Verify attribute 'class' has 'Contains' value of 't-state-selected' on 'x48TableCell'</StepDescription>
            <TestId Type="System.String">e94e4d47-b502-4a0f-955f-42848b91e78f</TestId>
            <TestName Type="System.String">SelectMultipleCells</TestName>
            <TestPath Type="System.String">UIWidgets\Grid\Selection\SelectMultipleCells.tstest</TestPath>
            <TestStepNumber Type="System.Int32">6</TestStepNumber>
            <Order Type="System.Int32">7</Order>
            <LogMessageOnError Type="System.String">
            </LogMessageOnError>
          </Item>
          <Item Type="ArtOfTest.WebAii.Design.AutomationStepResult" Version="2011.1.729.0">
            <ResultType Type="ArtOfTest.Common.Design.ResultType">Pass</ResultType>
            <StepDescription Type="System.String">Verify attribute 'class' has 'Contains' value of 't-state-selected' on 'RobertTableCell0'</StepDescription>
            <TestId Type="System.String">e94e4d47-b502-4a0f-955f-42848b91e78f</TestId>
            <TestName Type="System.String">SelectMultipleCells</TestName>
            <TestPath Type="System.String">UIWidgets\Grid\Selection\SelectMultipleCells.tstest</TestPath>
            <TestStepNumber Type="System.Int32">7</TestStepNumber>
            <Order Type="System.Int32">8</Order>
            <LogMessageOnError Type="System.String">
            </LogMessageOnError>
          </Item>
          <Item Type="ArtOfTest.WebAii.Design.AutomationStepResult" Version="2011.1.729.0">
            <ResultType Type="ArtOfTest.Common.Design.ResultType">Pass</ResultType>
            <StepDescription Type="System.String">Verify attribute 'class' has 'Contains' value of 't-state-selected' on 'PeacockTableCell'</StepDescription>
            <TestId Type="System.String">e94e4d47-b502-4a0f-955f-42848b91e78f</TestId>
            <TestName Type="System.String">SelectMultipleCells</TestName>
            <TestPath Type="System.String">UIWidgets\Grid\Selection\SelectMultipleCells.tstest</TestPath>
            <TestStepNumber Type="System.Int32">8</TestStepNumber>
            <Order Type="System.Int32">9</Order>
            <LogMessageOnError Type="System.String">
            </LogMessageOnError>
          </Item>
        </AutomationStepResults>
        <NotRunStepDescriptions />
        <PerStepMessages Type="System.String">Overall Result: Pass
------------------------------------------------------------
'8/10/2011 9:22:38 AM' - Starting execution....
------------------------------------------------------------
'8/10/2011 9:22:40 AM' - 'Pass' : 1. Navigate to : '/grid/selection.html'
'8/10/2011 9:22:41 AM' - 'Pass' : 2. Click 'NigeTableCell'
'8/10/2011 9:22:41 AM' - 'Pass' : 3. Verify attribute 'class' has 'Contains' value of 't-state-selected' on 'NigeTableCell'
'8/10/2011 9:22:42 AM' - 'Pass' : 4. Shift + Click 'PeacockTableCell'
'8/10/2011 9:22:43 AM' - 'Pass' : 5. Wait for '1000' msec.
'8/10/2011 9:22:43 AM' - 'Pass' : 6. Verify attribute 'class' has 'Contains' value of 't-state-selected' on 'DodsworthTableCell'
'8/10/2011 9:22:43 AM' - 'Pass' : 7. Verify attribute 'class' has 'Contains' value of 't-state-selected' on 'x48TableCell'
'8/10/2011 9:22:43 AM' - 'Pass' : 8. Verify attribute 'class' has 'Contains' value of 't-state-selected' on 'RobertTableCell0'
'8/10/2011 9:22:43 AM' - 'Pass' : 9. Verify attribute 'class' has 'Contains' value of 't-state-selected' on 'PeacockTableCell'
------------------------------------------------------------
'8/10/2011 9:22:43 AM' - Overall Result: Pass
'8/10/2011 9:22:43 AM' - Duration: [0 min: 3 sec: 317 msec]
------------------------------------------------------------
'8/10/2011 9:22:43 AM' - Test completed!
</PerStepMessages>
        <TotalNumberOfPassedSteps Type="System.Int32">9</TotalNumberOfPassedSteps>
        <ExecutingTestStepCount Type="System.Int32">9</ExecutingTestStepCount>
        <TotalNumberOfNotRunSteps Type="System.Int32">0</TotalNumberOfNotRunSteps>
        <IsDataDrivenResult Type="System.Boolean">False</IsDataDrivenResult>
        <SeparatorLineCharCount Type="System.Int32">60</SeparatorLineCharCount>
        <ExecutionType Type="ArtOfTest.Common.Design.ExecutionType">QuickExecution</ExecutionType>
        <EndTime Type="System.DateTime">2011-08-10 06:22:43Z</EndTime>
        <StarTime Type="System.DateTime">2011-08-10 06:22:40Z</StarTime>
        <DataIterationResults />
      </WebAiiTestResult>
    </WebAiiTestResult>
    <WebAiiTestResult executionId="babfb227-aa91-46d8-b6b4-c08f0dab141d" testId="f1b99097-ab32-4274-a4a5-8d03fb4b4c6f" testName="ChangeValueInput" computerName="AGGEORGIEV" duration="00:00:06.8402079" startTime="2011-08-10T09:22:54.8513447+03:00" endTime="2011-08-10T09:23:01.6978089+03:00" testType="c4241296-3c6e-46b1-bf92-e0bd3e0eb017" outcome="Passed" testListId="8c84fa94-04c1-424b-9868-57a2d4851a1d" relativeResultsDirectory="babfb227-aa91-46d8-b6b4-c08f0dab141d" xmlns="http://artoftest.com/schemas/WebAiiDesignCanvas/1.0.0">
      <Output xmlns="http://microsoft.com/schemas/VisualStudio/TeamTest/2010">
        <ErrorInfo>
          <Message>Overall Result: Pass
------------------------------------------------------------
'8/10/2011 9:22:54 AM' - Starting execution....
------------------------------------------------------------
'8/10/2011 9:22:57 AM' - 'Pass' : 1. Navigate to : '/combobox/index.html'
'8/10/2011 9:22:57 AM' - 'Pass' : 2. Click 'SelectSpan'
'8/10/2011 9:22:57 AM' - 'Pass' : 3. Click 'Item2ListItem'
'8/10/2011 9:22:57 AM' - 'Pass' : 4. Verify textbox 'Text' content 'Contains' 'Item 2'.
------------------------------------------------------------
'8/10/2011 9:22:57 AM' - Overall Result: Pass
'8/10/2011 9:22:57 AM' - Duration: [0 min: 1 sec: 183 msec]
------------------------------------------------------------
'8/10/2011 9:22:57 AM' - Test completed!
</Message>
        </ErrorInfo>
      </Output>
      <WebAiiTestResult Type="ArtOfTest.WebAii.Design.Execution.TestResult" Version="2011.1.729.0" xmlns="">
        <TestId Type="System.String">f1b99097-ab32-4274-a4a5-8d03fb4b4c6f</TestId>
        <TestName Type="System.String">ChangeValueInput</TestName>
        <TestPath Type="System.String">UIWidgets\ComboBox\BasicUsage\ChangeValueInput.tstest</TestPath>
        <ProjectPath Type="System.String">
        </ProjectPath>
        <ResultType Type="ArtOfTest.Common.Design.ResultType">Pass</ResultType>
        <AutomationStepResults>
          <Item Type="ArtOfTest.WebAii.Design.AutomationStepResult" Version="2011.1.729.0">
            <ResultType Type="ArtOfTest.Common.Design.ResultType">Pass</ResultType>
            <StepDescription Type="System.String">Navigate to : '/combobox/index.html'</StepDescription>
            <TestId Type="System.String">f1b99097-ab32-4274-a4a5-8d03fb4b4c6f</TestId>
            <TestName Type="System.String">ChangeValueInput</TestName>
            <TestPath Type="System.String">UIWidgets\ComboBox\BasicUsage\ChangeValueInput.tstest</TestPath>
            <TestStepNumber Type="System.Int32">0</TestStepNumber>
            <Order Type="System.Int32">1</Order>
            <LogMessageOnError Type="System.String">
            </LogMessageOnError>
          </Item>
          <Item Type="ArtOfTest.WebAii.Design.AutomationStepResult" Version="2011.1.729.0">
            <ResultType Type="ArtOfTest.Common.Design.ResultType">Pass</ResultType>
            <StepDescription Type="System.String">Click 'SelectSpan'</StepDescription>
            <TestId Type="System.String">f1b99097-ab32-4274-a4a5-8d03fb4b4c6f</TestId>
            <TestName Type="System.String">ChangeValueInput</TestName>
            <TestPath Type="System.String">UIWidgets\ComboBox\BasicUsage\ChangeValueInput.tstest</TestPath>
            <TestStepNumber Type="System.Int32">1</TestStepNumber>
            <Order Type="System.Int32">2</Order>
            <LogMessageOnError Type="System.String">
            </LogMessageOnError>
          </Item>
          <Item Type="ArtOfTest.WebAii.Design.AutomationStepResult" Version="2011.1.729.0">
            <ResultType Type="ArtOfTest.Common.Design.ResultType">Pass</ResultType>
            <StepDescription Type="System.String">Click 'Item2ListItem'</StepDescription>
            <TestId Type="System.String">f1b99097-ab32-4274-a4a5-8d03fb4b4c6f</TestId>
            <TestName Type="System.String">ChangeValueInput</TestName>
            <TestPath Type="System.String">UIWidgets\ComboBox\BasicUsage\ChangeValueInput.tstest</TestPath>
            <TestStepNumber Type="System.Int32">2</TestStepNumber>
            <Order Type="System.Int32">3</Order>
            <LogMessageOnError Type="System.String">
            </LogMessageOnError>
          </Item>
          <Item Type="ArtOfTest.WebAii.Design.AutomationStepResult" Version="2011.1.729.0">
            <ResultType Type="ArtOfTest.Common.Design.ResultType">Pass</ResultType>
            <StepDescription Type="System.String">Verify textbox 'Text' content 'Contains' 'Item 2'.</StepDescription>
            <TestId Type="System.String">f1b99097-ab32-4274-a4a5-8d03fb4b4c6f</TestId>
            <TestName Type="System.String">ChangeValueInput</TestName>
            <TestPath Type="System.String">UIWidgets\ComboBox\BasicUsage\ChangeValueInput.tstest</TestPath>
            <TestStepNumber Type="System.Int32">3</TestStepNumber>
            <Order Type="System.Int32">4</Order>
            <LogMessageOnError Type="System.String">
            </LogMessageOnError>
          </Item>
        </AutomationStepResults>
        <NotRunStepDescriptions />
        <PerStepMessages Type="System.String">Overall Result: Pass
------------------------------------------------------------
'8/10/2011 9:22:54 AM' - Starting execution....
------------------------------------------------------------
'8/10/2011 9:22:57 AM' - 'Pass' : 1. Navigate to : '/combobox/index.html'
'8/10/2011 9:22:57 AM' - 'Pass' : 2. Click 'SelectSpan'
'8/10/2011 9:22:57 AM' - 'Pass' : 3. Click 'Item2ListItem'
'8/10/2011 9:22:57 AM' - 'Pass' : 4. Verify textbox 'Text' content 'Contains' 'Item 2'.
------------------------------------------------------------
'8/10/2011 9:22:57 AM' - Overall Result: Pass
'8/10/2011 9:22:57 AM' - Duration: [0 min: 1 sec: 183 msec]
------------------------------------------------------------
'8/10/2011 9:22:57 AM' - Test completed!
</PerStepMessages>
        <TotalNumberOfPassedSteps Type="System.Int32">4</TotalNumberOfPassedSteps>
        <ExecutingTestStepCount Type="System.Int32">4</ExecutingTestStepCount>
        <TotalNumberOfNotRunSteps Type="System.Int32">0</TotalNumberOfNotRunSteps>
        <IsDataDrivenResult Type="System.Boolean">False</IsDataDrivenResult>
        <SeparatorLineCharCount Type="System.Int32">60</SeparatorLineCharCount>
        <ExecutionType Type="ArtOfTest.Common.Design.ExecutionType">QuickExecution</ExecutionType>
        <EndTime Type="System.DateTime">2011-08-10 06:22:57Z</EndTime>
        <StarTime Type="System.DateTime">2011-08-10 06:22:56Z</StarTime>
        <DataIterationResults />
      </WebAiiTestResult>
    </WebAiiTestResult>
    <WebAiiTestResult executionId="cb4fffac-945d-43c9-a4b7-def58d50693c" testId="e297cdda-5608-4e27-ae19-fbf10e3a834f" testName="SetTwoValuesRevertToBlank" computerName="AGGEORGIEV" duration="00:00:13.4152335" startTime="2011-08-10T09:23:01.6978089+03:00" endTime="2011-08-10T09:23:15.1165259+03:00" testType="c4241296-3c6e-46b1-bf92-e0bd3e0eb017" outcome="Passed" testListId="8c84fa94-04c1-424b-9868-57a2d4851a1d" relativeResultsDirectory="cb4fffac-945d-43c9-a4b7-def58d50693c" xmlns="http://artoftest.com/schemas/WebAiiDesignCanvas/1.0.0">
      <Output xmlns="http://microsoft.com/schemas/VisualStudio/TeamTest/2010">
        <ErrorInfo>
          <Message>Overall Result: Pass
------------------------------------------------------------
'8/10/2011 9:23:01 AM' - Starting execution....
------------------------------------------------------------
'8/10/2011 9:23:03 AM' - 'Pass' : 1. Navigate to : '/autocomplete/index.html'
'8/10/2011 9:23:07 AM' - 'Pass' : 2. Set 'InputText' text to '12 Angry Men, In'
'8/10/2011 9:23:07 AM' - 'Pass' : 3. Click 'InceptionListItem'
'8/10/2011 9:23:08 AM' - 'Pass' : 4. Verify textbox 'InputText' content 'Same' '12 Angry Men, Inception, '.
'8/10/2011 9:23:08 AM' - 'Pass' : 5. Keyboard (KeyPress) - Ctrl+A (1 times) on 'InputText'
'8/10/2011 9:23:08 AM' - 'Pass' : 6. Keyboard (KeyPress) - Del (1 times) on 'InputText'
'8/10/2011 9:23:08 AM' - 'Pass' : 7. Click 'ExampleDiv'
'8/10/2011 9:23:09 AM' - 'Pass' : 8. Verify textbox 'InputText' content 'Same' ''.
------------------------------------------------------------
'8/10/2011 9:23:09 AM' - Overall Result: Pass
'8/10/2011 9:23:09 AM' - Duration: [0 min: 5 sec: 883 msec]
------------------------------------------------------------
'8/10/2011 9:23:09 AM' - Test completed!
</Message>
        </ErrorInfo>
      </Output>
      <WebAiiTestResult Type="ArtOfTest.WebAii.Design.Execution.TestResult" Version="2011.1.729.0" xmlns="">
        <TestId Type="System.String">e297cdda-5608-4e27-ae19-fbf10e3a834f</TestId>
        <TestName Type="System.String">SetTwoValuesRevertToBlank</TestName>
        <TestPath Type="System.String">UIWidgets\AutoComplete\BasicUsage\SetTwoValuesRevertToBlank.tstest</TestPath>
        <ProjectPath Type="System.String">
        </ProjectPath>
        <ResultType Type="ArtOfTest.Common.Design.ResultType">Pass</ResultType>
        <AutomationStepResults>
          <Item Type="ArtOfTest.WebAii.Design.AutomationStepResult" Version="2011.1.729.0">
            <ResultType Type="ArtOfTest.Common.Design.ResultType">Pass</ResultType>
            <StepDescription Type="System.String">Navigate to : '/autocomplete/index.html'</StepDescription>
            <TestId Type="System.String">e297cdda-5608-4e27-ae19-fbf10e3a834f</TestId>
            <TestName Type="System.String">SetTwoValuesRevertToBlank</TestName>
            <TestPath Type="System.String">UIWidgets\AutoComplete\BasicUsage\SetTwoValuesRevertToBlank.tstest</TestPath>
            <TestStepNumber Type="System.Int32">0</TestStepNumber>
            <Order Type="System.Int32">1</Order>
            <LogMessageOnError Type="System.String">
            </LogMessageOnError>
          </Item>
          <Item Type="ArtOfTest.WebAii.Design.AutomationStepResult" Version="2011.1.729.0">
            <ResultType Type="ArtOfTest.Common.Design.ResultType">Pass</ResultType>
            <StepDescription Type="System.String">Set 'InputText' text to '12 Angry Men, In'</StepDescription>
            <TestId Type="System.String">e297cdda-5608-4e27-ae19-fbf10e3a834f</TestId>
            <TestName Type="System.String">SetTwoValuesRevertToBlank</TestName>
            <TestPath Type="System.String">UIWidgets\AutoComplete\BasicUsage\SetTwoValuesRevertToBlank.tstest</TestPath>
            <TestStepNumber Type="System.Int32">1</TestStepNumber>
            <Order Type="System.Int32">2</Order>
            <LogMessageOnError Type="System.String">
            </LogMessageOnError>
          </Item>
          <Item Type="ArtOfTest.WebAii.Design.AutomationStepResult" Version="2011.1.729.0">
            <ResultType Type="ArtOfTest.Common.Design.ResultType">Pass</ResultType>
            <StepDescription Type="System.String">Click 'InceptionListItem'</StepDescription>
            <TestId Type="System.String">e297cdda-5608-4e27-ae19-fbf10e3a834f</TestId>
            <TestName Type="System.String">SetTwoValuesRevertToBlank</TestName>
            <TestPath Type="System.String">UIWidgets\AutoComplete\BasicUsage\SetTwoValuesRevertToBlank.tstest</TestPath>
            <TestStepNumber Type="System.Int32">2</TestStepNumber>
            <Order Type="System.Int32">3</Order>
            <LogMessageOnError Type="System.String">
            </LogMessageOnError>
          </Item>
          <Item Type="ArtOfTest.WebAii.Design.AutomationStepResult" Version="2011.1.729.0">
            <ResultType Type="ArtOfTest.Common.Design.ResultType">Pass</ResultType>
            <StepDescription Type="System.String">Verify textbox 'InputText' content 'Same' '12 Angry Men, Inception, '.</StepDescription>
            <TestId Type="System.String">e297cdda-5608-4e27-ae19-fbf10e3a834f</TestId>
            <TestName Type="System.String">SetTwoValuesRevertToBlank</TestName>
            <TestPath Type="System.String">UIWidgets\AutoComplete\BasicUsage\SetTwoValuesRevertToBlank.tstest</TestPath>
            <TestStepNumber Type="System.Int32">3</TestStepNumber>
            <Order Type="System.Int32">4</Order>
            <LogMessageOnError Type="System.String">
            </LogMessageOnError>
          </Item>
          <Item Type="ArtOfTest.WebAii.Design.AutomationStepResult" Version="2011.1.729.0">
            <ResultType Type="ArtOfTest.Common.Design.ResultType">Pass</ResultType>
            <StepDescription Type="System.String">Keyboard (KeyPress) - Ctrl+A (1 times) on 'InputText'</StepDescription>
            <TestId Type="System.String">e297cdda-5608-4e27-ae19-fbf10e3a834f</TestId>
            <TestName Type="System.String">SetTwoValuesRevertToBlank</TestName>
            <TestPath Type="System.String">UIWidgets\AutoComplete\BasicUsage\SetTwoValuesRevertToBlank.tstest</TestPath>
            <TestStepNumber Type="System.Int32">4</TestStepNumber>
            <Order Type="System.Int32">5</Order>
            <LogMessageOnError Type="System.String">
            </LogMessageOnError>
          </Item>
          <Item Type="ArtOfTest.WebAii.Design.AutomationStepResult" Version="2011.1.729.0">
            <ResultType Type="ArtOfTest.Common.Design.ResultType">Pass</ResultType>
            <StepDescription Type="System.String">Keyboard (KeyPress) - Del (1 times) on 'InputText'</StepDescription>
            <TestId Type="System.String">e297cdda-5608-4e27-ae19-fbf10e3a834f</TestId>
            <TestName Type="System.String">SetTwoValuesRevertToBlank</TestName>
            <TestPath Type="System.String">UIWidgets\AutoComplete\BasicUsage\SetTwoValuesRevertToBlank.tstest</TestPath>
            <TestStepNumber Type="System.Int32">5</TestStepNumber>
            <Order Type="System.Int32">6</Order>
            <LogMessageOnError Type="System.String">
            </LogMessageOnError>
          </Item>
          <Item Type="ArtOfTest.WebAii.Design.AutomationStepResult" Version="2011.1.729.0">
            <ResultType Type="ArtOfTest.Common.Design.ResultType">Pass</ResultType>
            <StepDescription Type="System.String">Click 'ExampleDiv'</StepDescription>
            <TestId Type="System.String">e297cdda-5608-4e27-ae19-fbf10e3a834f</TestId>
            <TestName Type="System.String">SetTwoValuesRevertToBlank</TestName>
            <TestPath Type="System.String">UIWidgets\AutoComplete\BasicUsage\SetTwoValuesRevertToBlank.tstest</TestPath>
            <TestStepNumber Type="System.Int32">6</TestStepNumber>
            <Order Type="System.Int32">7</Order>
            <LogMessageOnError Type="System.String">
            </LogMessageOnError>
          </Item>
          <Item Type="ArtOfTest.WebAii.Design.AutomationStepResult" Version="2011.1.729.0">
            <ResultType Type="ArtOfTest.Common.Design.ResultType">Pass</ResultType>
            <StepDescription Type="System.String">Verify textbox 'InputText' content 'Same' ''.</StepDescription>
            <TestId Type="System.String">e297cdda-5608-4e27-ae19-fbf10e3a834f</TestId>
            <TestName Type="System.String">SetTwoValuesRevertToBlank</TestName>
            <TestPath Type="System.String">UIWidgets\AutoComplete\BasicUsage\SetTwoValuesRevertToBlank.tstest</TestPath>
            <TestStepNumber Type="System.Int32">7</TestStepNumber>
            <Order Type="System.Int32">8</Order>
            <LogMessageOnError Type="System.String">
            </LogMessageOnError>
          </Item>
        </AutomationStepResults>
        <NotRunStepDescriptions />
        <PerStepMessages Type="System.String">Overall Result: Pass
------------------------------------------------------------
'8/10/2011 9:23:01 AM' - Starting execution....
------------------------------------------------------------
'8/10/2011 9:23:03 AM' - 'Pass' : 1. Navigate to : '/autocomplete/index.html'
'8/10/2011 9:23:07 AM' - 'Pass' : 2. Set 'InputText' text to '12 Angry Men, In'
'8/10/2011 9:23:07 AM' - 'Pass' : 3. Click 'InceptionListItem'
'8/10/2011 9:23:08 AM' - 'Pass' : 4. Verify textbox 'InputText' content 'Same' '12 Angry Men, Inception, '.
'8/10/2011 9:23:08 AM' - 'Pass' : 5. Keyboard (KeyPress) - Ctrl+A (1 times) on 'InputText'
'8/10/2011 9:23:08 AM' - 'Pass' : 6. Keyboard (KeyPress) - Del (1 times) on 'InputText'
'8/10/2011 9:23:08 AM' - 'Pass' : 7. Click 'ExampleDiv'
'8/10/2011 9:23:09 AM' - 'Pass' : 8. Verify textbox 'InputText' content 'Same' ''.
------------------------------------------------------------
'8/10/2011 9:23:09 AM' - Overall Result: Pass
'8/10/2011 9:23:09 AM' - Duration: [0 min: 5 sec: 883 msec]
------------------------------------------------------------
'8/10/2011 9:23:09 AM' - Test completed!
</PerStepMessages>
        <TotalNumberOfPassedSteps Type="System.Int32">8</TotalNumberOfPassedSteps>
        <ExecutingTestStepCount Type="System.Int32">8</ExecutingTestStepCount>
        <TotalNumberOfNotRunSteps Type="System.Int32">0</TotalNumberOfNotRunSteps>
        <IsDataDrivenResult Type="System.Boolean">False</IsDataDrivenResult>
        <SeparatorLineCharCount Type="System.Int32">60</SeparatorLineCharCount>
        <ExecutionType Type="ArtOfTest.Common.Design.ExecutionType">QuickExecution</ExecutionType>
        <EndTime Type="System.DateTime">2011-08-10 06:23:09Z</EndTime>
        <StarTime Type="System.DateTime">2011-08-10 06:23:03Z</StarTime>
        <DataIterationResults />
      </WebAiiTestResult>
    </WebAiiTestResult>
    <WebAiiTestResult executionId="75144814-a83d-4e7f-af42-6036b0ec24bf" testId="14f36260-63c4-4038-8b02-22537d776770" testName="NotClosedOnClick" computerName="AGGEORGIEV" duration="00:00:27.6783194" startTime="2011-08-10T09:23:15.1165259+03:00" endTime="2011-08-10T09:23:42.7934912+03:00" testType="c4241296-3c6e-46b1-bf92-e0bd3e0eb017" outcome="Passed" testListId="8c84fa94-04c1-424b-9868-57a2d4851a1d" relativeResultsDirectory="75144814-a83d-4e7f-af42-6036b0ec24bf" xmlns="http://artoftest.com/schemas/WebAiiDesignCanvas/1.0.0">
      <Output xmlns="http://microsoft.com/schemas/VisualStudio/TeamTest/2010">
        <ErrorInfo>
          <Message>Overall Result: Pass
------------------------------------------------------------
'8/10/2011 9:23:15 AM' - Starting execution....
'8/10/2011 9:23:16 AM' - Detected custom code in test. Locating test assembly: KendoDemosTests.dll.
'8/10/2011 9:23:16 AM' - Assembly Found: C:\work\GitHub\kendo\functional-tests\KendoDemosTests\TestResults\aggeorgiev_AGGEORGIEV 2011-08-10 09_21_54\Out\KendoDemosTests.dll
'8/10/2011 9:23:16 AM' - Loading code class: 'KendoDemosTests.UIWidgets.Menu.BasicUsage.NotClosedOnClick'.
------------------------------------------------------------
'8/10/2011 9:23:17 AM' - 'Pass' : 1. Navigate to : '/menu/index.html'
'8/10/2011 9:23:17 AM' - 'Pass' : 2. Invoke 'OnMouseOver' event on 'FirstItemSpan'
'8/10/2011 9:23:18 AM' - 'Pass' : 3. [NotClosedOnClick_CodedStep] : @"Wait for Exists 'ViewCodeLink'
'8/10/2011 9:23:18 AM' - 'Pass' : 4. Click 'FirstItemSpan'
'8/10/2011 9:23:18 AM' - 'Pass' : 5. Wait for '250' msec.
'8/10/2011 9:23:18 AM' - 'Pass' : 6. Click 'FirstItemSpan'
'8/10/2011 9:23:18 AM' - 'Pass' : 7. [NotClosedOnClick_CodedStep1] : @"@\Wait for Exists 'ViewCodeLink'
------------------------------------------------------------
'8/10/2011 9:23:18 AM' - Overall Result: Pass
'8/10/2011 9:23:18 AM' - Duration: [0 min: 1 sec: 982 msec]
------------------------------------------------------------
'8/10/2011 9:23:18 AM' - Test completed!
</Message>
        </ErrorInfo>
      </Output>
      <WebAiiTestResult Type="ArtOfTest.WebAii.Design.Execution.TestResult" Version="2011.1.729.0" xmlns="">
        <TestId Type="System.String">14f36260-63c4-4038-8b02-22537d776770</TestId>
        <TestName Type="System.String">NotClosedOnClick</TestName>
        <TestPath Type="System.String">UIWidgets\Menu\BasicUsage\NotClosedOnClick.tstest</TestPath>
        <ProjectPath Type="System.String">
        </ProjectPath>
        <ResultType Type="ArtOfTest.Common.Design.ResultType">Pass</ResultType>
        <AutomationStepResults>
          <Item Type="ArtOfTest.WebAii.Design.AutomationStepResult" Version="2011.1.729.0">
            <ResultType Type="ArtOfTest.Common.Design.ResultType">Pass</ResultType>
            <StepDescription Type="System.String">Navigate to : '/menu/index.html'</StepDescription>
            <TestId Type="System.String">14f36260-63c4-4038-8b02-22537d776770</TestId>
            <TestName Type="System.String">NotClosedOnClick</TestName>
            <TestPath Type="System.String">UIWidgets\Menu\BasicUsage\NotClosedOnClick.tstest</TestPath>
            <TestStepNumber Type="System.Int32">0</TestStepNumber>
            <Order Type="System.Int32">1</Order>
            <LogMessageOnError Type="System.String">
            </LogMessageOnError>
          </Item>
          <Item Type="ArtOfTest.WebAii.Design.AutomationStepResult" Version="2011.1.729.0">
            <ResultType Type="ArtOfTest.Common.Design.ResultType">Pass</ResultType>
            <StepDescription Type="System.String">Invoke 'OnMouseOver' event on 'FirstItemSpan'</StepDescription>
            <TestId Type="System.String">14f36260-63c4-4038-8b02-22537d776770</TestId>
            <TestName Type="System.String">NotClosedOnClick</TestName>
            <TestPath Type="System.String">UIWidgets\Menu\BasicUsage\NotClosedOnClick.tstest</TestPath>
            <TestStepNumber Type="System.Int32">1</TestStepNumber>
            <Order Type="System.Int32">2</Order>
            <LogMessageOnError Type="System.String">
            </LogMessageOnError>
          </Item>
          <Item Type="ArtOfTest.WebAii.Design.AutomationStepResult" Version="2011.1.729.0">
            <ResultType Type="ArtOfTest.Common.Design.ResultType">Pass</ResultType>
            <StepDescription Type="System.String">[NotClosedOnClick_CodedStep] : @"Wait for Exists 'ViewCodeLink'</StepDescription>
            <TestId Type="System.String">14f36260-63c4-4038-8b02-22537d776770</TestId>
            <TestName Type="System.String">NotClosedOnClick</TestName>
            <TestPath Type="System.String">UIWidgets\Menu\BasicUsage\NotClosedOnClick.tstest</TestPath>
            <TestStepNumber Type="System.Int32">2</TestStepNumber>
            <Order Type="System.Int32">3</Order>
            <LogMessageOnError Type="System.String">
            </LogMessageOnError>
          </Item>
          <Item Type="ArtOfTest.WebAii.Design.AutomationStepResult" Version="2011.1.729.0">
            <ResultType Type="ArtOfTest.Common.Design.ResultType">Pass</ResultType>
            <StepDescription Type="System.String">Click 'FirstItemSpan'</StepDescription>
            <TestId Type="System.String">14f36260-63c4-4038-8b02-22537d776770</TestId>
            <TestName Type="System.String">NotClosedOnClick</TestName>
            <TestPath Type="System.String">UIWidgets\Menu\BasicUsage\NotClosedOnClick.tstest</TestPath>
            <TestStepNumber Type="System.Int32">3</TestStepNumber>
            <Order Type="System.Int32">4</Order>
            <LogMessageOnError Type="System.String">
            </LogMessageOnError>
          </Item>
          <Item Type="ArtOfTest.WebAii.Design.AutomationStepResult" Version="2011.1.729.0">
            <ResultType Type="ArtOfTest.Common.Design.ResultType">Pass</ResultType>
            <StepDescription Type="System.String">Wait for '250' msec.</StepDescription>
            <TestId Type="System.String">14f36260-63c4-4038-8b02-22537d776770</TestId>
            <TestName Type="System.String">NotClosedOnClick</TestName>
            <TestPath Type="System.String">UIWidgets\Menu\BasicUsage\NotClosedOnClick.tstest</TestPath>
            <TestStepNumber Type="System.Int32">4</TestStepNumber>
            <Order Type="System.Int32">5</Order>
            <LogMessageOnError Type="System.String">
            </LogMessageOnError>
          </Item>
          <Item Type="ArtOfTest.WebAii.Design.AutomationStepResult" Version="2011.1.729.0">
            <ResultType Type="ArtOfTest.Common.Design.ResultType">Pass</ResultType>
            <StepDescription Type="System.String">Click 'FirstItemSpan'</StepDescription>
            <TestId Type="System.String">14f36260-63c4-4038-8b02-22537d776770</TestId>
            <TestName Type="System.String">NotClosedOnClick</TestName>
            <TestPath Type="System.String">UIWidgets\Menu\BasicUsage\NotClosedOnClick.tstest</TestPath>
            <TestStepNumber Type="System.Int32">5</TestStepNumber>
            <Order Type="System.Int32">6</Order>
            <LogMessageOnError Type="System.String">
            </LogMessageOnError>
          </Item>
          <Item Type="ArtOfTest.WebAii.Design.AutomationStepResult" Version="2011.1.729.0">
            <ResultType Type="ArtOfTest.Common.Design.ResultType">Pass</ResultType>
            <StepDescription Type="System.String">[NotClosedOnClick_CodedStep1] : @"@\Wait for Exists 'ViewCodeLink'</StepDescription>
            <TestId Type="System.String">14f36260-63c4-4038-8b02-22537d776770</TestId>
            <TestName Type="System.String">NotClosedOnClick</TestName>
            <TestPath Type="System.String">UIWidgets\Menu\BasicUsage\NotClosedOnClick.tstest</TestPath>
            <TestStepNumber Type="System.Int32">6</TestStepNumber>
            <Order Type="System.Int32">7</Order>
            <LogMessageOnError Type="System.String">
            </LogMessageOnError>
          </Item>
        </AutomationStepResults>
        <NotRunStepDescriptions />
        <PerStepMessages Type="System.String">Overall Result: Pass
------------------------------------------------------------
'8/10/2011 9:23:15 AM' - Starting execution....
'8/10/2011 9:23:16 AM' - Detected custom code in test. Locating test assembly: KendoDemosTests.dll.
'8/10/2011 9:23:16 AM' - Assembly Found: C:\work\GitHub\kendo\functional-tests\KendoDemosTests\TestResults\aggeorgiev_AGGEORGIEV 2011-08-10 09_21_54\Out\KendoDemosTests.dll
'8/10/2011 9:23:16 AM' - Loading code class: 'KendoDemosTests.UIWidgets.Menu.BasicUsage.NotClosedOnClick'.
------------------------------------------------------------
'8/10/2011 9:23:17 AM' - 'Pass' : 1. Navigate to : '/menu/index.html'
'8/10/2011 9:23:17 AM' - 'Pass' : 2. Invoke 'OnMouseOver' event on 'FirstItemSpan'
'8/10/2011 9:23:18 AM' - 'Pass' : 3. [NotClosedOnClick_CodedStep] : @"Wait for Exists 'ViewCodeLink'
'8/10/2011 9:23:18 AM' - 'Pass' : 4. Click 'FirstItemSpan'
'8/10/2011 9:23:18 AM' - 'Pass' : 5. Wait for '250' msec.
'8/10/2011 9:23:18 AM' - 'Pass' : 6. Click 'FirstItemSpan'
'8/10/2011 9:23:18 AM' - 'Pass' : 7. [NotClosedOnClick_CodedStep1] : @"@\Wait for Exists 'ViewCodeLink'
------------------------------------------------------------
'8/10/2011 9:23:18 AM' - Overall Result: Pass
'8/10/2011 9:23:18 AM' - Duration: [0 min: 1 sec: 982 msec]
------------------------------------------------------------
'8/10/2011 9:23:18 AM' - Test completed!
</PerStepMessages>
        <TotalNumberOfPassedSteps Type="System.Int32">7</TotalNumberOfPassedSteps>
        <ExecutingTestStepCount Type="System.Int32">7</ExecutingTestStepCount>
        <TotalNumberOfNotRunSteps Type="System.Int32">0</TotalNumberOfNotRunSteps>
        <IsDataDrivenResult Type="System.Boolean">False</IsDataDrivenResult>
        <SeparatorLineCharCount Type="System.Int32">60</SeparatorLineCharCount>
        <ExecutionType Type="ArtOfTest.Common.Design.ExecutionType">QuickExecution</ExecutionType>
        <EndTime Type="System.DateTime">2011-08-10 06:23:18Z</EndTime>
        <StarTime Type="System.DateTime">2011-08-10 06:23:16Z</StarTime>
        <DataIterationResults />
      </WebAiiTestResult>
    </WebAiiTestResult>
    <WebAiiTestResult executionId="6f318305-9f37-4194-a07e-818a92f9be24" testId="4ddbacf3-93f2-40ae-9f01-610c591d49b6" testName="Events" computerName="AGGEORGIEV" duration="00:00:07.3448630" startTime="2011-08-10T09:23:42.7934912+03:00" endTime="2011-08-10T09:23:50.1387754+03:00" testType="c4241296-3c6e-46b1-bf92-e0bd3e0eb017" outcome="Passed" testListId="8c84fa94-04c1-424b-9868-57a2d4851a1d" relativeResultsDirectory="6f318305-9f37-4194-a07e-818a92f9be24" xmlns="http://artoftest.com/schemas/WebAiiDesignCanvas/1.0.0">
      <Output xmlns="http://microsoft.com/schemas/VisualStudio/TeamTest/2010">
        <ErrorInfo>
          <Message>Overall Result: Pass
------------------------------------------------------------
'8/10/2011 9:23:42 AM' - Starting execution....
------------------------------------------------------------
'8/10/2011 9:23:45 AM' - 'Pass' : 1. Navigate to : 'http://aggeorgiev/kendo/live/grid/events.html'
'8/10/2011 9:23:45 AM' - 'Pass' : 2. Click 'NigeTableCell'
'8/10/2011 9:23:45 AM' - 'Pass' : 3. Verify 'TextContent' 'Contains' 'Selected: 1 item(s)' on 'Selected1Div'
'8/10/2011 9:23:46 AM' - 'Pass' : 4. Wait for '500' msec.
'8/10/2011 9:23:46 AM' - 'Pass' : 5. Click 'FirstNameLink'
'8/10/2011 9:23:46 AM' - 'Pass' : 6. Verify 'TextContent' 'Contains' 'Grid data bound' on 'GridDataBoundDiv'
'8/10/2011 9:23:46 AM' - 'Pass' : 7. Click 'NigeTableCell'
'8/10/2011 9:23:47 AM' - 'Pass' : 8. Shift + Click 'AndrewTableCell'
'8/10/2011 9:23:47 AM' - 'NotRun' : 9. Verify 'TextContent' 'Contains' 'Selected: 4 item(s), ' on 'Selected4Div'
'8/10/2011 9:23:48 AM' - 'Pass' : 10. Wait for '500' msec.
'8/10/2011 9:23:48 AM' - 'Pass' : 11. Click 'x2Link'
'8/10/2011 9:23:48 AM' - 'Pass' : 12. Verify 'TextContent' 'Contains' 'Grid data bound' on 'GridDataBoundDiv0'
------------------------------------------------------------
'8/10/2011 9:23:48 AM' - Overall Result: Pass
'8/10/2011 9:23:48 AM' - Duration: [0 min: 4 sec: 237 msec]
------------------------------------------------------------
'8/10/2011 9:23:48 AM' - Test completed!
</Message>
        </ErrorInfo>
      </Output>
      <WebAiiTestResult Type="ArtOfTest.WebAii.Design.Execution.TestResult" Version="2011.1.729.0" xmlns="">
        <TestId Type="System.String">4ddbacf3-93f2-40ae-9f01-610c591d49b6</TestId>
        <TestName Type="System.String">Events</TestName>
        <TestPath Type="System.String">UIWidgets\Grid\Events\Events.tstest</TestPath>
        <ProjectPath Type="System.String">
        </ProjectPath>
        <ResultType Type="ArtOfTest.Common.Design.ResultType">Pass</ResultType>
        <AutomationStepResults>
          <Item Type="ArtOfTest.WebAii.Design.AutomationStepResult" Version="2011.1.729.0">
            <ResultType Type="ArtOfTest.Common.Design.ResultType">Pass</ResultType>
            <StepDescription Type="System.String">Navigate to : 'http://aggeorgiev/kendo/live/grid/events.html'</StepDescription>
            <TestId Type="System.String">4ddbacf3-93f2-40ae-9f01-610c591d49b6</TestId>
            <TestName Type="System.String">Events</TestName>
            <TestPath Type="System.String">UIWidgets\Grid\Events\Events.tstest</TestPath>
            <TestStepNumber Type="System.Int32">0</TestStepNumber>
            <Order Type="System.Int32">1</Order>
            <LogMessageOnError Type="System.String">
            </LogMessageOnError>
          </Item>
          <Item Type="ArtOfTest.WebAii.Design.AutomationStepResult" Version="2011.1.729.0">
            <ResultType Type="ArtOfTest.Common.Design.ResultType">Pass</ResultType>
            <StepDescription Type="System.String">Click 'NigeTableCell'</StepDescription>
            <TestId Type="System.String">4ddbacf3-93f2-40ae-9f01-610c591d49b6</TestId>
            <TestName Type="System.String">Events</TestName>
            <TestPath Type="System.String">UIWidgets\Grid\Events\Events.tstest</TestPath>
            <TestStepNumber Type="System.Int32">1</TestStepNumber>
            <Order Type="System.Int32">2</Order>
            <LogMessageOnError Type="System.String">
            </LogMessageOnError>
          </Item>
          <Item Type="ArtOfTest.WebAii.Design.AutomationStepResult" Version="2011.1.729.0">
            <ResultType Type="ArtOfTest.Common.Design.ResultType">Pass</ResultType>
            <StepDescription Type="System.String">Verify 'TextContent' 'Contains' 'Selected: 1 item(s)' on 'Selected1Div'</StepDescription>
            <TestId Type="System.String">4ddbacf3-93f2-40ae-9f01-610c591d49b6</TestId>
            <TestName Type="System.String">Events</TestName>
            <TestPath Type="System.String">UIWidgets\Grid\Events\Events.tstest</TestPath>
            <TestStepNumber Type="System.Int32">2</TestStepNumber>
            <Order Type="System.Int32">3</Order>
            <LogMessageOnError Type="System.String">
            </LogMessageOnError>
          </Item>
          <Item Type="ArtOfTest.WebAii.Design.AutomationStepResult" Version="2011.1.729.0">
            <ResultType Type="ArtOfTest.Common.Design.ResultType">Pass</ResultType>
            <StepDescription Type="System.String">Wait for '500' msec.</StepDescription>
            <TestId Type="System.String">4ddbacf3-93f2-40ae-9f01-610c591d49b6</TestId>
            <TestName Type="System.String">Events</TestName>
            <TestPath Type="System.String">UIWidgets\Grid\Events\Events.tstest</TestPath>
            <TestStepNumber Type="System.Int32">3</TestStepNumber>
            <Order Type="System.Int32">4</Order>
            <LogMessageOnError Type="System.String">
            </LogMessageOnError>
          </Item>
          <Item Type="ArtOfTest.WebAii.Design.AutomationStepResult" Version="2011.1.729.0">
            <ResultType Type="ArtOfTest.Common.Design.ResultType">Pass</ResultType>
            <StepDescription Type="System.String">Click 'FirstNameLink'</StepDescription>
            <TestId Type="System.String">4ddbacf3-93f2-40ae-9f01-610c591d49b6</TestId>
            <TestName Type="System.String">Events</TestName>
            <TestPath Type="System.String">UIWidgets\Grid\Events\Events.tstest</TestPath>
            <TestStepNumber Type="System.Int32">4</TestStepNumber>
            <Order Type="System.Int32">5</Order>
            <LogMessageOnError Type="System.String">
            </LogMessageOnError>
          </Item>
          <Item Type="ArtOfTest.WebAii.Design.AutomationStepResult" Version="2011.1.729.0">
            <ResultType Type="ArtOfTest.Common.Design.ResultType">Pass</ResultType>
            <StepDescription Type="System.String">Verify 'TextContent' 'Contains' 'Grid data bound' on 'GridDataBoundDiv'</StepDescription>
            <TestId Type="System.String">4ddbacf3-93f2-40ae-9f01-610c591d49b6</TestId>
            <TestName Type="System.String">Events</TestName>
            <TestPath Type="System.String">UIWidgets\Grid\Events\Events.tstest</TestPath>
            <TestStepNumber Type="System.Int32">5</TestStepNumber>
            <Order Type="System.Int32">6</Order>
            <LogMessageOnError Type="System.String">
            </LogMessageOnError>
          </Item>
          <Item Type="ArtOfTest.WebAii.Design.AutomationStepResult" Version="2011.1.729.0">
            <ResultType Type="ArtOfTest.Common.Design.ResultType">Pass</ResultType>
            <StepDescription Type="System.String">Click 'NigeTableCell'</StepDescription>
            <TestId Type="System.String">4ddbacf3-93f2-40ae-9f01-610c591d49b6</TestId>
            <TestName Type="System.String">Events</TestName>
            <TestPath Type="System.String">UIWidgets\Grid\Events\Events.tstest</TestPath>
            <TestStepNumber Type="System.Int32">6</TestStepNumber>
            <Order Type="System.Int32">7</Order>
            <LogMessageOnError Type="System.String">
            </LogMessageOnError>
          </Item>
          <Item Type="ArtOfTest.WebAii.Design.AutomationStepResult" Version="2011.1.729.0">
            <ResultType Type="ArtOfTest.Common.Design.ResultType">Pass</ResultType>
            <StepDescription Type="System.String">Shift + Click 'AndrewTableCell'</StepDescription>
            <TestId Type="System.String">4ddbacf3-93f2-40ae-9f01-610c591d49b6</TestId>
            <TestName Type="System.String">Events</TestName>
            <TestPath Type="System.String">UIWidgets\Grid\Events\Events.tstest</TestPath>
            <TestStepNumber Type="System.Int32">7</TestStepNumber>
            <Order Type="System.Int32">8</Order>
            <LogMessageOnError Type="System.String">
            </LogMessageOnError>
          </Item>
          <Item Type="ArtOfTest.WebAii.Design.AutomationStepResult" Version="2011.1.729.0">
            <ResultType Type="ArtOfTest.Common.Design.ResultType">NotRun</ResultType>
            <StepDescription Type="System.String">Verify 'TextContent' 'Contains' 'Selected: 4 item(s), ' on 'Selected4Div'</StepDescription>
            <TestId Type="System.String">4ddbacf3-93f2-40ae-9f01-610c591d49b6</TestId>
            <TestName Type="System.String">Events</TestName>
            <TestPath Type="System.String">UIWidgets\Grid\Events\Events.tstest</TestPath>
            <TestStepNumber Type="System.Int32">8</TestStepNumber>
            <Order Type="System.Int32">9</Order>
            <LogMessageOnError Type="System.String">
            </LogMessageOnError>
          </Item>
          <Item Type="ArtOfTest.WebAii.Design.AutomationStepResult" Version="2011.1.729.0">
            <ResultType Type="ArtOfTest.Common.Design.ResultType">Pass</ResultType>
            <StepDescription Type="System.String">Wait for '500' msec.</StepDescription>
            <TestId Type="System.String">4ddbacf3-93f2-40ae-9f01-610c591d49b6</TestId>
            <TestName Type="System.String">Events</TestName>
            <TestPath Type="System.String">UIWidgets\Grid\Events\Events.tstest</TestPath>
            <TestStepNumber Type="System.Int32">9</TestStepNumber>
            <Order Type="System.Int32">10</Order>
            <LogMessageOnError Type="System.String">
            </LogMessageOnError>
          </Item>
          <Item Type="ArtOfTest.WebAii.Design.AutomationStepResult" Version="2011.1.729.0">
            <ResultType Type="ArtOfTest.Common.Design.ResultType">Pass</ResultType>
            <StepDescription Type="System.String">Click 'x2Link'</StepDescription>
            <TestId Type="System.String">4ddbacf3-93f2-40ae-9f01-610c591d49b6</TestId>
            <TestName Type="System.String">Events</TestName>
            <TestPath Type="System.String">UIWidgets\Grid\Events\Events.tstest</TestPath>
            <TestStepNumber Type="System.Int32">10</TestStepNumber>
            <Order Type="System.Int32">11</Order>
            <LogMessageOnError Type="System.String">
            </LogMessageOnError>
          </Item>
          <Item Type="ArtOfTest.WebAii.Design.AutomationStepResult" Version="2011.1.729.0">
            <ResultType Type="ArtOfTest.Common.Design.ResultType">Pass</ResultType>
            <StepDescription Type="System.String">Verify 'TextContent' 'Contains' 'Grid data bound' on 'GridDataBoundDiv0'</StepDescription>
            <TestId Type="System.String">4ddbacf3-93f2-40ae-9f01-610c591d49b6</TestId>
            <TestName Type="System.String">Events</TestName>
            <TestPath Type="System.String">UIWidgets\Grid\Events\Events.tstest</TestPath>
            <TestStepNumber Type="System.Int32">11</TestStepNumber>
            <Order Type="System.Int32">12</Order>
            <LogMessageOnError Type="System.String">
            </LogMessageOnError>
          </Item>
        </AutomationStepResults>
        <NotRunStepDescriptions />
        <PerStepMessages Type="System.String">Overall Result: Pass
------------------------------------------------------------
'8/10/2011 9:23:42 AM' - Starting execution....
------------------------------------------------------------
'8/10/2011 9:23:45 AM' - 'Pass' : 1. Navigate to : 'http://aggeorgiev/kendo/live/grid/events.html'
'8/10/2011 9:23:45 AM' - 'Pass' : 2. Click 'NigeTableCell'
'8/10/2011 9:23:45 AM' - 'Pass' : 3. Verify 'TextContent' 'Contains' 'Selected: 1 item(s)' on 'Selected1Div'
'8/10/2011 9:23:46 AM' - 'Pass' : 4. Wait for '500' msec.
'8/10/2011 9:23:46 AM' - 'Pass' : 5. Click 'FirstNameLink'
'8/10/2011 9:23:46 AM' - 'Pass' : 6. Verify 'TextContent' 'Contains' 'Grid data bound' on 'GridDataBoundDiv'
'8/10/2011 9:23:46 AM' - 'Pass' : 7. Click 'NigeTableCell'
'8/10/2011 9:23:47 AM' - 'Pass' : 8. Shift + Click 'AndrewTableCell'
'8/10/2011 9:23:47 AM' - 'NotRun' : 9. Verify 'TextContent' 'Contains' 'Selected: 4 item(s), ' on 'Selected4Div'
'8/10/2011 9:23:48 AM' - 'Pass' : 10. Wait for '500' msec.
'8/10/2011 9:23:48 AM' - 'Pass' : 11. Click 'x2Link'
'8/10/2011 9:23:48 AM' - 'Pass' : 12. Verify 'TextContent' 'Contains' 'Grid data bound' on 'GridDataBoundDiv0'
------------------------------------------------------------
'8/10/2011 9:23:48 AM' - Overall Result: Pass
'8/10/2011 9:23:48 AM' - Duration: [0 min: 4 sec: 237 msec]
------------------------------------------------------------
'8/10/2011 9:23:48 AM' - Test completed!
</PerStepMessages>
        <TotalNumberOfPassedSteps Type="System.Int32">11</TotalNumberOfPassedSteps>
        <ExecutingTestStepCount Type="System.Int32">11</ExecutingTestStepCount>
        <TotalNumberOfNotRunSteps Type="System.Int32">1</TotalNumberOfNotRunSteps>
        <IsDataDrivenResult Type="System.Boolean">False</IsDataDrivenResult>
        <SeparatorLineCharCount Type="System.Int32">60</SeparatorLineCharCount>
        <ExecutionType Type="ArtOfTest.Common.Design.ExecutionType">QuickExecution</ExecutionType>
        <EndTime Type="System.DateTime">2011-08-10 06:23:48Z</EndTime>
        <StarTime Type="System.DateTime">2011-08-10 06:23:44Z</StarTime>
        <DataIterationResults />
      </WebAiiTestResult>
    </WebAiiTestResult>
    <WebAiiTestResult executionId="68622cbe-de87-408d-b889-12864075840f" testId="2a2681b2-602e-4af3-be55-b8516bc81e80" testName="GroupByAge" computerName="AGGEORGIEV" duration="00:00:41.4322559" startTime="2011-08-10T09:23:50.1387754+03:00" endTime="2011-08-10T09:24:31.5785700+03:00" testType="c4241296-3c6e-46b1-bf92-e0bd3e0eb017" outcome="Passed" testListId="8c84fa94-04c1-424b-9868-57a2d4851a1d" relativeResultsDirectory="68622cbe-de87-408d-b889-12864075840f" xmlns="http://artoftest.com/schemas/WebAiiDesignCanvas/1.0.0">
      <Output xmlns="http://microsoft.com/schemas/VisualStudio/TeamTest/2010">
        <ErrorInfo>
          <Message>Overall Result: Pass
------------------------------------------------------------
'8/10/2011 9:23:50 AM' - Starting execution....
------------------------------------------------------------
'8/10/2011 9:23:52 AM' - 'Pass' : 1. Navigate to : '/grid/index.html'
'8/10/2011 9:24:02 AM' - 'Pass' : 2. Desktop command: Drag &amp; Drop AgeLink to Window Target
'8/10/2011 9:24:02 AM' - 'NotRun' : 3. Desktop command: Drag &amp; Drop AgeLink to Window Target
'8/10/2011 9:24:02 AM' - 'Pass' : 4. Click 'IndexHtmlLink'
'8/10/2011 9:24:02 AM' - 'Pass' : 5. Verify 'TextContent' 'Contains' 'Age: 45' on 'Age45PTag'
------------------------------------------------------------
'8/10/2011 9:24:02 AM' - Overall Result: Pass
'8/10/2011 9:24:02 AM' - Duration: [0 min: 10 sec: 769 msec]
------------------------------------------------------------
'8/10/2011 9:24:02 AM' - Test completed!
</Message>
        </ErrorInfo>
      </Output>
      <WebAiiTestResult Type="ArtOfTest.WebAii.Design.Execution.TestResult" Version="2011.1.729.0" xmlns="">
        <TestId Type="System.String">2a2681b2-602e-4af3-be55-b8516bc81e80</TestId>
        <TestName Type="System.String">GroupByAge</TestName>
        <TestPath Type="System.String">UIWidgets\Grid\BasicUsage\GroupByAge.tstest</TestPath>
        <ProjectPath Type="System.String">
        </ProjectPath>
        <ResultType Type="ArtOfTest.Common.Design.ResultType">Pass</ResultType>
        <AutomationStepResults>
          <Item Type="ArtOfTest.WebAii.Design.AutomationStepResult" Version="2011.1.729.0">
            <ResultType Type="ArtOfTest.Common.Design.ResultType">Pass</ResultType>
            <StepDescription Type="System.String">Navigate to : '/grid/index.html'</StepDescription>
            <TestId Type="System.String">2a2681b2-602e-4af3-be55-b8516bc81e80</TestId>
            <TestName Type="System.String">GroupByAge</TestName>
            <TestPath Type="System.String">UIWidgets\Grid\BasicUsage\GroupByAge.tstest</TestPath>
            <TestStepNumber Type="System.Int32">0</TestStepNumber>
            <Order Type="System.Int32">1</Order>
            <LogMessageOnError Type="System.String">
            </LogMessageOnError>
          </Item>
          <Item Type="ArtOfTest.WebAii.Design.AutomationStepResult" Version="2011.1.729.0">
            <ResultType Type="ArtOfTest.Common.Design.ResultType">Pass</ResultType>
            <StepDescription Type="System.String">Desktop command: Drag &amp; Drop AgeLink to Window Target</StepDescription>
            <TestId Type="System.String">2a2681b2-602e-4af3-be55-b8516bc81e80</TestId>
            <TestName Type="System.String">GroupByAge</TestName>
            <TestPath Type="System.String">UIWidgets\Grid\BasicUsage\GroupByAge.tstest</TestPath>
            <TestStepNumber Type="System.Int32">1</TestStepNumber>
            <Order Type="System.Int32">2</Order>
            <LogMessageOnError Type="System.String">
            </LogMessageOnError>
          </Item>
          <Item Type="ArtOfTest.WebAii.Design.AutomationStepResult" Version="2011.1.729.0">
            <ResultType Type="ArtOfTest.Common.Design.ResultType">NotRun</ResultType>
            <StepDescription Type="System.String">Desktop command: Drag &amp; Drop AgeLink to Window Target</StepDescription>
            <TestId Type="System.String">2a2681b2-602e-4af3-be55-b8516bc81e80</TestId>
            <TestName Type="System.String">GroupByAge</TestName>
            <TestPath Type="System.String">UIWidgets\Grid\BasicUsage\GroupByAge.tstest</TestPath>
            <TestStepNumber Type="System.Int32">2</TestStepNumber>
            <Order Type="System.Int32">3</Order>
            <LogMessageOnError Type="System.String">
            </LogMessageOnError>
          </Item>
          <Item Type="ArtOfTest.WebAii.Design.AutomationStepResult" Version="2011.1.729.0">
            <ResultType Type="ArtOfTest.Common.Design.ResultType">Pass</ResultType>
            <StepDescription Type="System.String">Click 'IndexHtmlLink'</StepDescription>
            <TestId Type="System.String">2a2681b2-602e-4af3-be55-b8516bc81e80</TestId>
            <TestName Type="System.String">GroupByAge</TestName>
            <TestPath Type="System.String">UIWidgets\Grid\BasicUsage\GroupByAge.tstest</TestPath>
            <TestStepNumber Type="System.Int32">3</TestStepNumber>
            <Order Type="System.Int32">4</Order>
            <LogMessageOnError Type="System.String">
            </LogMessageOnError>
          </Item>
          <Item Type="ArtOfTest.WebAii.Design.AutomationStepResult" Version="2011.1.729.0">
            <ResultType Type="ArtOfTest.Common.Design.ResultType">Pass</ResultType>
            <StepDescription Type="System.String">Verify 'TextContent' 'Contains' 'Age: 45' on 'Age45PTag'</StepDescription>
            <TestId Type="System.String">2a2681b2-602e-4af3-be55-b8516bc81e80</TestId>
            <TestName Type="System.String">GroupByAge</TestName>
            <TestPath Type="System.String">UIWidgets\Grid\BasicUsage\GroupByAge.tstest</TestPath>
            <TestStepNumber Type="System.Int32">4</TestStepNumber>
            <Order Type="System.Int32">5</Order>
            <LogMessageOnError Type="System.String">
            </LogMessageOnError>
          </Item>
        </AutomationStepResults>
        <NotRunStepDescriptions />
        <PerStepMessages Type="System.String">Overall Result: Pass
------------------------------------------------------------
'8/10/2011 9:23:50 AM' - Starting execution....
------------------------------------------------------------
'8/10/2011 9:23:52 AM' - 'Pass' : 1. Navigate to : '/grid/index.html'
'8/10/2011 9:24:02 AM' - 'Pass' : 2. Desktop command: Drag &amp; Drop AgeLink to Window Target
'8/10/2011 9:24:02 AM' - 'NotRun' : 3. Desktop command: Drag &amp; Drop AgeLink to Window Target
'8/10/2011 9:24:02 AM' - 'Pass' : 4. Click 'IndexHtmlLink'
'8/10/2011 9:24:02 AM' - 'Pass' : 5. Verify 'TextContent' 'Contains' 'Age: 45' on 'Age45PTag'
------------------------------------------------------------
'8/10/2011 9:24:02 AM' - Overall Result: Pass
'8/10/2011 9:24:02 AM' - Duration: [0 min: 10 sec: 769 msec]
------------------------------------------------------------
'8/10/2011 9:24:02 AM' - Test completed!
</PerStepMessages>
        <TotalNumberOfPassedSteps Type="System.Int32">4</TotalNumberOfPassedSteps>
        <ExecutingTestStepCount Type="System.Int32">4</ExecutingTestStepCount>
        <TotalNumberOfNotRunSteps Type="System.Int32">1</TotalNumberOfNotRunSteps>
        <IsDataDrivenResult Type="System.Boolean">False</IsDataDrivenResult>
        <SeparatorLineCharCount Type="System.Int32">60</SeparatorLineCharCount>
        <ExecutionType Type="ArtOfTest.Common.Design.ExecutionType">QuickExecution</ExecutionType>
        <EndTime Type="System.DateTime">2011-08-10 06:24:02Z</EndTime>
        <StarTime Type="System.DateTime">2011-08-10 06:23:51Z</StarTime>
        <DataIterationResults />
      </WebAiiTestResult>
    </WebAiiTestResult>
    <WebAiiTestResult executionId="8f2456bb-a67b-42f1-ac81-cda98cea216c" testId="ef057c4b-a157-4436-8b67-9338562c79ed" testName="Remove" computerName="AGGEORGIEV" duration="00:00:10.3207605" startTime="2011-08-10T09:24:31.5941706+03:00" endTime="2011-08-10T09:24:41.9076681+03:00" testType="c4241296-3c6e-46b1-bf92-e0bd3e0eb017" outcome="Passed" testListId="8c84fa94-04c1-424b-9868-57a2d4851a1d" relativeResultsDirectory="8f2456bb-a67b-42f1-ac81-cda98cea216c" xmlns="http://artoftest.com/schemas/WebAiiDesignCanvas/1.0.0">
      <Output xmlns="http://microsoft.com/schemas/VisualStudio/TeamTest/2010">
        <ErrorInfo>
          <Message>Overall Result: Pass
------------------------------------------------------------
'8/10/2011 9:24:31 AM' - Starting execution....
------------------------------------------------------------
'8/10/2011 9:24:33 AM' - 'Pass' : 1. Navigate to : '/menu/api.html'
'8/10/2011 9:24:34 AM' - 'Pass' : 2. Set 'RemoveIndexText' text to '1'
'8/10/2011 9:24:34 AM' - 'Pass' : 3. Click 'RemoveButtonTag'
'8/10/2011 9:24:34 AM' - 'Pass' : 4. Wait for ExistsNot 'SecondItemSpan'
------------------------------------------------------------
'8/10/2011 9:24:34 AM' - Overall Result: Pass
'8/10/2011 9:24:34 AM' - Duration: [0 min: 1 sec: 904 msec]
------------------------------------------------------------
'8/10/2011 9:24:35 AM' - Test completed!
</Message>
        </ErrorInfo>
      </Output>
      <WebAiiTestResult Type="ArtOfTest.WebAii.Design.Execution.TestResult" Version="2011.1.729.0" xmlns="">
        <TestId Type="System.String">ef057c4b-a157-4436-8b67-9338562c79ed</TestId>
        <TestName Type="System.String">Remove</TestName>
        <TestPath Type="System.String">UIWidgets\Menu\API\Remove.tstest</TestPath>
        <ProjectPath Type="System.String">
        </ProjectPath>
        <ResultType Type="ArtOfTest.Common.Design.ResultType">Pass</ResultType>
        <AutomationStepResults>
          <Item Type="ArtOfTest.WebAii.Design.AutomationStepResult" Version="2011.1.729.0">
            <ResultType Type="ArtOfTest.Common.Design.ResultType">Pass</ResultType>
            <StepDescription Type="System.String">Navigate to : '/menu/api.html'</StepDescription>
            <TestId Type="System.String">ef057c4b-a157-4436-8b67-9338562c79ed</TestId>
            <TestName Type="System.String">Remove</TestName>
            <TestPath Type="System.String">UIWidgets\Menu\API\Remove.tstest</TestPath>
            <TestStepNumber Type="System.Int32">0</TestStepNumber>
            <Order Type="System.Int32">1</Order>
            <LogMessageOnError Type="System.String">
            </LogMessageOnError>
          </Item>
          <Item Type="ArtOfTest.WebAii.Design.AutomationStepResult" Version="2011.1.729.0">
            <ResultType Type="ArtOfTest.Common.Design.ResultType">Pass</ResultType>
            <StepDescription Type="System.String">Set 'RemoveIndexText' text to '1'</StepDescription>
            <TestId Type="System.String">ef057c4b-a157-4436-8b67-9338562c79ed</TestId>
            <TestName Type="System.String">Remove</TestName>
            <TestPath Type="System.String">UIWidgets\Menu\API\Remove.tstest</TestPath>
            <TestStepNumber Type="System.Int32">1</TestStepNumber>
            <Order Type="System.Int32">2</Order>
            <LogMessageOnError Type="System.String">
            </LogMessageOnError>
          </Item>
          <Item Type="ArtOfTest.WebAii.Design.AutomationStepResult" Version="2011.1.729.0">
            <ResultType Type="ArtOfTest.Common.Design.ResultType">Pass</ResultType>
            <StepDescription Type="System.String">Click 'RemoveButtonTag'</StepDescription>
            <TestId Type="System.String">ef057c4b-a157-4436-8b67-9338562c79ed</TestId>
            <TestName Type="System.String">Remove</TestName>
            <TestPath Type="System.String">UIWidgets\Menu\API\Remove.tstest</TestPath>
            <TestStepNumber Type="System.Int32">2</TestStepNumber>
            <Order Type="System.Int32">3</Order>
            <LogMessageOnError Type="System.String">
            </LogMessageOnError>
          </Item>
          <Item Type="ArtOfTest.WebAii.Design.AutomationStepResult" Version="2011.1.729.0">
            <ResultType Type="ArtOfTest.Common.Design.ResultType">Pass</ResultType>
            <StepDescription Type="System.String">Wait for ExistsNot 'SecondItemSpan'</StepDescription>
            <TestId Type="System.String">ef057c4b-a157-4436-8b67-9338562c79ed</TestId>
            <TestName Type="System.String">Remove</TestName>
            <TestPath Type="System.String">UIWidgets\Menu\API\Remove.tstest</TestPath>
            <TestStepNumber Type="System.Int32">3</TestStepNumber>
            <Order Type="System.Int32">4</Order>
            <LogMessageOnError Type="System.String">
            </LogMessageOnError>
          </Item>
        </AutomationStepResults>
        <NotRunStepDescriptions />
        <PerStepMessages Type="System.String">Overall Result: Pass
------------------------------------------------------------
'8/10/2011 9:24:31 AM' - Starting execution....
------------------------------------------------------------
'8/10/2011 9:24:33 AM' - 'Pass' : 1. Navigate to : '/menu/api.html'
'8/10/2011 9:24:34 AM' - 'Pass' : 2. Set 'RemoveIndexText' text to '1'
'8/10/2011 9:24:34 AM' - 'Pass' : 3. Click 'RemoveButtonTag'
'8/10/2011 9:24:34 AM' - 'Pass' : 4. Wait for ExistsNot 'SecondItemSpan'
------------------------------------------------------------
'8/10/2011 9:24:34 AM' - Overall Result: Pass
'8/10/2011 9:24:34 AM' - Duration: [0 min: 1 sec: 904 msec]
------------------------------------------------------------
'8/10/2011 9:24:35 AM' - Test completed!
</PerStepMessages>
        <TotalNumberOfPassedSteps Type="System.Int32">4</TotalNumberOfPassedSteps>
        <ExecutingTestStepCount Type="System.Int32">4</ExecutingTestStepCount>
        <TotalNumberOfNotRunSteps Type="System.Int32">0</TotalNumberOfNotRunSteps>
        <IsDataDrivenResult Type="System.Boolean">False</IsDataDrivenResult>
        <SeparatorLineCharCount Type="System.Int32">60</SeparatorLineCharCount>
        <ExecutionType Type="ArtOfTest.Common.Design.ExecutionType">QuickExecution</ExecutionType>
        <EndTime Type="System.DateTime">2011-08-10 06:24:34Z</EndTime>
        <StarTime Type="System.DateTime">2011-08-10 06:24:32Z</StarTime>
        <DataIterationResults />
      </WebAiiTestResult>
    </WebAiiTestResult>
    <WebAiiTestResult executionId="c53c2a7b-6569-4799-97c6-32c02b75fd66" testId="ceb842cb-c25f-4f72-843e-79b1f945b8b6" testName="Events" computerName="AGGEORGIEV" duration="00:00:07.2514894" startTime="2011-08-10T09:24:41.9076681+03:00" endTime="2011-08-10T09:24:49.1589483+03:00" testType="c4241296-3c6e-46b1-bf92-e0bd3e0eb017" outcome="Passed" testListId="8c84fa94-04c1-424b-9868-57a2d4851a1d" relativeResultsDirectory="c53c2a7b-6569-4799-97c6-32c02b75fd66" xmlns="http://artoftest.com/schemas/WebAiiDesignCanvas/1.0.0">
      <Output xmlns="http://microsoft.com/schemas/VisualStudio/TeamTest/2010">
        <ErrorInfo>
          <Message>Overall Result: Pass
------------------------------------------------------------
'8/10/2011 9:24:41 AM' - Starting execution....
------------------------------------------------------------
'8/10/2011 9:24:44 AM' - 'Pass' : 1. Navigate to : '/menu/events.html'
'8/10/2011 9:24:44 AM' - 'Pass' : 2. Invoke 'OnMouseOver' event on 'FirstItemSpan'
'8/10/2011 9:24:44 AM' - 'Pass' : 3. Verify 'TextContent' 'Contains' 'Opened' on 'OpenedFirstDiv'
'8/10/2011 9:24:44 AM' - 'Pass' : 4. Verify 'TextContent' 'Contains' 'First item' on 'OpenedFirstDiv'
'8/10/2011 9:24:44 AM' - 'Pass' : 5. Wait for '250' msec.
'8/10/2011 9:24:44 AM' - 'Pass' : 6. Click 'SubItem1Span'
'8/10/2011 9:24:45 AM' - 'Pass' : 7. Wait for '250' msec.
'8/10/2011 9:24:45 AM' - 'NotRun' : 8. Verify 'TextContent' 'Contains' 'Selected: Sub Item 1' on 'SelectedSubDiv'
'8/10/2011 9:24:45 AM' - 'Pass' : 9. Verify 'TextContent' 'Contains' 'Selected' on 'OpenedFirstDiv'
'8/10/2011 9:24:45 AM' - 'Pass' : 10. Verify 'TextContent' 'Contains' 'Sub Item 1' on 'OpenedFirstDiv'
'8/10/2011 9:24:45 AM' - 'Pass' : 11. Invoke 'OnMouseOut' event on 'FirstItemSpan'
'8/10/2011 9:24:45 AM' - 'Pass' : 12. Wait for '250' msec.
'8/10/2011 9:24:45 AM' - 'NotRun' : 13. Verify 'TextContent' 'Contains' 'Closed: First Item' on 'ClosedFirstDiv'
'8/10/2011 9:24:45 AM' - 'Pass' : 14. Verify 'TextContent' 'Contains' 'Closed' on 'OpenedFirstDiv'
'8/10/2011 9:24:45 AM' - 'Pass' : 15. Verify 'TextContent' 'Contains' 'First item' on 'OpenedFirstDiv'
------------------------------------------------------------
'8/10/2011 9:24:45 AM' - Overall Result: Pass
'8/10/2011 9:24:45 AM' - Duration: [0 min: 2 sec: 343 msec]
------------------------------------------------------------
'8/10/2011 9:24:46 AM' - Test completed!
</Message>
        </ErrorInfo>
      </Output>
      <WebAiiTestResult Type="ArtOfTest.WebAii.Design.Execution.TestResult" Version="2011.1.729.0" xmlns="">
        <TestId Type="System.String">ceb842cb-c25f-4f72-843e-79b1f945b8b6</TestId>
        <TestName Type="System.String">Events</TestName>
        <TestPath Type="System.String">UIWidgets\Menu\Events\Events.tstest</TestPath>
        <ProjectPath Type="System.String">
        </ProjectPath>
        <ResultType Type="ArtOfTest.Common.Design.ResultType">Pass</ResultType>
        <AutomationStepResults>
          <Item Type="ArtOfTest.WebAii.Design.AutomationStepResult" Version="2011.1.729.0">
            <ResultType Type="ArtOfTest.Common.Design.ResultType">Pass</ResultType>
            <StepDescription Type="System.String">Navigate to : '/menu/events.html'</StepDescription>
            <TestId Type="System.String">ceb842cb-c25f-4f72-843e-79b1f945b8b6</TestId>
            <TestName Type="System.String">Events</TestName>
            <TestPath Type="System.String">UIWidgets\Menu\Events\Events.tstest</TestPath>
            <TestStepNumber Type="System.Int32">0</TestStepNumber>
            <Order Type="System.Int32">1</Order>
            <LogMessageOnError Type="System.String">
            </LogMessageOnError>
          </Item>
          <Item Type="ArtOfTest.WebAii.Design.AutomationStepResult" Version="2011.1.729.0">
            <ResultType Type="ArtOfTest.Common.Design.ResultType">Pass</ResultType>
            <StepDescription Type="System.String">Invoke 'OnMouseOver' event on 'FirstItemSpan'</StepDescription>
            <TestId Type="System.String">ceb842cb-c25f-4f72-843e-79b1f945b8b6</TestId>
            <TestName Type="System.String">Events</TestName>
            <TestPath Type="System.String">UIWidgets\Menu\Events\Events.tstest</TestPath>
            <TestStepNumber Type="System.Int32">1</TestStepNumber>
            <Order Type="System.Int32">2</Order>
            <LogMessageOnError Type="System.String">
            </LogMessageOnError>
          </Item>
          <Item Type="ArtOfTest.WebAii.Design.AutomationStepResult" Version="2011.1.729.0">
            <ResultType Type="ArtOfTest.Common.Design.ResultType">Pass</ResultType>
            <StepDescription Type="System.String">Verify 'TextContent' 'Contains' 'Opened' on 'OpenedFirstDiv'</StepDescription>
            <TestId Type="System.String">ceb842cb-c25f-4f72-843e-79b1f945b8b6</TestId>
            <TestName Type="System.String">Events</TestName>
            <TestPath Type="System.String">UIWidgets\Menu\Events\Events.tstest</TestPath>
            <TestStepNumber Type="System.Int32">2</TestStepNumber>
            <Order Type="System.Int32">3</Order>
            <LogMessageOnError Type="System.String">
            </LogMessageOnError>
          </Item>
          <Item Type="ArtOfTest.WebAii.Design.AutomationStepResult" Version="2011.1.729.0">
            <ResultType Type="ArtOfTest.Common.Design.ResultType">Pass</ResultType>
            <StepDescription Type="System.String">Verify 'TextContent' 'Contains' 'First item' on 'OpenedFirstDiv'</StepDescription>
            <TestId Type="System.String">ceb842cb-c25f-4f72-843e-79b1f945b8b6</TestId>
            <TestName Type="System.String">Events</TestName>
            <TestPath Type="System.String">UIWidgets\Menu\Events\Events.tstest</TestPath>
            <TestStepNumber Type="System.Int32">3</TestStepNumber>
            <Order Type="System.Int32">4</Order>
            <LogMessageOnError Type="System.String">
            </LogMessageOnError>
          </Item>
          <Item Type="ArtOfTest.WebAii.Design.AutomationStepResult" Version="2011.1.729.0">
            <ResultType Type="ArtOfTest.Common.Design.ResultType">Pass</ResultType>
            <StepDescription Type="System.String">Wait for '250' msec.</StepDescription>
            <TestId Type="System.String">ceb842cb-c25f-4f72-843e-79b1f945b8b6</TestId>
            <TestName Type="System.String">Events</TestName>
            <TestPath Type="System.String">UIWidgets\Menu\Events\Events.tstest</TestPath>
            <TestStepNumber Type="System.Int32">4</TestStepNumber>
            <Order Type="System.Int32">5</Order>
            <LogMessageOnError Type="System.String">
            </LogMessageOnError>
          </Item>
          <Item Type="ArtOfTest.WebAii.Design.AutomationStepResult" Version="2011.1.729.0">
            <ResultType Type="ArtOfTest.Common.Design.ResultType">Pass</ResultType>
            <StepDescription Type="System.String">Click 'SubItem1Span'</StepDescription>
            <TestId Type="System.String">ceb842cb-c25f-4f72-843e-79b1f945b8b6</TestId>
            <TestName Type="System.String">Events</TestName>
            <TestPath Type="System.String">UIWidgets\Menu\Events\Events.tstest</TestPath>
            <TestStepNumber Type="System.Int32">5</TestStepNumber>
            <Order Type="System.Int32">6</Order>
            <LogMessageOnError Type="System.String">
            </LogMessageOnError>
          </Item>
          <Item Type="ArtOfTest.WebAii.Design.AutomationStepResult" Version="2011.1.729.0">
            <ResultType Type="ArtOfTest.Common.Design.ResultType">Pass</ResultType>
            <StepDescription Type="System.String">Wait for '250' msec.</StepDescription>
            <TestId Type="System.String">ceb842cb-c25f-4f72-843e-79b1f945b8b6</TestId>
            <TestName Type="System.String">Events</TestName>
            <TestPath Type="System.String">UIWidgets\Menu\Events\Events.tstest</TestPath>
            <TestStepNumber Type="System.Int32">6</TestStepNumber>
            <Order Type="System.Int32">7</Order>
            <LogMessageOnError Type="System.String">
            </LogMessageOnError>
          </Item>
          <Item Type="ArtOfTest.WebAii.Design.AutomationStepResult" Version="2011.1.729.0">
            <ResultType Type="ArtOfTest.Common.Design.ResultType">NotRun</ResultType>
            <StepDescription Type="System.String">Verify 'TextContent' 'Contains' 'Selected: Sub Item 1' on 'SelectedSubDiv'</StepDescription>
            <TestId Type="System.String">ceb842cb-c25f-4f72-843e-79b1f945b8b6</TestId>
            <TestName Type="System.String">Events</TestName>
            <TestPath Type="System.String">UIWidgets\Menu\Events\Events.tstest</TestPath>
            <TestStepNumber Type="System.Int32">7</TestStepNumber>
            <Order Type="System.Int32">8</Order>
            <LogMessageOnError Type="System.String">
            </LogMessageOnError>
          </Item>
          <Item Type="ArtOfTest.WebAii.Design.AutomationStepResult" Version="2011.1.729.0">
            <ResultType Type="ArtOfTest.Common.Design.ResultType">Pass</ResultType>
            <StepDescription Type="System.String">Verify 'TextContent' 'Contains' 'Selected' on 'OpenedFirstDiv'</StepDescription>
            <TestId Type="System.String">ceb842cb-c25f-4f72-843e-79b1f945b8b6</TestId>
            <TestName Type="System.String">Events</TestName>
            <TestPath Type="System.String">UIWidgets\Menu\Events\Events.tstest</TestPath>
            <TestStepNumber Type="System.Int32">8</TestStepNumber>
            <Order Type="System.Int32">9</Order>
            <LogMessageOnError Type="System.String">
            </LogMessageOnError>
          </Item>
          <Item Type="ArtOfTest.WebAii.Design.AutomationStepResult" Version="2011.1.729.0">
            <ResultType Type="ArtOfTest.Common.Design.ResultType">Pass</ResultType>
            <StepDescription Type="System.String">Verify 'TextContent' 'Contains' 'Sub Item 1' on 'OpenedFirstDiv'</StepDescription>
            <TestId Type="System.String">ceb842cb-c25f-4f72-843e-79b1f945b8b6</TestId>
            <TestName Type="System.String">Events</TestName>
            <TestPath Type="System.String">UIWidgets\Menu\Events\Events.tstest</TestPath>
            <TestStepNumber Type="System.Int32">9</TestStepNumber>
            <Order Type="System.Int32">10</Order>
            <LogMessageOnError Type="System.String">
            </LogMessageOnError>
          </Item>
          <Item Type="ArtOfTest.WebAii.Design.AutomationStepResult" Version="2011.1.729.0">
            <ResultType Type="ArtOfTest.Common.Design.ResultType">Pass</ResultType>
            <StepDescription Type="System.String">Invoke 'OnMouseOut' event on 'FirstItemSpan'</StepDescription>
            <TestId Type="System.String">ceb842cb-c25f-4f72-843e-79b1f945b8b6</TestId>
            <TestName Type="System.String">Events</TestName>
            <TestPath Type="System.String">UIWidgets\Menu\Events\Events.tstest</TestPath>
            <TestStepNumber Type="System.Int32">10</TestStepNumber>
            <Order Type="System.Int32">11</Order>
            <LogMessageOnError Type="System.String">
            </LogMessageOnError>
          </Item>
          <Item Type="ArtOfTest.WebAii.Design.AutomationStepResult" Version="2011.1.729.0">
            <ResultType Type="ArtOfTest.Common.Design.ResultType">Pass</ResultType>
            <StepDescription Type="System.String">Wait for '250' msec.</StepDescription>
            <TestId Type="System.String">ceb842cb-c25f-4f72-843e-79b1f945b8b6</TestId>
            <TestName Type="System.String">Events</TestName>
            <TestPath Type="System.String">UIWidgets\Menu\Events\Events.tstest</TestPath>
            <TestStepNumber Type="System.Int32">11</TestStepNumber>
            <Order Type="System.Int32">12</Order>
            <LogMessageOnError Type="System.String">
            </LogMessageOnError>
          </Item>
          <Item Type="ArtOfTest.WebAii.Design.AutomationStepResult" Version="2011.1.729.0">
            <ResultType Type="ArtOfTest.Common.Design.ResultType">NotRun</ResultType>
            <StepDescription Type="System.String">Verify 'TextContent' 'Contains' 'Closed: First Item' on 'ClosedFirstDiv'</StepDescription>
            <TestId Type="System.String">ceb842cb-c25f-4f72-843e-79b1f945b8b6</TestId>
            <TestName Type="System.String">Events</TestName>
            <TestPath Type="System.String">UIWidgets\Menu\Events\Events.tstest</TestPath>
            <TestStepNumber Type="System.Int32">12</TestStepNumber>
            <Order Type="System.Int32">13</Order>
            <LogMessageOnError Type="System.String">
            </LogMessageOnError>
          </Item>
          <Item Type="ArtOfTest.WebAii.Design.AutomationStepResult" Version="2011.1.729.0">
            <ResultType Type="ArtOfTest.Common.Design.ResultType">Pass</ResultType>
            <StepDescription Type="System.String">Verify 'TextContent' 'Contains' 'Closed' on 'OpenedFirstDiv'</StepDescription>
            <TestId Type="System.String">ceb842cb-c25f-4f72-843e-79b1f945b8b6</TestId>
            <TestName Type="System.String">Events</TestName>
            <TestPath Type="System.String">UIWidgets\Menu\Events\Events.tstest</TestPath>
            <TestStepNumber Type="System.Int32">13</TestStepNumber>
            <Order Type="System.Int32">14</Order>
            <LogMessageOnError Type="System.String">
            </LogMessageOnError>
          </Item>
          <Item Type="ArtOfTest.WebAii.Design.AutomationStepResult" Version="2011.1.729.0">
            <ResultType Type="ArtOfTest.Common.Design.ResultType">Pass</ResultType>
            <StepDescription Type="System.String">Verify 'TextContent' 'Contains' 'First item' on 'OpenedFirstDiv'</StepDescription>
            <TestId Type="System.String">ceb842cb-c25f-4f72-843e-79b1f945b8b6</TestId>
            <TestName Type="System.String">Events</TestName>
            <TestPath Type="System.String">UIWidgets\Menu\Events\Events.tstest</TestPath>
            <TestStepNumber Type="System.Int32">14</TestStepNumber>
            <Order Type="System.Int32">15</Order>
            <LogMessageOnError Type="System.String">
            </LogMessageOnError>
          </Item>
        </AutomationStepResults>
        <NotRunStepDescriptions />
        <PerStepMessages Type="System.String">Overall Result: Pass
------------------------------------------------------------
'8/10/2011 9:24:41 AM' - Starting execution....
------------------------------------------------------------
'8/10/2011 9:24:44 AM' - 'Pass' : 1. Navigate to : '/menu/events.html'
'8/10/2011 9:24:44 AM' - 'Pass' : 2. Invoke 'OnMouseOver' event on 'FirstItemSpan'
'8/10/2011 9:24:44 AM' - 'Pass' : 3. Verify 'TextContent' 'Contains' 'Opened' on 'OpenedFirstDiv'
'8/10/2011 9:24:44 AM' - 'Pass' : 4. Verify 'TextContent' 'Contains' 'First item' on 'OpenedFirstDiv'
'8/10/2011 9:24:44 AM' - 'Pass' : 5. Wait for '250' msec.
'8/10/2011 9:24:44 AM' - 'Pass' : 6. Click 'SubItem1Span'
'8/10/2011 9:24:45 AM' - 'Pass' : 7. Wait for '250' msec.
'8/10/2011 9:24:45 AM' - 'NotRun' : 8. Verify 'TextContent' 'Contains' 'Selected: Sub Item 1' on 'SelectedSubDiv'
'8/10/2011 9:24:45 AM' - 'Pass' : 9. Verify 'TextContent' 'Contains' 'Selected' on 'OpenedFirstDiv'
'8/10/2011 9:24:45 AM' - 'Pass' : 10. Verify 'TextContent' 'Contains' 'Sub Item 1' on 'OpenedFirstDiv'
'8/10/2011 9:24:45 AM' - 'Pass' : 11. Invoke 'OnMouseOut' event on 'FirstItemSpan'
'8/10/2011 9:24:45 AM' - 'Pass' : 12. Wait for '250' msec.
'8/10/2011 9:24:45 AM' - 'NotRun' : 13. Verify 'TextContent' 'Contains' 'Closed: First Item' on 'ClosedFirstDiv'
'8/10/2011 9:24:45 AM' - 'Pass' : 14. Verify 'TextContent' 'Contains' 'Closed' on 'OpenedFirstDiv'
'8/10/2011 9:24:45 AM' - 'Pass' : 15. Verify 'TextContent' 'Contains' 'First item' on 'OpenedFirstDiv'
------------------------------------------------------------
'8/10/2011 9:24:45 AM' - Overall Result: Pass
'8/10/2011 9:24:45 AM' - Duration: [0 min: 2 sec: 343 msec]
------------------------------------------------------------
'8/10/2011 9:24:46 AM' - Test completed!
</PerStepMessages>
        <TotalNumberOfPassedSteps Type="System.Int32">13</TotalNumberOfPassedSteps>
        <ExecutingTestStepCount Type="System.Int32">13</ExecutingTestStepCount>
        <TotalNumberOfNotRunSteps Type="System.Int32">2</TotalNumberOfNotRunSteps>
        <IsDataDrivenResult Type="System.Boolean">False</IsDataDrivenResult>
        <SeparatorLineCharCount Type="System.Int32">60</SeparatorLineCharCount>
        <ExecutionType Type="ArtOfTest.Common.Design.ExecutionType">QuickExecution</ExecutionType>
        <EndTime Type="System.DateTime">2011-08-10 06:24:45Z</EndTime>
        <StarTime Type="System.DateTime">2011-08-10 06:24:43Z</StarTime>
        <DataIterationResults />
      </WebAiiTestResult>
    </WebAiiTestResult>
    <WebAiiTestResult executionId="2afb8ed5-a07b-4d7e-92c6-1eb0082a0615" testId="42b84583-684d-41ba-b53f-0765b95cbecd" testName="SortFirstNameAndPage" computerName="AGGEORGIEV" duration="00:00:02.3714146" startTime="2011-08-10T09:24:49.1745489+03:00" endTime="2011-08-10T09:24:51.5458401+03:00" testType="c4241296-3c6e-46b1-bf92-e0bd3e0eb017" outcome="Passed" testListId="8c84fa94-04c1-424b-9868-57a2d4851a1d" relativeResultsDirectory="2afb8ed5-a07b-4d7e-92c6-1eb0082a0615" xmlns="http://artoftest.com/schemas/WebAiiDesignCanvas/1.0.0">
      <Output xmlns="http://microsoft.com/schemas/VisualStudio/TeamTest/2010">
        <ErrorInfo>
          <Message>Overall Result: Pass
------------------------------------------------------------
'8/10/2011 9:24:49 AM' - Starting execution....
------------------------------------------------------------
------------------------------------------------------------
'8/10/2011 9:24:50 AM' - Overall Result: Pass
'8/10/2011 9:24:50 AM' - Duration: [0 min: 0 sec: 15 msec]
------------------------------------------------------------
'8/10/2011 9:24:50 AM' - Test completed!
</Message>
        </ErrorInfo>
      </Output>
      <WebAiiTestResult Type="ArtOfTest.WebAii.Design.Execution.TestResult" Version="2011.1.729.0" xmlns="">
        <TestId Type="System.String">00000000-0000-0000-0000-000000000000</TestId>
        <TestName Type="System.String">SortFirstNameAndPage</TestName>
        <TestPath Type="System.String">uiwidgets\grid\basicusage\SortFirstNameAndPage.tstest</TestPath>
        <ProjectPath Type="System.String">
        </ProjectPath>
        <ResultType Type="ArtOfTest.Common.Design.ResultType">Pass</ResultType>
        <AutomationStepResults />
        <NotRunStepDescriptions />
        <PerStepMessages Type="System.String">Overall Result: Pass
------------------------------------------------------------
'8/10/2011 9:24:49 AM' - Starting execution....
------------------------------------------------------------
------------------------------------------------------------
'8/10/2011 9:24:50 AM' - Overall Result: Pass
'8/10/2011 9:24:50 AM' - Duration: [0 min: 0 sec: 15 msec]
------------------------------------------------------------
'8/10/2011 9:24:50 AM' - Test completed!
</PerStepMessages>
        <TotalNumberOfPassedSteps Type="System.Int32">0</TotalNumberOfPassedSteps>
        <ExecutingTestStepCount Type="System.Int32">0</ExecutingTestStepCount>
        <TotalNumberOfNotRunSteps Type="System.Int32">0</TotalNumberOfNotRunSteps>
        <IsDataDrivenResult Type="System.Boolean">False</IsDataDrivenResult>
        <SeparatorLineCharCount Type="System.Int32">60</SeparatorLineCharCount>
        <ExecutionType Type="ArtOfTest.Common.Design.ExecutionType">QuickExecution</ExecutionType>
        <EndTime Type="System.DateTime">2011-08-10 06:24:50Z</EndTime>
        <StarTime Type="System.DateTime">2011-08-10 06:24:50Z</StarTime>
        <DataIterationResults />
      </WebAiiTestResult>
    </WebAiiTestResult>
    <WebAiiTestResult executionId="f6816aaf-c965-463a-8cc9-d4f8331bdb13" testId="d6707a8e-ed75-4a21-809f-369a5e86aeaa" testName="DisableEnable" computerName="AGGEORGIEV" duration="00:00:07.0824573" startTime="2011-08-10T09:24:51.5458401+03:00" endTime="2011-08-10T09:24:58.6325135+03:00" testType="c4241296-3c6e-46b1-bf92-e0bd3e0eb017" outcome="Failed" testListId="8c84fa94-04c1-424b-9868-57a2d4851a1d" relativeResultsDirectory="f6816aaf-c965-463a-8cc9-d4f8331bdb13" xmlns="http://artoftest.com/schemas/WebAiiDesignCanvas/1.0.0">
      <Output xmlns="http://microsoft.com/schemas/VisualStudio/TeamTest/2010">
        <ErrorInfo>
          <Message>Overall Result: Fail
------------------------------------------------------------
'8/10/2011 9:24:51 AM' - Starting execution....
------------------------------------------------------------
'8/10/2011 9:24:53 AM' - 'Pass' : 1. Navigate to : '/menu/api.html'
'8/10/2011 9:24:54 AM' - 'Pass' : 2. Set 'ToggleIndexText' text to '0'
'8/10/2011 9:24:54 AM' - 'Pass' : 3. Click 'EnableDisableButtonTag'
'8/10/2011 9:24:54 AM' - 'Pass' : 4. Verify attribute 'class' has 'Contains' value of 't-item t-first t-state-disabled' on 'ListItem'
'8/10/2011 9:24:55 AM' - 'Pass' : 5. Wait for '250' msec.
'8/10/2011 9:24:55 AM' - 'Pass' : 6. Click 'EnableDisableButtonTag'
'8/10/2011 9:24:55 AM' - 'Fail' : 7. Verify attribute 'class' has 'Contains' value of 't-item t-first t-state-default' on 'ListItem'
------------------------------------------------------------
Failure Information: 
~~~~~~~~~~~~~~~
Attribute values do not match. Expected: 't-item t-first t-state-default'; actual: 't-item t-first t-state-disabled'.
------------------------------------------------------------
'8/10/2011 9:24:55 AM' - Detected a failure. Step is marked 'ContinueOnFailure=False' aborting test execution.
------------------------------------------------------------
'8/10/2011 9:24:55 AM' - Overall Result: Fail
'8/10/2011 9:24:55 AM' - Duration: [0 min: 2 sec: 500 msec]
------------------------------------------------------------
'8/10/2011 9:24:55 AM' - Test completed!
</Message>
        </ErrorInfo>
      </Output>
      <WebAiiTestResult Type="ArtOfTest.WebAii.Design.Execution.TestResult" Version="2011.1.729.0" xmlns="">
        <TestId Type="System.String">d6707a8e-ed75-4a21-809f-369a5e86aeaa</TestId>
        <TestName Type="System.String">DisableEnable</TestName>
        <TestPath Type="System.String">UIWidgets\Menu\API\DisableEnable.tstest</TestPath>
        <ProjectPath Type="System.String">
        </ProjectPath>
        <ResultType Type="ArtOfTest.Common.Design.ResultType">Fail</ResultType>
        <AutomationStepResults>
          <Item Type="ArtOfTest.WebAii.Design.AutomationStepResult" Version="2011.1.729.0">
            <ResultType Type="ArtOfTest.Common.Design.ResultType">Pass</ResultType>
            <StepDescription Type="System.String">Navigate to : '/menu/api.html'</StepDescription>
            <TestId Type="System.String">d6707a8e-ed75-4a21-809f-369a5e86aeaa</TestId>
            <TestName Type="System.String">DisableEnable</TestName>
            <TestPath Type="System.String">UIWidgets\Menu\API\DisableEnable.tstest</TestPath>
            <TestStepNumber Type="System.Int32">0</TestStepNumber>
            <Order Type="System.Int32">1</Order>
            <LogMessageOnError Type="System.String">
            </LogMessageOnError>
          </Item>
          <Item Type="ArtOfTest.WebAii.Design.AutomationStepResult" Version="2011.1.729.0">
            <ResultType Type="ArtOfTest.Common.Design.ResultType">Pass</ResultType>
            <StepDescription Type="System.String">Set 'ToggleIndexText' text to '0'</StepDescription>
            <TestId Type="System.String">d6707a8e-ed75-4a21-809f-369a5e86aeaa</TestId>
            <TestName Type="System.String">DisableEnable</TestName>
            <TestPath Type="System.String">UIWidgets\Menu\API\DisableEnable.tstest</TestPath>
            <TestStepNumber Type="System.Int32">1</TestStepNumber>
            <Order Type="System.Int32">2</Order>
            <LogMessageOnError Type="System.String">
            </LogMessageOnError>
          </Item>
          <Item Type="ArtOfTest.WebAii.Design.AutomationStepResult" Version="2011.1.729.0">
            <ResultType Type="ArtOfTest.Common.Design.ResultType">Pass</ResultType>
            <StepDescription Type="System.String">Click 'EnableDisableButtonTag'</StepDescription>
            <TestId Type="System.String">d6707a8e-ed75-4a21-809f-369a5e86aeaa</TestId>
            <TestName Type="System.String">DisableEnable</TestName>
            <TestPath Type="System.String">UIWidgets\Menu\API\DisableEnable.tstest</TestPath>
            <TestStepNumber Type="System.Int32">2</TestStepNumber>
            <Order Type="System.Int32">3</Order>
            <LogMessageOnError Type="System.String">
            </LogMessageOnError>
          </Item>
          <Item Type="ArtOfTest.WebAii.Design.AutomationStepResult" Version="2011.1.729.0">
            <ResultType Type="ArtOfTest.Common.Design.ResultType">Pass</ResultType>
            <StepDescription Type="System.String">Verify attribute 'class' has 'Contains' value of 't-item t-first t-state-disabled' on 'ListItem'</StepDescription>
            <TestId Type="System.String">d6707a8e-ed75-4a21-809f-369a5e86aeaa</TestId>
            <TestName Type="System.String">DisableEnable</TestName>
            <TestPath Type="System.String">UIWidgets\Menu\API\DisableEnable.tstest</TestPath>
            <TestStepNumber Type="System.Int32">3</TestStepNumber>
            <Order Type="System.Int32">4</Order>
            <LogMessageOnError Type="System.String">
            </LogMessageOnError>
          </Item>
          <Item Type="ArtOfTest.WebAii.Design.AutomationStepResult" Version="2011.1.729.0">
            <ResultType Type="ArtOfTest.Common.Design.ResultType">Pass</ResultType>
            <StepDescription Type="System.String">Wait for '250' msec.</StepDescription>
            <TestId Type="System.String">d6707a8e-ed75-4a21-809f-369a5e86aeaa</TestId>
            <TestName Type="System.String">DisableEnable</TestName>
            <TestPath Type="System.String">UIWidgets\Menu\API\DisableEnable.tstest</TestPath>
            <TestStepNumber Type="System.Int32">4</TestStepNumber>
            <Order Type="System.Int32">5</Order>
            <LogMessageOnError Type="System.String">
            </LogMessageOnError>
          </Item>
          <Item Type="ArtOfTest.WebAii.Design.AutomationStepResult" Version="2011.1.729.0">
            <ResultType Type="ArtOfTest.Common.Design.ResultType">Pass</ResultType>
            <StepDescription Type="System.String">Click 'EnableDisableButtonTag'</StepDescription>
            <TestId Type="System.String">d6707a8e-ed75-4a21-809f-369a5e86aeaa</TestId>
            <TestName Type="System.String">DisableEnable</TestName>
            <TestPath Type="System.String">UIWidgets\Menu\API\DisableEnable.tstest</TestPath>
            <TestStepNumber Type="System.Int32">5</TestStepNumber>
            <Order Type="System.Int32">6</Order>
            <LogMessageOnError Type="System.String">
            </LogMessageOnError>
          </Item>
          <Item Type="ArtOfTest.WebAii.Design.AutomationStepResult" Version="2011.1.729.0">
            <ResultType Type="ArtOfTest.Common.Design.ResultType">Fail</ResultType>
            <ExecutionException Type="ArtOfTest.Common.Design.Exceptions.VerificationException" Version="2011.1.729.0">
              <HostState Type="ArtOfTest.WebAii.Design.AutomationHostState" Version="2011.1.729.0">
                <Mode Type="ArtOfTest.WebAii.Design.BrowserStateCaptureMode">DomAndImage</Mode>
                <TechType Type="ArtOfTest.Common.TechnologyType">Html</TechType>
                <FriendlyName Type="System.String">Capture Of 'Page (API)' @8/10/2011 9:24:55 AM</FriendlyName>
              </HostState>
              <ExceptionMessage Type="System.String">Attribute values do not match. Expected: 't-item t-first t-state-default'; actual: 't-item t-first t-state-disabled'.</ExceptionMessage>
              <VerificationResult Type="ArtOfTest.Common.Design.Extensibility.VerificationResult" Version="2011.1.729.0">
                <Result Type="System.Boolean">False</Result>
                <ErrorMessage Type="System.String">Attribute values do not match. Expected: 't-item t-first t-state-default'; actual: 't-item t-first t-state-disabled'.</ErrorMessage>
              </VerificationResult>
              <ValueStore Type="ArtOfTest.Common.Design.Extensibility.DescriptorValueStore" Version="2011.1.729.0">
                <ValueStore>
                  <Item Key="AttributeValue" Type="System.String">t-item t-first t-state-disabled</Item>
                </ValueStore>
              </ValueStore>
            </ExecutionException>
            <StepDescription Type="System.String">Verify attribute 'class' has 'Contains' value of 't-item t-first t-state-default' on 'ListItem'</StepDescription>
            <TestId Type="System.String">d6707a8e-ed75-4a21-809f-369a5e86aeaa</TestId>
            <TestName Type="System.String">DisableEnable</TestName>
            <TestPath Type="System.String">UIWidgets\Menu\API\DisableEnable.tstest</TestPath>
            <TestStepNumber Type="System.Int32">6</TestStepNumber>
            <Order Type="System.Int32">7</Order>
            <LogMessageOnError Type="System.String">
            </LogMessageOnError>
          </Item>
        </AutomationStepResults>
        <NotRunStepDescriptions />
        <PerStepMessages Type="System.String">Overall Result: Fail
------------------------------------------------------------
'8/10/2011 9:24:51 AM' - Starting execution....
------------------------------------------------------------
'8/10/2011 9:24:53 AM' - 'Pass' : 1. Navigate to : '/menu/api.html'
'8/10/2011 9:24:54 AM' - 'Pass' : 2. Set 'ToggleIndexText' text to '0'
'8/10/2011 9:24:54 AM' - 'Pass' : 3. Click 'EnableDisableButtonTag'
'8/10/2011 9:24:54 AM' - 'Pass' : 4. Verify attribute 'class' has 'Contains' value of 't-item t-first t-state-disabled' on 'ListItem'
'8/10/2011 9:24:55 AM' - 'Pass' : 5. Wait for '250' msec.
'8/10/2011 9:24:55 AM' - 'Pass' : 6. Click 'EnableDisableButtonTag'
'8/10/2011 9:24:55 AM' - 'Fail' : 7. Verify attribute 'class' has 'Contains' value of 't-item t-first t-state-default' on 'ListItem'
------------------------------------------------------------
Failure Information: 
~~~~~~~~~~~~~~~
Attribute values do not match. Expected: 't-item t-first t-state-default'; actual: 't-item t-first t-state-disabled'.
------------------------------------------------------------
'8/10/2011 9:24:55 AM' - Detected a failure. Step is marked 'ContinueOnFailure=False' aborting test execution.
------------------------------------------------------------
'8/10/2011 9:24:55 AM' - Overall Result: Fail
'8/10/2011 9:24:55 AM' - Duration: [0 min: 2 sec: 500 msec]
------------------------------------------------------------
'8/10/2011 9:24:55 AM' - Test completed!
</PerStepMessages>
        <TotalNumberOfPassedSteps Type="System.Int32">6</TotalNumberOfPassedSteps>
        <ExecutingTestStepCount Type="System.Int32">7</ExecutingTestStepCount>
        <TotalNumberOfNotRunSteps Type="System.Int32">0</TotalNumberOfNotRunSteps>
        <IsDataDrivenResult Type="System.Boolean">False</IsDataDrivenResult>
        <SeparatorLineCharCount Type="System.Int32">60</SeparatorLineCharCount>
        <ExecutionType Type="ArtOfTest.Common.Design.ExecutionType">QuickExecution</ExecutionType>
        <FailureException Type="ArtOfTest.Common.Design.Exceptions.VerificationException" Version="2011.1.729.0">
          <HostState Type="ArtOfTest.WebAii.Design.AutomationHostState" Version="2011.1.729.0">
            <Mode Type="ArtOfTest.WebAii.Design.BrowserStateCaptureMode">DomAndImage</Mode>
            <TechType Type="ArtOfTest.Common.TechnologyType">Html</TechType>
            <FriendlyName Type="System.String">Capture Of 'Page (API)' @8/10/2011 9:24:55 AM</FriendlyName>
          </HostState>
          <ExceptionMessage Type="System.String">Attribute values do not match. Expected: 't-item t-first t-state-default'; actual: 't-item t-first t-state-disabled'.</ExceptionMessage>
          <VerificationResult Type="ArtOfTest.Common.Design.Extensibility.VerificationResult" Version="2011.1.729.0">
            <Result Type="System.Boolean">False</Result>
            <ErrorMessage Type="System.String">Attribute values do not match. Expected: 't-item t-first t-state-default'; actual: 't-item t-first t-state-disabled'.</ErrorMessage>
          </VerificationResult>
          <ValueStore Type="ArtOfTest.Common.Design.Extensibility.DescriptorValueStore" Version="2011.1.729.0">
            <ValueStore>
              <Item Key="AttributeValue" Type="System.String">t-item t-first t-state-disabled</Item>
            </ValueStore>
          </ValueStore>
        </FailureException>
        <EndTime Type="System.DateTime">2011-08-10 06:24:55Z</EndTime>
        <StarTime Type="System.DateTime">2011-08-10 06:24:52Z</StarTime>
        <DataIterationResults />
      </WebAiiTestResult>
    </WebAiiTestResult>
    <WebAiiTestResult executionId="2725a8c5-c6ce-4504-9790-fe8f20d9973a" testId="fd75ef59-b0f9-4557-af4a-a84cb018806e" testName="SelectMultipleRows" computerName="AGGEORGIEV" duration="00:00:09.2197821" startTime="2011-08-10T09:24:58.6325135+03:00" endTime="2011-08-10T09:25:07.8495688+03:00" testType="c4241296-3c6e-46b1-bf92-e0bd3e0eb017" outcome="Passed" testListId="8c84fa94-04c1-424b-9868-57a2d4851a1d" relativeResultsDirectory="2725a8c5-c6ce-4504-9790-fe8f20d9973a" xmlns="http://artoftest.com/schemas/WebAiiDesignCanvas/1.0.0">
      <Output xmlns="http://microsoft.com/schemas/VisualStudio/TeamTest/2010">
        <ErrorInfo>
          <Message>Overall Result: Pass
------------------------------------------------------------
'8/10/2011 9:24:58 AM' - Starting execution....
------------------------------------------------------------
'8/10/2011 9:25:00 AM' - 'Pass' : 1. Navigate to : '/grid/selection.html'
'8/10/2011 9:25:01 AM' - 'Pass' : 2. Click 'RobertTableCell'
'8/10/2011 9:25:01 AM' - 'Pass' : 3. Verify attribute 'class' has 'Contains' value of 't-alt t-state-selected' on 'TableRow'
'8/10/2011 9:25:01 AM' - 'Pass' : 4. Wait for '500' msec.
'8/10/2011 9:25:02 AM' - 'Pass' : 5. Control + Click 'AnneTableCell0'
'8/10/2011 9:25:02 AM' - 'NotRun' : 6. Shift + Click 'AnneTableCell'
'8/10/2011 9:25:02 AM' - 'Pass' : 7. Verify attribute 'class' has 'Contains' value of 't-state-selected' on 'TableRow0'
'8/10/2011 9:25:02 AM' - 'Pass' : 8. Verify attribute 'class' has 'Contains' value of 't-alt t-state-selected' on 'TableRow'
------------------------------------------------------------
'8/10/2011 9:25:02 AM' - Overall Result: Pass
'8/10/2011 9:25:02 AM' - Duration: [0 min: 2 sec: 711 msec]
------------------------------------------------------------
'8/10/2011 9:25:03 AM' - Test completed!
</Message>
        </ErrorInfo>
      </Output>
      <WebAiiTestResult Type="ArtOfTest.WebAii.Design.Execution.TestResult" Version="2011.1.729.0" xmlns="">
        <TestId Type="System.String">fd75ef59-b0f9-4557-af4a-a84cb018806e</TestId>
        <TestName Type="System.String">SelectMultipleRows</TestName>
        <TestPath Type="System.String">UIWidgets\Grid\Selection\SelectMultipleRows.tstest</TestPath>
        <ProjectPath Type="System.String">
        </ProjectPath>
        <ResultType Type="ArtOfTest.Common.Design.ResultType">Pass</ResultType>
        <AutomationStepResults>
          <Item Type="ArtOfTest.WebAii.Design.AutomationStepResult" Version="2011.1.729.0">
            <ResultType Type="ArtOfTest.Common.Design.ResultType">Pass</ResultType>
            <StepDescription Type="System.String">Navigate to : '/grid/selection.html'</StepDescription>
            <TestId Type="System.String">fd75ef59-b0f9-4557-af4a-a84cb018806e</TestId>
            <TestName Type="System.String">SelectMultipleRows</TestName>
            <TestPath Type="System.String">UIWidgets\Grid\Selection\SelectMultipleRows.tstest</TestPath>
            <TestStepNumber Type="System.Int32">0</TestStepNumber>
            <Order Type="System.Int32">1</Order>
            <LogMessageOnError Type="System.String">
            </LogMessageOnError>
          </Item>
          <Item Type="ArtOfTest.WebAii.Design.AutomationStepResult" Version="2011.1.729.0">
            <ResultType Type="ArtOfTest.Common.Design.ResultType">Pass</ResultType>
            <StepDescription Type="System.String">Click 'RobertTableCell'</StepDescription>
            <TestId Type="System.String">fd75ef59-b0f9-4557-af4a-a84cb018806e</TestId>
            <TestName Type="System.String">SelectMultipleRows</TestName>
            <TestPath Type="System.String">UIWidgets\Grid\Selection\SelectMultipleRows.tstest</TestPath>
            <TestStepNumber Type="System.Int32">1</TestStepNumber>
            <Order Type="System.Int32">2</Order>
            <LogMessageOnError Type="System.String">
            </LogMessageOnError>
          </Item>
          <Item Type="ArtOfTest.WebAii.Design.AutomationStepResult" Version="2011.1.729.0">
            <ResultType Type="ArtOfTest.Common.Design.ResultType">Pass</ResultType>
            <StepDescription Type="System.String">Verify attribute 'class' has 'Contains' value of 't-alt t-state-selected' on 'TableRow'</StepDescription>
            <TestId Type="System.String">fd75ef59-b0f9-4557-af4a-a84cb018806e</TestId>
            <TestName Type="System.String">SelectMultipleRows</TestName>
            <TestPath Type="System.String">UIWidgets\Grid\Selection\SelectMultipleRows.tstest</TestPath>
            <TestStepNumber Type="System.Int32">2</TestStepNumber>
            <Order Type="System.Int32">3</Order>
            <LogMessageOnError Type="System.String">
            </LogMessageOnError>
          </Item>
          <Item Type="ArtOfTest.WebAii.Design.AutomationStepResult" Version="2011.1.729.0">
            <ResultType Type="ArtOfTest.Common.Design.ResultType">Pass</ResultType>
            <StepDescription Type="System.String">Wait for '500' msec.</StepDescription>
            <TestId Type="System.String">fd75ef59-b0f9-4557-af4a-a84cb018806e</TestId>
            <TestName Type="System.String">SelectMultipleRows</TestName>
            <TestPath Type="System.String">UIWidgets\Grid\Selection\SelectMultipleRows.tstest</TestPath>
            <TestStepNumber Type="System.Int32">3</TestStepNumber>
            <Order Type="System.Int32">4</Order>
            <LogMessageOnError Type="System.String">
            </LogMessageOnError>
          </Item>
          <Item Type="ArtOfTest.WebAii.Design.AutomationStepResult" Version="2011.1.729.0">
            <ResultType Type="ArtOfTest.Common.Design.ResultType">Pass</ResultType>
            <StepDescription Type="System.String">Control + Click 'AnneTableCell0'</StepDescription>
            <TestId Type="System.String">fd75ef59-b0f9-4557-af4a-a84cb018806e</TestId>
            <TestName Type="System.String">SelectMultipleRows</TestName>
            <TestPath Type="System.String">UIWidgets\Grid\Selection\SelectMultipleRows.tstest</TestPath>
            <TestStepNumber Type="System.Int32">4</TestStepNumber>
            <Order Type="System.Int32">5</Order>
            <LogMessageOnError Type="System.String">
            </LogMessageOnError>
          </Item>
          <Item Type="ArtOfTest.WebAii.Design.AutomationStepResult" Version="2011.1.729.0">
            <ResultType Type="ArtOfTest.Common.Design.ResultType">NotRun</ResultType>
            <StepDescription Type="System.String">Shift + Click 'AnneTableCell'</StepDescription>
            <TestId Type="System.String">fd75ef59-b0f9-4557-af4a-a84cb018806e</TestId>
            <TestName Type="System.String">SelectMultipleRows</TestName>
            <TestPath Type="System.String">UIWidgets\Grid\Selection\SelectMultipleRows.tstest</TestPath>
            <TestStepNumber Type="System.Int32">5</TestStepNumber>
            <Order Type="System.Int32">6</Order>
            <LogMessageOnError Type="System.String">
            </LogMessageOnError>
          </Item>
          <Item Type="ArtOfTest.WebAii.Design.AutomationStepResult" Version="2011.1.729.0">
            <ResultType Type="ArtOfTest.Common.Design.ResultType">Pass</ResultType>
            <StepDescription Type="System.String">Verify attribute 'class' has 'Contains' value of 't-state-selected' on 'TableRow0'</StepDescription>
            <TestId Type="System.String">fd75ef59-b0f9-4557-af4a-a84cb018806e</TestId>
            <TestName Type="System.String">SelectMultipleRows</TestName>
            <TestPath Type="System.String">UIWidgets\Grid\Selection\SelectMultipleRows.tstest</TestPath>
            <TestStepNumber Type="System.Int32">6</TestStepNumber>
            <Order Type="System.Int32">7</Order>
            <LogMessageOnError Type="System.String">
            </LogMessageOnError>
          </Item>
          <Item Type="ArtOfTest.WebAii.Design.AutomationStepResult" Version="2011.1.729.0">
            <ResultType Type="ArtOfTest.Common.Design.ResultType">Pass</ResultType>
            <StepDescription Type="System.String">Verify attribute 'class' has 'Contains' value of 't-alt t-state-selected' on 'TableRow'</StepDescription>
            <TestId Type="System.String">fd75ef59-b0f9-4557-af4a-a84cb018806e</TestId>
            <TestName Type="System.String">SelectMultipleRows</TestName>
            <TestPath Type="System.String">UIWidgets\Grid\Selection\SelectMultipleRows.tstest</TestPath>
            <TestStepNumber Type="System.Int32">7</TestStepNumber>
            <Order Type="System.Int32">8</Order>
            <LogMessageOnError Type="System.String">
            </LogMessageOnError>
          </Item>
        </AutomationStepResults>
        <NotRunStepDescriptions />
        <PerStepMessages Type="System.String">Overall Result: Pass
------------------------------------------------------------
'8/10/2011 9:24:58 AM' - Starting execution....
------------------------------------------------------------
'8/10/2011 9:25:00 AM' - 'Pass' : 1. Navigate to : '/grid/selection.html'
'8/10/2011 9:25:01 AM' - 'Pass' : 2. Click 'RobertTableCell'
'8/10/2011 9:25:01 AM' - 'Pass' : 3. Verify attribute 'class' has 'Contains' value of 't-alt t-state-selected' on 'TableRow'
'8/10/2011 9:25:01 AM' - 'Pass' : 4. Wait for '500' msec.
'8/10/2011 9:25:02 AM' - 'Pass' : 5. Control + Click 'AnneTableCell0'
'8/10/2011 9:25:02 AM' - 'NotRun' : 6. Shift + Click 'AnneTableCell'
'8/10/2011 9:25:02 AM' - 'Pass' : 7. Verify attribute 'class' has 'Contains' value of 't-state-selected' on 'TableRow0'
'8/10/2011 9:25:02 AM' - 'Pass' : 8. Verify attribute 'class' has 'Contains' value of 't-alt t-state-selected' on 'TableRow'
------------------------------------------------------------
'8/10/2011 9:25:02 AM' - Overall Result: Pass
'8/10/2011 9:25:02 AM' - Duration: [0 min: 2 sec: 711 msec]
------------------------------------------------------------
'8/10/2011 9:25:03 AM' - Test completed!
</PerStepMessages>
        <TotalNumberOfPassedSteps Type="System.Int32">7</TotalNumberOfPassedSteps>
        <ExecutingTestStepCount Type="System.Int32">7</ExecutingTestStepCount>
        <TotalNumberOfNotRunSteps Type="System.Int32">1</TotalNumberOfNotRunSteps>
        <IsDataDrivenResult Type="System.Boolean">False</IsDataDrivenResult>
        <SeparatorLineCharCount Type="System.Int32">60</SeparatorLineCharCount>
        <ExecutionType Type="ArtOfTest.Common.Design.ExecutionType">QuickExecution</ExecutionType>
        <EndTime Type="System.DateTime">2011-08-10 06:25:02Z</EndTime>
        <StarTime Type="System.DateTime">2011-08-10 06:25:00Z</StarTime>
        <DataIterationResults />
      </WebAiiTestResult>
    </WebAiiTestResult>
  </Results>
</TestRun>