<?xml version="1.0" encoding="UTF-8"?>
<TestRun id="3e3cbd99-487b-463b-bd54-aa06caec0358" name="aggeorgiev@AGGEORGIEV 2011-08-18 10:49:11" runUser="TELERIK\aggeorgiev" xmlns="http://microsoft.com/schemas/VisualStudio/TeamTest/2010">
  <TestSettings name="Local" id="038bf895-298b-4f7c-bbaa-fdfc7f6d63e7">
    <Description>These are default test settings for a local test run.</Description>
    <Execution>
      <TestTypeSpecific>
        <UnitTestRunConfig testTypeId="13cdc9d9-ddb5-4fa4-a97d-d965ccfc6d4b">
          <AssemblyResolution>
            <TestDirectory useLoadContext="true" />
          </AssemblyResolution>
        </UnitTestRunConfig>
        <WebTestRunConfiguration testTypeId="4e7599fa-5ecb-43e9-a887-cd63cf72d207">
          <Browser name="Internet Explorer 7.0">
            <Headers>
              <Header name="User-Agent" value="Mozilla/4.0 (compatible; MSIE 7.0; Windows NT 5.1)" />
              <Header name="Accept" value="*/*" />
              <Header name="Accept-Language" value="{{$IEAcceptLanguage}}" />
              <Header name="Accept-Encoding" value="GZIP" />
            </Headers>
          </Browser>
        </WebTestRunConfiguration>
        <WebAiiTestRunConfig testTypeId="c4241296-3c6e-46b1-bf92-e0bd3e0eb017" Settings="&lt;?xml version=&quot;1.0&quot; encoding=&quot;utf-16&quot;?&gt;&#xD;&#xA;&lt;Settings xmlns:xsi=&quot;http://www.w3.org/2001/XMLSchema-instance&quot; xmlns:xsd=&quot;http://www.w3.org/2001/XMLSchema&quot;&gt;&#xD;&#xA;  &lt;Web&gt;&#xD;&#xA;    &lt;ExecutingBrowsers&gt;&#xD;&#xA;      &lt;BrowserExecutionType&gt;InternetExplorer&lt;/BrowserExecutionType&gt;&#xD;&#xA;    &lt;/ExecutingBrowsers&gt;&#xD;&#xA;    &lt;UseMultiBrowserExecution&gt;false&lt;/UseMultiBrowserExecution&gt;&#xD;&#xA;    &lt;RecycleBrowser&gt;false&lt;/RecycleBrowser&gt;&#xD;&#xA;    &lt;AspNetDevServerPort&gt;1&lt;/AspNetDevServerPort&gt;&#xD;&#xA;    &lt;LocalWebServer&gt;None&lt;/LocalWebServer&gt;&#xD;&#xA;    &lt;EnableUILessRequestViewing&gt;false&lt;/EnableUILessRequestViewing&gt;&#xD;&#xA;    &lt;WebAppPhysicalPath /&gt;&#xD;&#xA;    &lt;DefaultBrowser&gt;InternetExplorer&lt;/DefaultBrowser&gt;&#xD;&#xA;    &lt;Browser&gt;InternetExplorer&lt;/Browser&gt;&#xD;&#xA;    &lt;EnableScriptLogging&gt;false&lt;/EnableScriptLogging&gt;&#xD;&#xA;    &lt;BaseUrl /&gt;&#xD;&#xA;    &lt;KillBrowserProcessOnClose&gt;false&lt;/KillBrowserProcessOnClose&gt;&#xD;&#xA;    &lt;UseHttpProxy&gt;false&lt;/UseHttpProxy&gt;&#xD;&#xA;    &lt;EnableSilverlight&gt;false&lt;/EnableSilverlight&gt;&#xD;&#xA;    &lt;VerboseHttpProxy&gt;false&lt;/VerboseHttpProxy&gt;&#xD;&#xA;    &lt;SilverlightConnectTimeout&gt;30000&lt;/SilverlightConnectTimeout&gt;&#xD;&#xA;  &lt;/Web&gt;&#xD;&#xA;  &lt;CreateLogFile&gt;true&lt;/CreateLogFile&gt;&#xD;&#xA;  &lt;LogLocation&gt;C:\WebAiiLog\&lt;/LogLocation&gt;&#xD;&#xA;  &lt;QueryEventLogErrorsOnExit&gt;false&lt;/QueryEventLogErrorsOnExit&gt;&#xD;&#xA;  &lt;LogAnnotations&gt;false&lt;/LogAnnotations&gt;&#xD;&#xA;  &lt;SimulatedMouseMoveSpeed&gt;0.3&lt;/SimulatedMouseMoveSpeed&gt;&#xD;&#xA;  &lt;WaitCheckInterval&gt;500&lt;/WaitCheckInterval&gt;&#xD;&#xA;  &lt;ElementWaitTimeout&gt;10000&lt;/ElementWaitTimeout&gt;&#xD;&#xA;  &lt;ExecuteCommandTimeout&gt;20000&lt;/ExecuteCommandTimeout&gt;&#xD;&#xA;  &lt;ExecutionDelay&gt;0&lt;/ExecutionDelay&gt;&#xD;&#xA;  &lt;UnexpectedDialogAction&gt;HandleAndFailTest&lt;/UnexpectedDialogAction&gt;&#xD;&#xA;  &lt;AnnotateExecution&gt;false&lt;/AnnotateExecution&gt;&#xD;&#xA;  &lt;AnnotationMode&gt;All&lt;/AnnotationMode&gt;&#xD;&#xA;  &lt;XMultiMgr&gt;true&lt;/XMultiMgr&gt;&#xD;&#xA;  &lt;ClientReadyTimeout&gt;30000&lt;/ClientReadyTimeout&gt;&#xD;&#xA;&lt;/Settings&gt;" xmlns="http://artoftest.com/schemas/WebAiiDesignCanvas/1.0.0" />
      </TestTypeSpecific>
      <AgentRule name="LocalMachineDefaultRole">
      </AgentRule>
    </Execution>
    <Deployment runDeploymentRoot="aggeorgiev_AGGEORGIEV 2011-08-18 10_49_11" />
  </TestSettings>
  <Times creation="2011-08-18T10:49:11.0031564+03:00" queuing="2011-08-18T10:49:11.6722902+03:00" start="2011-08-18T10:49:12.0363630+03:00" finish="2011-08-18T10:49:29.8519254+03:00" />
  <ResultSummary outcome="Aborted">
    <Counters total="15" executed="2" error="0" failed="0" timeout="0" aborted="1" inconclusive="0" passedButRunAborted="1" notRunnable="0" notExecuted="13" disconnected="0" warning="0" passed="0" completed="0" inProgress="0" pending="0" />
  </ResultSummary>
  <TestDefinitions>
    <WebAiiTest name="AssertMessages" storage="c:\work\github\kendo\functional-tests\aeroviewr\testproject2\aeroviewr\assertmessages.aii" priority="0" id="63c00f77-a7be-418e-b759-191b55d39b79" xmlns="http://artoftest.com/schemas/WebAiiDesignCanvas/1.0.0">
      <Description xmlns="http://microsoft.com/schemas/VisualStudio/TeamTest/2010">WebAii Testcase</Description>
      <DeploymentItems xmlns="http://microsoft.com/schemas/VisualStudio/TeamTest/2010">
        <DeploymentItem filename="..\bin\Debug\TestProject2.dll" />
      </DeploymentItems>
      <Execution id="471c54e2-304e-4424-b320-ce186f1541a6" xmlns="http://microsoft.com/schemas/VisualStudio/TeamTest/2010" />
    </WebAiiTest>
    <WebAiiTest name="PlayPause" storage="c:\work\github\kendo\functional-tests\aeroviewr\testproject2\aeroviewr\playpause.aii" priority="0" id="1d421b65-b68b-4f11-8775-0ce895da03e8" xmlns="http://artoftest.com/schemas/WebAiiDesignCanvas/1.0.0">
      <Description xmlns="http://microsoft.com/schemas/VisualStudio/TeamTest/2010">WebAii Testcase</Description>
      <DeploymentItems xmlns="http://microsoft.com/schemas/VisualStudio/TeamTest/2010">
        <DeploymentItem filename="..\bin\Debug\TestProject2.dll" />
      </DeploymentItems>
      <Execution id="d1c2a614-e67f-44df-9288-f19934b5b569" xmlns="http://microsoft.com/schemas/VisualStudio/TeamTest/2010" />
    </WebAiiTest>
    <WebAiiTest name="LogInlLogOut" storage="c:\work\github\kendo\functional-tests\aeroviewr\testproject2\aeroviewr\loginllogout.aii" priority="0" id="7ab8648a-7941-4ef6-9c1f-592616353a51" xmlns="http://artoftest.com/schemas/WebAiiDesignCanvas/1.0.0">
      <Description xmlns="http://microsoft.com/schemas/VisualStudio/TeamTest/2010">WebAii Testcase</Description>
      <DeploymentItems xmlns="http://microsoft.com/schemas/VisualStudio/TeamTest/2010">
        <DeploymentItem filename="..\bin\Debug\TestProject2.dll" />
      </DeploymentItems>
      <Execution id="47b01a1f-7a16-45be-a4c8-e0b28c6dc71d" xmlns="http://microsoft.com/schemas/VisualStudio/TeamTest/2010" />
    </WebAiiTest>
    <WebAiiTest name="OpenSetPicBack" storage="c:\work\github\kendo\functional-tests\aeroviewr\testproject2\aeroviewr\opensetpicback.aii" priority="0" id="784b9f29-b4df-4489-b2b5-9241f08ddaa2" xmlns="http://artoftest.com/schemas/WebAiiDesignCanvas/1.0.0">
      <Description xmlns="http://microsoft.com/schemas/VisualStudio/TeamTest/2010">WebAii Testcase</Description>
      <DeploymentItems xmlns="http://microsoft.com/schemas/VisualStudio/TeamTest/2010">
        <DeploymentItem filename="..\bin\Debug\TestProject2.dll" />
        <DeploymentItem filename="..\AeroViewr\LogIn.aii" />
      </DeploymentItems>
      <Execution id="ec1883d6-deae-4569-b68b-60f5ccf14602" xmlns="http://microsoft.com/schemas/VisualStudio/TeamTest/2010" />
    </WebAiiTest>
    <WebAiiTest name="ListViewSlider" storage="c:\work\github\kendo\functional-tests\aeroviewr\testproject2\aeroviewr\listviewslider.aii" priority="0" id="e00b90f3-db1f-45f4-b140-c7add24427af" xmlns="http://artoftest.com/schemas/WebAiiDesignCanvas/1.0.0">
      <Description xmlns="http://microsoft.com/schemas/VisualStudio/TeamTest/2010">WebAii Testcase</Description>
      <DeploymentItems xmlns="http://microsoft.com/schemas/VisualStudio/TeamTest/2010">
        <DeploymentItem filename="..\bin\Debug\TestProject2.dll" />
      </DeploymentItems>
      <Execution id="d08832b7-2ecf-49ef-9abb-3a31782252a3" xmlns="http://microsoft.com/schemas/VisualStudio/TeamTest/2010" />
    </WebAiiTest>
    <WebAiiTest name="SearchOpenImage" storage="c:\work\github\kendo\functional-tests\aeroviewr\testproject2\aeroviewr\searchopenimage.aii" priority="0" id="81272445-c191-48a7-9f7e-4efc378d84b1" xmlns="http://artoftest.com/schemas/WebAiiDesignCanvas/1.0.0">
      <Description xmlns="http://microsoft.com/schemas/VisualStudio/TeamTest/2010">WebAii Testcase</Description>
      <DeploymentItems xmlns="http://microsoft.com/schemas/VisualStudio/TeamTest/2010">
        <DeploymentItem filename="..\bin\Debug\TestProject2.dll" />
      </DeploymentItems>
      <Execution id="b1d5f060-d371-4e16-b33b-0fd5e32e8fb1" xmlns="http://microsoft.com/schemas/VisualStudio/TeamTest/2010" />
    </WebAiiTest>
    <WebAiiTest name="GlassManyTimes" storage="c:\work\github\kendo\functional-tests\aeroviewr\testproject2\aeroviewr\glassmanytimes.aii" priority="0" id="66a11db1-2d67-4448-a7d5-213740fbf5e6" xmlns="http://artoftest.com/schemas/WebAiiDesignCanvas/1.0.0">
      <Description xmlns="http://microsoft.com/schemas/VisualStudio/TeamTest/2010">WebAii Testcase</Description>
      <DeploymentItems xmlns="http://microsoft.com/schemas/VisualStudio/TeamTest/2010">
        <DeploymentItem filename="..\bin\Debug\TestProject2.dll" />
      </DeploymentItems>
      <Execution id="0e53ca9d-edde-4eae-add8-b7e77490d380" xmlns="http://microsoft.com/schemas/VisualStudio/TeamTest/2010" />
    </WebAiiTest>
    <WebAiiTest name="NotLoggedSearch" storage="c:\work\github\kendo\functional-tests\aeroviewr\testproject2\aeroviewr\notloggedsearch.aii" priority="0" id="a166859d-f0af-41a1-bc73-3b8f768a5103" xmlns="http://artoftest.com/schemas/WebAiiDesignCanvas/1.0.0">
      <Description xmlns="http://microsoft.com/schemas/VisualStudio/TeamTest/2010">WebAii Testcase</Description>
      <DeploymentItems xmlns="http://microsoft.com/schemas/VisualStudio/TeamTest/2010">
        <DeploymentItem filename="..\bin\Debug\TestProject2.dll" />
      </DeploymentItems>
      <Execution id="5171ff51-125d-4ada-a225-e405795edce9" xmlns="http://microsoft.com/schemas/VisualStudio/TeamTest/2010" />
    </WebAiiTest>
    <WebAiiTest name="ClickInfoWindow" storage="c:\work\github\kendo\functional-tests\aeroviewr\testproject2\aeroviewr\clickinfowindow.aii" priority="0" id="6ac6b301-c6ea-4e6d-83ef-7c85c1184aa7" xmlns="http://artoftest.com/schemas/WebAiiDesignCanvas/1.0.0">
      <Description xmlns="http://microsoft.com/schemas/VisualStudio/TeamTest/2010">WebAii Testcase</Description>
      <DeploymentItems xmlns="http://microsoft.com/schemas/VisualStudio/TeamTest/2010">
        <DeploymentItem filename="..\bin\Debug\TestProject2.dll" />
      </DeploymentItems>
      <Execution id="e457218c-7e66-4a2e-b7fa-d2e44180b0d1" xmlns="http://microsoft.com/schemas/VisualStudio/TeamTest/2010" />
    </WebAiiTest>
    <WebAiiTest name="OpenSetSearchBack" storage="c:\work\github\kendo\functional-tests\aeroviewr\testproject2\aeroviewr\opensetsearchback.aii" priority="0" id="a71e5ebf-cad5-489d-9597-0e39d5d99e94" xmlns="http://artoftest.com/schemas/WebAiiDesignCanvas/1.0.0">
      <Description xmlns="http://microsoft.com/schemas/VisualStudio/TeamTest/2010">WebAii Testcase</Description>
      <DeploymentItems xmlns="http://microsoft.com/schemas/VisualStudio/TeamTest/2010">
        <DeploymentItem filename="..\bin\Debug\TestProject2.dll" />
        <DeploymentItem filename="..\AeroViewr\LogIn.aii" />
      </DeploymentItems>
      <Execution id="9f916504-2b90-4acc-b5ed-ad72c5a67fd7" xmlns="http://microsoft.com/schemas/VisualStudio/TeamTest/2010" />
    </WebAiiTest>
    <WebAiiTest name="AssertBigPic" storage="c:\work\github\kendo\functional-tests\aeroviewr\testproject2\aeroviewr\assertbigpic.aii" priority="0" id="c4b769f8-1265-45fc-9ed4-a454bc4bb668" xmlns="http://artoftest.com/schemas/WebAiiDesignCanvas/1.0.0">
      <Description xmlns="http://microsoft.com/schemas/VisualStudio/TeamTest/2010">WebAii Testcase</Description>
      <DeploymentItems xmlns="http://microsoft.com/schemas/VisualStudio/TeamTest/2010">
        <DeploymentItem filename="..\bin\Debug\TestProject2.dll" />
      </DeploymentItems>
      <Execution id="b3e0d986-5f6d-420a-890d-88cc0e1ad488" xmlns="http://microsoft.com/schemas/VisualStudio/TeamTest/2010" />
    </WebAiiTest>
    <UnitTest name="TestMethod1" storage="c:\work\github\kendo\functional-tests\aeroviewr\testproject2\bin\debug\testproject2.dll" id="b96f2172-51f7-3767-573a-01ebaf3120be">
      <Execution id="e4671a99-922c-4576-940b-e372c21e13a3" />
      <TestMethod codeBase="C:/work/GitHub/kendo/functional-tests/AeroViewr/TestProject2/bin/Debug/TestProject2.DLL" adapterTypeName="Microsoft.VisualStudio.TestTools.TestTypes.Unit.UnitTestAdapter, Microsoft.VisualStudio.QualityTools.Tips.UnitTest.Adapter, Version=10.0.0.0, Culture=neutral, PublicKeyToken=b03f5f7f11d50a3a" className="TestProject2.UnitTest1, TestProject2, Version=1.0.0.0, Culture=neutral, PublicKeyToken=null" name="TestMethod1" />
    </UnitTest>
    <WebAiiTest name="UploadNotLogged" storage="c:\work\github\kendo\functional-tests\aeroviewr\testproject2\aeroviewr\uploadnotlogged.aii" priority="0" id="0983cbaf-ce6d-40bd-8847-34bbae140b4e" xmlns="http://artoftest.com/schemas/WebAiiDesignCanvas/1.0.0">
      <Description xmlns="http://microsoft.com/schemas/VisualStudio/TeamTest/2010">WebAii Testcase</Description>
      <DeploymentItems xmlns="http://microsoft.com/schemas/VisualStudio/TeamTest/2010">
        <DeploymentItem filename="..\bin\Debug\TestProject2.dll" />
      </DeploymentItems>
      <Execution id="825227cc-7a04-4978-b713-76cad826f90b" xmlns="http://microsoft.com/schemas/VisualStudio/TeamTest/2010" />
    </WebAiiTest>
    <WebAiiTest name="LogIn" storage="c:\work\github\kendo\functional-tests\aeroviewr\testproject2\aeroviewr\login.aii" priority="0" id="1717c04f-9fa1-469b-bd54-772018aa114c" xmlns="http://artoftest.com/schemas/WebAiiDesignCanvas/1.0.0">
      <Description xmlns="http://microsoft.com/schemas/VisualStudio/TeamTest/2010">WebAii Testcase</Description>
      <DeploymentItems xmlns="http://microsoft.com/schemas/VisualStudio/TeamTest/2010">
        <DeploymentItem filename="..\bin\Debug\TestProject2.dll" />
      </DeploymentItems>
      <Execution id="b7bb2a81-8723-496f-aa69-9979f22f0136" xmlns="http://microsoft.com/schemas/VisualStudio/TeamTest/2010" />
    </WebAiiTest>
    <WebAiiTest name="SearchNoresults" storage="c:\work\github\kendo\functional-tests\aeroviewr\testproject2\aeroviewr\searchnoresults.aii" priority="0" id="5aa66a59-9b66-467e-84ac-d14f38e0d1d2" xmlns="http://artoftest.com/schemas/WebAiiDesignCanvas/1.0.0">
      <Description xmlns="http://microsoft.com/schemas/VisualStudio/TeamTest/2010">WebAii Testcase</Description>
      <DeploymentItems xmlns="http://microsoft.com/schemas/VisualStudio/TeamTest/2010">
        <DeploymentItem filename="..\bin\Debug\TestProject2.dll" />
      </DeploymentItems>
      <Execution id="f585e506-eed9-4169-a7f9-32e30d87492d" xmlns="http://microsoft.com/schemas/VisualStudio/TeamTest/2010" />
    </WebAiiTest>
  </TestDefinitions>
  <TestLists>
    <TestList name="Results Not in a List" id="8c84fa94-04c1-424b-9868-57a2d4851a1d" />
    <TestList name="All Loaded Results" id="19431567-8539-422a-85d7-44ee4e166bda" />
  </TestLists>
  <TestEntries>
    <TestEntry testId="6ac6b301-c6ea-4e6d-83ef-7c85c1184aa7" executionId="e457218c-7e66-4a2e-b7fa-d2e44180b0d1" testListId="8c84fa94-04c1-424b-9868-57a2d4851a1d" />
    <TestEntry testId="0983cbaf-ce6d-40bd-8847-34bbae140b4e" executionId="825227cc-7a04-4978-b713-76cad826f90b" testListId="8c84fa94-04c1-424b-9868-57a2d4851a1d" />
    <TestEntry testId="7ab8648a-7941-4ef6-9c1f-592616353a51" executionId="47b01a1f-7a16-45be-a4c8-e0b28c6dc71d" testListId="8c84fa94-04c1-424b-9868-57a2d4851a1d" />
    <TestEntry testId="63c00f77-a7be-418e-b759-191b55d39b79" executionId="471c54e2-304e-4424-b320-ce186f1541a6" testListId="8c84fa94-04c1-424b-9868-57a2d4851a1d" />
    <TestEntry testId="66a11db1-2d67-4448-a7d5-213740fbf5e6" executionId="0e53ca9d-edde-4eae-add8-b7e77490d380" testListId="8c84fa94-04c1-424b-9868-57a2d4851a1d" />
    <TestEntry testId="b96f2172-51f7-3767-573a-01ebaf3120be" executionId="e4671a99-922c-4576-940b-e372c21e13a3" testListId="8c84fa94-04c1-424b-9868-57a2d4851a1d" />
    <TestEntry testId="e00b90f3-db1f-45f4-b140-c7add24427af" executionId="d08832b7-2ecf-49ef-9abb-3a31782252a3" testListId="8c84fa94-04c1-424b-9868-57a2d4851a1d" />
    <TestEntry testId="1d421b65-b68b-4f11-8775-0ce895da03e8" executionId="d1c2a614-e67f-44df-9288-f19934b5b569" testListId="8c84fa94-04c1-424b-9868-57a2d4851a1d" />
    <TestEntry testId="784b9f29-b4df-4489-b2b5-9241f08ddaa2" executionId="ec1883d6-deae-4569-b68b-60f5ccf14602" testListId="8c84fa94-04c1-424b-9868-57a2d4851a1d" />
    <TestEntry testId="a71e5ebf-cad5-489d-9597-0e39d5d99e94" executionId="9f916504-2b90-4acc-b5ed-ad72c5a67fd7" testListId="8c84fa94-04c1-424b-9868-57a2d4851a1d" />
    <TestEntry testId="5aa66a59-9b66-467e-84ac-d14f38e0d1d2" executionId="f585e506-eed9-4169-a7f9-32e30d87492d" testListId="8c84fa94-04c1-424b-9868-57a2d4851a1d" />
    <TestEntry testId="c4b769f8-1265-45fc-9ed4-a454bc4bb668" executionId="b3e0d986-5f6d-420a-890d-88cc0e1ad488" testListId="8c84fa94-04c1-424b-9868-57a2d4851a1d" />
    <TestEntry testId="1717c04f-9fa1-469b-bd54-772018aa114c" executionId="b7bb2a81-8723-496f-aa69-9979f22f0136" testListId="8c84fa94-04c1-424b-9868-57a2d4851a1d" />
    <TestEntry testId="81272445-c191-48a7-9f7e-4efc378d84b1" executionId="b1d5f060-d371-4e16-b33b-0fd5e32e8fb1" testListId="8c84fa94-04c1-424b-9868-57a2d4851a1d" />
    <TestEntry testId="a166859d-f0af-41a1-bc73-3b8f768a5103" executionId="5171ff51-125d-4ada-a225-e405795edce9" testListId="8c84fa94-04c1-424b-9868-57a2d4851a1d" />
  </TestEntries>
  <Results>
    <WebAiiTestResult executionId="e457218c-7e66-4a2e-b7fa-d2e44180b0d1" testId="6ac6b301-c6ea-4e6d-83ef-7c85c1184aa7" testName="ClickInfoWindow" computerName="AGGEORGIEV" duration="00:00:12.5912349" startTime="2011-08-18T10:49:12.0463650+03:00" endTime="2011-08-18T10:49:24.6408834+03:00" testType="c4241296-3c6e-46b1-bf92-e0bd3e0eb017" outcome="PassedButRunAborted" testListId="8c84fa94-04c1-424b-9868-57a2d4851a1d" relativeResultsDirectory="e457218c-7e66-4a2e-b7fa-d2e44180b0d1" xmlns="http://artoftest.com/schemas/WebAiiDesignCanvas/1.0.0">
      <Output xmlns="http://microsoft.com/schemas/VisualStudio/TeamTest/2010">
        <ErrorInfo>
          <Message>Overall Result: Pass
------------------------------------------------------------
'8/18/2011 10:49:12 AM' - Starting execution....
'8/18/2011 10:49:13 AM' - Detected custom code in test. Locating test assembly: TestProject2.dll.
'8/18/2011 10:49:13 AM' - Assembly Found: C:\work\GitHub\kendo\functional-tests\AeroViewr\TestResults\aggeorgiev_AGGEORGIEV 2011-08-18 10_49_11\Out\TestProject2.dll
'8/18/2011 10:49:13 AM' - Loading code class: 'AeroViewr.ClickInfoWindow'.
------------------------------------------------------------
'8/18/2011 10:49:14 AM' - 'Pass' : 1. Navigate to : '/aeroviewr/'
'8/18/2011 10:49:17 AM' - 'Pass' : 2. Wait for '3000' msec.
'8/18/2011 10:49:17 AM' - 'Pass' : 3. Click 'TechnicolorImage'
'8/18/2011 10:49:19 AM' - 'Pass' : 4. Wait for '2000' msec.
'8/18/2011 10:49:20 AM' - 'Pass' : 5. Verify element 'TechnicolorH2Tag' 'is' visible.
'8/18/2011 10:49:20 AM' - 'Pass' : 6. Click 'Span'
'8/18/2011 10:49:21 AM' - 'Pass' : 7. Wait for '1000' msec.
'8/18/2011 10:49:21 AM' - 'Pass' : 8. [ClickInfoWindow_CodedStep1] : @"Verify 'InnerText' 'Contains' 'technicolor dreamskies over eagle lake' on 'TechnicolorSpan' - ASSERT INFO WINDOW CORRESPONDS TO HTE IMAGE LOADED
------------------------------------------------------------
'8/18/2011 10:49:21 AM' - Overall Result: Pass
'8/18/2011 10:49:21 AM' - Duration: [0 min: 7 sec: 343 msec]
------------------------------------------------------------
'8/18/2011 10:49:21 AM' - Test completed!
</Message>
        </ErrorInfo>
      </Output>
      <WebAiiTestResult Type="ArtOfTest.WebAii.Design.Execution.TestResult" Version="2011.1.729.0" xmlns="">
        <TestId Type="System.String">6ac6b301-c6ea-4e6d-83ef-7c85c1184aa7</TestId>
        <TestName Type="System.String">ClickInfoWindow</TestName>
        <TestPath Type="System.String">AeroViewr\ClickInfoWindow.aii</TestPath>
        <ProjectPath Type="System.String">
        </ProjectPath>
        <ResultType Type="ArtOfTest.Common.Design.ResultType">Pass</ResultType>
        <AutomationStepResults>
          <Item Type="ArtOfTest.WebAii.Design.AutomationStepResult" Version="2011.1.729.0">
            <ResultType Type="ArtOfTest.Common.Design.ResultType">Pass</ResultType>
            <StepDescription Type="System.String">Navigate to : '/aeroviewr/'</StepDescription>
            <TestId Type="System.String">6ac6b301-c6ea-4e6d-83ef-7c85c1184aa7</TestId>
            <TestName Type="System.String">ClickInfoWindow</TestName>
            <TestPath Type="System.String">AeroViewr\ClickInfoWindow.aii</TestPath>
            <TestStepNumber Type="System.Int32">0</TestStepNumber>
            <Order Type="System.Int32">1</Order>
            <LogMessageOnError Type="System.String">
            </LogMessageOnError>
          </Item>
          <Item Type="ArtOfTest.WebAii.Design.AutomationStepResult" Version="2011.1.729.0">
            <ResultType Type="ArtOfTest.Common.Design.ResultType">Pass</ResultType>
            <StepDescription Type="System.String">Wait for '3000' msec.</StepDescription>
            <TestId Type="System.String">6ac6b301-c6ea-4e6d-83ef-7c85c1184aa7</TestId>
            <TestName Type="System.String">ClickInfoWindow</TestName>
            <TestPath Type="System.String">AeroViewr\ClickInfoWindow.aii</TestPath>
            <TestStepNumber Type="System.Int32">1</TestStepNumber>
            <Order Type="System.Int32">2</Order>
            <LogMessageOnError Type="System.String">
            </LogMessageOnError>
          </Item>
          <Item Type="ArtOfTest.WebAii.Design.AutomationStepResult" Version="2011.1.729.0">
            <ResultType Type="ArtOfTest.Common.Design.ResultType">Pass</ResultType>
            <StepDescription Type="System.String">Click 'TechnicolorImage'</StepDescription>
            <TestId Type="System.String">6ac6b301-c6ea-4e6d-83ef-7c85c1184aa7</TestId>
            <TestName Type="System.String">ClickInfoWindow</TestName>
            <TestPath Type="System.String">AeroViewr\ClickInfoWindow.aii</TestPath>
            <TestStepNumber Type="System.Int32">2</TestStepNumber>
            <Order Type="System.Int32">3</Order>
            <LogMessageOnError Type="System.String">
            </LogMessageOnError>
          </Item>
          <Item Type="ArtOfTest.WebAii.Design.AutomationStepResult" Version="2011.1.729.0">
            <ResultType Type="ArtOfTest.Common.Design.ResultType">Pass</ResultType>
            <StepDescription Type="System.String">Wait for '2000' msec.</StepDescription>
            <TestId Type="System.String">6ac6b301-c6ea-4e6d-83ef-7c85c1184aa7</TestId>
            <TestName Type="System.String">ClickInfoWindow</TestName>
            <TestPath Type="System.String">AeroViewr\ClickInfoWindow.aii</TestPath>
            <TestStepNumber Type="System.Int32">3</TestStepNumber>
            <Order Type="System.Int32">4</Order>
            <LogMessageOnError Type="System.String">
            </LogMessageOnError>
          </Item>
          <Item Type="ArtOfTest.WebAii.Design.AutomationStepResult" Version="2011.1.729.0">
            <ResultType Type="ArtOfTest.Common.Design.ResultType">Pass</ResultType>
            <StepDescription Type="System.String">Verify element 'TechnicolorH2Tag' 'is' visible.</StepDescription>
            <TestId Type="System.String">6ac6b301-c6ea-4e6d-83ef-7c85c1184aa7</TestId>
            <TestName Type="System.String">ClickInfoWindow</TestName>
            <TestPath Type="System.String">AeroViewr\ClickInfoWindow.aii</TestPath>
            <TestStepNumber Type="System.Int32">4</TestStepNumber>
            <Order Type="System.Int32">5</Order>
            <LogMessageOnError Type="System.String">
            </LogMessageOnError>
          </Item>
          <Item Type="ArtOfTest.WebAii.Design.AutomationStepResult" Version="2011.1.729.0">
            <ResultType Type="ArtOfTest.Common.Design.ResultType">Pass</ResultType>
            <StepDescription Type="System.String">Click 'Span'</StepDescription>
            <TestId Type="System.String">6ac6b301-c6ea-4e6d-83ef-7c85c1184aa7</TestId>
            <TestName Type="System.String">ClickInfoWindow</TestName>
            <TestPath Type="System.String">AeroViewr\ClickInfoWindow.aii</TestPath>
            <TestStepNumber Type="System.Int32">5</TestStepNumber>
            <Order Type="System.Int32">6</Order>
            <LogMessageOnError Type="System.String">
            </LogMessageOnError>
          </Item>
          <Item Type="ArtOfTest.WebAii.Design.AutomationStepResult" Version="2011.1.729.0">
            <ResultType Type="ArtOfTest.Common.Design.ResultType">Pass</ResultType>
            <StepDescription Type="System.String">Wait for '1000' msec.</StepDescription>
            <TestId Type="System.String">6ac6b301-c6ea-4e6d-83ef-7c85c1184aa7</TestId>
            <TestName Type="System.String">ClickInfoWindow</TestName>
            <TestPath Type="System.String">AeroViewr\ClickInfoWindow.aii</TestPath>
            <TestStepNumber Type="System.Int32">6</TestStepNumber>
            <Order Type="System.Int32">7</Order>
            <LogMessageOnError Type="System.String">
            </LogMessageOnError>
          </Item>
          <Item Type="ArtOfTest.WebAii.Design.AutomationStepResult" Version="2011.1.729.0">
            <ResultType Type="ArtOfTest.Common.Design.ResultType">Pass</ResultType>
            <StepDescription Type="System.String">[ClickInfoWindow_CodedStep1] : @"Verify 'InnerText' 'Contains' 'technicolor dreamskies over eagle lake' on 'TechnicolorSpan' - ASSERT INFO WINDOW CORRESPONDS TO HTE IMAGE LOADED</StepDescription>
            <TestId Type="System.String">6ac6b301-c6ea-4e6d-83ef-7c85c1184aa7</TestId>
            <TestName Type="System.String">ClickInfoWindow</TestName>
            <TestPath Type="System.String">AeroViewr\ClickInfoWindow.aii</TestPath>
            <TestStepNumber Type="System.Int32">7</TestStepNumber>
            <Order Type="System.Int32">8</Order>
            <LogMessageOnError Type="System.String">
            </LogMessageOnError>
          </Item>
        </AutomationStepResults>
        <NotRunStepDescriptions />
        <PerStepMessages Type="System.String">Overall Result: Pass
------------------------------------------------------------
'8/18/2011 10:49:12 AM' - Starting execution....
'8/18/2011 10:49:13 AM' - Detected custom code in test. Locating test assembly: TestProject2.dll.
'8/18/2011 10:49:13 AM' - Assembly Found: C:\work\GitHub\kendo\functional-tests\AeroViewr\TestResults\aggeorgiev_AGGEORGIEV 2011-08-18 10_49_11\Out\TestProject2.dll
'8/18/2011 10:49:13 AM' - Loading code class: 'AeroViewr.ClickInfoWindow'.
------------------------------------------------------------
'8/18/2011 10:49:14 AM' - 'Pass' : 1. Navigate to : '/aeroviewr/'
'8/18/2011 10:49:17 AM' - 'Pass' : 2. Wait for '3000' msec.
'8/18/2011 10:49:17 AM' - 'Pass' : 3. Click 'TechnicolorImage'
'8/18/2011 10:49:19 AM' - 'Pass' : 4. Wait for '2000' msec.
'8/18/2011 10:49:20 AM' - 'Pass' : 5. Verify element 'TechnicolorH2Tag' 'is' visible.
'8/18/2011 10:49:20 AM' - 'Pass' : 6. Click 'Span'
'8/18/2011 10:49:21 AM' - 'Pass' : 7. Wait for '1000' msec.
'8/18/2011 10:49:21 AM' - 'Pass' : 8. [ClickInfoWindow_CodedStep1] : @"Verify 'InnerText' 'Contains' 'technicolor dreamskies over eagle lake' on 'TechnicolorSpan' - ASSERT INFO WINDOW CORRESPONDS TO HTE IMAGE LOADED
------------------------------------------------------------
'8/18/2011 10:49:21 AM' - Overall Result: Pass
'8/18/2011 10:49:21 AM' - Duration: [0 min: 7 sec: 343 msec]
------------------------------------------------------------
'8/18/2011 10:49:21 AM' - Test completed!
</PerStepMessages>
        <TotalNumberOfPassedSteps Type="System.Int32">8</TotalNumberOfPassedSteps>
        <ExecutingTestStepCount Type="System.Int32">8</ExecutingTestStepCount>
        <TotalNumberOfNotRunSteps Type="System.Int32">0</TotalNumberOfNotRunSteps>
        <IsDataDrivenResult Type="System.Boolean">False</IsDataDrivenResult>
        <SeparatorLineCharCount Type="System.Int32">60</SeparatorLineCharCount>
        <ExecutionType Type="ArtOfTest.Common.Design.ExecutionType">QuickExecution</ExecutionType>
        <EndTime Type="System.DateTime">2011-08-18 07:49:21Z</EndTime>
        <StarTime Type="System.DateTime">2011-08-18 07:49:13Z</StarTime>
        <DataIterationResults />
      </WebAiiTestResult>
    </WebAiiTestResult>
    <TestResult executionId="825227cc-7a04-4978-b713-76cad826f90b" testId="0983cbaf-ce6d-40bd-8847-34bbae140b4e" testName="UploadNotLogged" computerName="AGGEORGIEV" duration="00:00:00.1500300" startTime="2011-08-18T10:49:24.6438840+03:00" endTime="2011-08-18T10:49:24.7939140+03:00" testType="c4241296-3c6e-46b1-bf92-e0bd3e0eb017" outcome="Aborted" testListId="8c84fa94-04c1-424b-9868-57a2d4851a1d" relativeResultsDirectory="825227cc-7a04-4978-b713-76cad826f90b">
      <Output>
        <ErrorInfo>
          <Message>User aborted test run.</Message>
        </ErrorInfo>
      </Output>
    </TestResult>
    <TestResult executionId="47b01a1f-7a16-45be-a4c8-e0b28c6dc71d" testId="7ab8648a-7941-4ef6-9c1f-592616353a51" testName="LogInlLogOut" computerName="AGGEORGIEV" testType="c4241296-3c6e-46b1-bf92-e0bd3e0eb017" outcome="NotExecuted" testListId="8c84fa94-04c1-424b-9868-57a2d4851a1d" relativeResultsDirectory="47b01a1f-7a16-45be-a4c8-e0b28c6dc71d">
    </TestResult>
    <TestResult executionId="471c54e2-304e-4424-b320-ce186f1541a6" testId="63c00f77-a7be-418e-b759-191b55d39b79" testName="AssertMessages" computerName="AGGEORGIEV" testType="c4241296-3c6e-46b1-bf92-e0bd3e0eb017" outcome="NotExecuted" testListId="8c84fa94-04c1-424b-9868-57a2d4851a1d" relativeResultsDirectory="471c54e2-304e-4424-b320-ce186f1541a6">
    </TestResult>
    <TestResult executionId="0e53ca9d-edde-4eae-add8-b7e77490d380" testId="66a11db1-2d67-4448-a7d5-213740fbf5e6" testName="GlassManyTimes" computerName="AGGEORGIEV" testType="c4241296-3c6e-46b1-bf92-e0bd3e0eb017" outcome="NotExecuted" testListId="8c84fa94-04c1-424b-9868-57a2d4851a1d" relativeResultsDirectory="0e53ca9d-edde-4eae-add8-b7e77490d380">
    </TestResult>
    <UnitTestResult executionId="e4671a99-922c-4576-940b-e372c21e13a3" testId="b96f2172-51f7-3767-573a-01ebaf3120be" testName="TestMethod1" computerName="AGGEORGIEV" testType="13cdc9d9-ddb5-4fa4-a97d-d965ccfc6d4b" outcome="NotExecuted" testListId="8c84fa94-04c1-424b-9868-57a2d4851a1d" relativeResultsDirectory="e4671a99-922c-4576-940b-e372c21e13a3">
    </UnitTestResult>
    <TestResult executionId="d08832b7-2ecf-49ef-9abb-3a31782252a3" testId="e00b90f3-db1f-45f4-b140-c7add24427af" testName="ListViewSlider" computerName="AGGEORGIEV" testType="c4241296-3c6e-46b1-bf92-e0bd3e0eb017" outcome="NotExecuted" testListId="8c84fa94-04c1-424b-9868-57a2d4851a1d" relativeResultsDirectory="d08832b7-2ecf-49ef-9abb-3a31782252a3">
    </TestResult>
    <TestResult executionId="d1c2a614-e67f-44df-9288-f19934b5b569" testId="1d421b65-b68b-4f11-8775-0ce895da03e8" testName="PlayPause" computerName="AGGEORGIEV" testType="c4241296-3c6e-46b1-bf92-e0bd3e0eb017" outcome="NotExecuted" testListId="8c84fa94-04c1-424b-9868-57a2d4851a1d" relativeResultsDirectory="d1c2a614-e67f-44df-9288-f19934b5b569">
    </TestResult>
    <TestResult executionId="ec1883d6-deae-4569-b68b-60f5ccf14602" testId="784b9f29-b4df-4489-b2b5-9241f08ddaa2" testName="OpenSetPicBack" computerName="AGGEORGIEV" testType="c4241296-3c6e-46b1-bf92-e0bd3e0eb017" outcome="NotExecuted" testListId="8c84fa94-04c1-424b-9868-57a2d4851a1d" relativeResultsDirectory="ec1883d6-deae-4569-b68b-60f5ccf14602">
    </TestResult>
    <TestResult executionId="9f916504-2b90-4acc-b5ed-ad72c5a67fd7" testId="a71e5ebf-cad5-489d-9597-0e39d5d99e94" testName="OpenSetSearchBack" computerName="AGGEORGIEV" testType="c4241296-3c6e-46b1-bf92-e0bd3e0eb017" outcome="NotExecuted" testListId="8c84fa94-04c1-424b-9868-57a2d4851a1d" relativeResultsDirectory="9f916504-2b90-4acc-b5ed-ad72c5a67fd7">
    </TestResult>
    <TestResult executionId="f585e506-eed9-4169-a7f9-32e30d87492d" testId="5aa66a59-9b66-467e-84ac-d14f38e0d1d2" testName="SearchNoresults" computerName="AGGEORGIEV" testType="c4241296-3c6e-46b1-bf92-e0bd3e0eb017" outcome="NotExecuted" testListId="8c84fa94-04c1-424b-9868-57a2d4851a1d" relativeResultsDirectory="f585e506-eed9-4169-a7f9-32e30d87492d">
    </TestResult>
    <TestResult executionId="b3e0d986-5f6d-420a-890d-88cc0e1ad488" testId="c4b769f8-1265-45fc-9ed4-a454bc4bb668" testName="AssertBigPic" computerName="AGGEORGIEV" testType="c4241296-3c6e-46b1-bf92-e0bd3e0eb017" outcome="NotExecuted" testListId="8c84fa94-04c1-424b-9868-57a2d4851a1d" relativeResultsDirectory="b3e0d986-5f6d-420a-890d-88cc0e1ad488">
    </TestResult>
    <TestResult executionId="b7bb2a81-8723-496f-aa69-9979f22f0136" testId="1717c04f-9fa1-469b-bd54-772018aa114c" testName="LogIn" computerName="AGGEORGIEV" testType="c4241296-3c6e-46b1-bf92-e0bd3e0eb017" outcome="NotExecuted" testListId="8c84fa94-04c1-424b-9868-57a2d4851a1d" relativeResultsDirectory="b7bb2a81-8723-496f-aa69-9979f22f0136">
    </TestResult>
    <TestResult executionId="b1d5f060-d371-4e16-b33b-0fd5e32e8fb1" testId="81272445-c191-48a7-9f7e-4efc378d84b1" testName="SearchOpenImage" computerName="AGGEORGIEV" testType="c4241296-3c6e-46b1-bf92-e0bd3e0eb017" outcome="NotExecuted" testListId="8c84fa94-04c1-424b-9868-57a2d4851a1d" relativeResultsDirectory="b1d5f060-d371-4e16-b33b-0fd5e32e8fb1">
    </TestResult>
    <TestResult executionId="5171ff51-125d-4ada-a225-e405795edce9" testId="a166859d-f0af-41a1-bc73-3b8f768a5103" testName="NotLoggedSearch" computerName="AGGEORGIEV" testType="c4241296-3c6e-46b1-bf92-e0bd3e0eb017" outcome="NotExecuted" testListId="8c84fa94-04c1-424b-9868-57a2d4851a1d" relativeResultsDirectory="5171ff51-125d-4ada-a225-e405795edce9">
    </TestResult>
  </Results>
</TestRun>