<?xml version="1.0" encoding="UTF-8"?>
<TestRun id="7a206c23-889d-4e31-833c-451d6889fd7c" name="aggeorgiev@AGGEORGIEV 2011-08-18 10:30:13" runUser="TELERIK\aggeorgiev" xmlns="http://microsoft.com/schemas/VisualStudio/TeamTest/2010">
  <TestSettings name="Local" id="038bf895-298b-4f7c-bbaa-fdfc7f6d63e7">
    <Description>These are default test settings for a local test run.</Description>
    <Execution>
      <TestTypeSpecific>
        <UnitTestRunConfig testTypeId="13cdc9d9-ddb5-4fa4-a97d-d965ccfc6d4b">
          <AssemblyResolution>
            <TestDirectory useLoadContext="true" />
          </AssemblyResolution>
        </UnitTestRunConfig>
        <WebTestRunConfiguration testTypeId="4e7599fa-5ecb-43e9-a887-cd63cf72d207">
          <Browser name="Internet Explorer 7.0">
            <Headers>
              <Header name="User-Agent" value="Mozilla/4.0 (compatible; MSIE 7.0; Windows NT 5.1)" />
              <Header name="Accept" value="*/*" />
              <Header name="Accept-Language" value="{{$IEAcceptLanguage}}" />
              <Header name="Accept-Encoding" value="GZIP" />
            </Headers>
          </Browser>
        </WebTestRunConfiguration>
        <WebAiiTestRunConfig testTypeId="c4241296-3c6e-46b1-bf92-e0bd3e0eb017" Settings="&lt;?xml version=&quot;1.0&quot; encoding=&quot;utf-16&quot;?&gt;&#xD;&#xA;&lt;Settings xmlns:xsi=&quot;http://www.w3.org/2001/XMLSchema-instance&quot; xmlns:xsd=&quot;http://www.w3.org/2001/XMLSchema&quot;&gt;&#xD;&#xA;  &lt;Web&gt;&#xD;&#xA;    &lt;ExecutingBrowsers&gt;&#xD;&#xA;      &lt;BrowserExecutionType&gt;InternetExplorer&lt;/BrowserExecutionType&gt;&#xD;&#xA;    &lt;/ExecutingBrowsers&gt;&#xD;&#xA;    &lt;UseMultiBrowserExecution&gt;false&lt;/UseMultiBrowserExecution&gt;&#xD;&#xA;    &lt;RecycleBrowser&gt;false&lt;/RecycleBrowser&gt;&#xD;&#xA;    &lt;AspNetDevServerPort&gt;1&lt;/AspNetDevServerPort&gt;&#xD;&#xA;    &lt;LocalWebServer&gt;None&lt;/LocalWebServer&gt;&#xD;&#xA;    &lt;EnableUILessRequestViewing&gt;false&lt;/EnableUILessRequestViewing&gt;&#xD;&#xA;    &lt;WebAppPhysicalPath /&gt;&#xD;&#xA;    &lt;DefaultBrowser&gt;InternetExplorer&lt;/DefaultBrowser&gt;&#xD;&#xA;    &lt;Browser&gt;InternetExplorer&lt;/Browser&gt;&#xD;&#xA;    &lt;EnableScriptLogging&gt;false&lt;/EnableScriptLogging&gt;&#xD;&#xA;    &lt;BaseUrl /&gt;&#xD;&#xA;    &lt;KillBrowserProcessOnClose&gt;false&lt;/KillBrowserProcessOnClose&gt;&#xD;&#xA;    &lt;UseHttpProxy&gt;false&lt;/UseHttpProxy&gt;&#xD;&#xA;    &lt;EnableSilverlight&gt;false&lt;/EnableSilverlight&gt;&#xD;&#xA;    &lt;VerboseHttpProxy&gt;false&lt;/VerboseHttpProxy&gt;&#xD;&#xA;    &lt;SilverlightConnectTimeout&gt;30000&lt;/SilverlightConnectTimeout&gt;&#xD;&#xA;  &lt;/Web&gt;&#xD;&#xA;  &lt;CreateLogFile&gt;true&lt;/CreateLogFile&gt;&#xD;&#xA;  &lt;LogLocation&gt;C:\WebAiiLog\&lt;/LogLocation&gt;&#xD;&#xA;  &lt;QueryEventLogErrorsOnExit&gt;false&lt;/QueryEventLogErrorsOnExit&gt;&#xD;&#xA;  &lt;LogAnnotations&gt;false&lt;/LogAnnotations&gt;&#xD;&#xA;  &lt;SimulatedMouseMoveSpeed&gt;0.3&lt;/SimulatedMouseMoveSpeed&gt;&#xD;&#xA;  &lt;WaitCheckInterval&gt;500&lt;/WaitCheckInterval&gt;&#xD;&#xA;  &lt;ElementWaitTimeout&gt;10000&lt;/ElementWaitTimeout&gt;&#xD;&#xA;  &lt;ExecuteCommandTimeout&gt;20000&lt;/ExecuteCommandTimeout&gt;&#xD;&#xA;  &lt;ExecutionDelay&gt;0&lt;/ExecutionDelay&gt;&#xD;&#xA;  &lt;UnexpectedDialogAction&gt;HandleAndFailTest&lt;/UnexpectedDialogAction&gt;&#xD;&#xA;  &lt;AnnotateExecution&gt;false&lt;/AnnotateExecution&gt;&#xD;&#xA;  &lt;AnnotationMode&gt;All&lt;/AnnotationMode&gt;&#xD;&#xA;  &lt;XMultiMgr&gt;true&lt;/XMultiMgr&gt;&#xD;&#xA;  &lt;ClientReadyTimeout&gt;30000&lt;/ClientReadyTimeout&gt;&#xD;&#xA;&lt;/Settings&gt;" xmlns="http://artoftest.com/schemas/WebAiiDesignCanvas/1.0.0" />
      </TestTypeSpecific>
      <AgentRule name="LocalMachineDefaultRole">
      </AgentRule>
    </Execution>
    <Deployment runDeploymentRoot="aggeorgiev_AGGEORGIEV 2011-08-18 10_30_13" />
  </TestSettings>
  <Times creation="2011-08-18T10:30:13.9035536+03:00" queuing="2011-08-18T10:30:14.0127606+03:00" start="2011-08-18T10:30:14.0439626+03:00" finish="2011-08-18T10:30:27.5595486+03:00" />
  <ResultSummary outcome="Failed">
    <Counters total="1" executed="1" error="0" failed="1" timeout="0" aborted="0" inconclusive="0" passedButRunAborted="0" notRunnable="0" notExecuted="0" disconnected="0" warning="0" passed="0" completed="0" inProgress="0" pending="0" />
  </ResultSummary>
  <TestDefinitions>
    <WebAiiTest name="SearchOpenImage" storage="c:\work\github\kendo\functional-tests\aeroviewr\testproject2\aeroviewr\searchopenimage.aii" priority="0" id="81272445-c191-48a7-9f7e-4efc378d84b1" xmlns="http://artoftest.com/schemas/WebAiiDesignCanvas/1.0.0">
      <Description xmlns="http://microsoft.com/schemas/VisualStudio/TeamTest/2010">WebAii Testcase</Description>
      <DeploymentItems xmlns="http://microsoft.com/schemas/VisualStudio/TeamTest/2010">
        <DeploymentItem filename="..\bin\Debug\TestProject2.dll" />
      </DeploymentItems>
      <Execution id="b4cbc9b5-ae39-420e-8d64-3f6cd3fb86fc" xmlns="http://microsoft.com/schemas/VisualStudio/TeamTest/2010" />
    </WebAiiTest>
  </TestDefinitions>
  <TestLists>
    <TestList name="Results Not in a List" id="8c84fa94-04c1-424b-9868-57a2d4851a1d" />
    <TestList name="All Loaded Results" id="19431567-8539-422a-85d7-44ee4e166bda" />
  </TestLists>
  <TestEntries>
    <TestEntry testId="81272445-c191-48a7-9f7e-4efc378d84b1" executionId="b4cbc9b5-ae39-420e-8d64-3f6cd3fb86fc" testListId="8c84fa94-04c1-424b-9868-57a2d4851a1d" />
  </TestEntries>
  <Results>
    <WebAiiTestResult executionId="b4cbc9b5-ae39-420e-8d64-3f6cd3fb86fc" testId="81272445-c191-48a7-9f7e-4efc378d84b1" testName="SearchOpenImage" computerName="AGGEORGIEV" duration="00:00:13.4317254" startTime="2011-08-18T10:30:14.0439626+03:00" endTime="2011-08-18T10:30:27.4815436+03:00" testType="c4241296-3c6e-46b1-bf92-e0bd3e0eb017" outcome="Failed" testListId="8c84fa94-04c1-424b-9868-57a2d4851a1d" relativeResultsDirectory="b4cbc9b5-ae39-420e-8d64-3f6cd3fb86fc" xmlns="http://artoftest.com/schemas/WebAiiDesignCanvas/1.0.0">
      <Output xmlns="http://microsoft.com/schemas/VisualStudio/TeamTest/2010">
        <ErrorInfo>
          <Message>Overall Result: Fail
------------------------------------------------------------
'8/18/2011 10:30:14 AM' - Starting execution....
------------------------------------------------------------
'8/18/2011 10:30:15 AM' - 'Pass' : 1. Navigate to : '/aeroviewr/'
'8/18/2011 10:30:18 AM' - 'Pass' : 2. Wait for '3000' msec.
'8/18/2011 10:30:18 AM' - 'Pass' : 3. Set 'SearchBoxText' text to 'kendo'
'8/18/2011 10:30:19 AM' - 'Pass' : 4. Click 'SearchLink'
'8/18/2011 10:30:19 AM' - 'Pass' : 5. Click 'MainSectionTag'
'8/18/2011 10:30:23 AM' - 'Pass' : 6. Wait for '3800' msec.
'8/18/2011 10:30:24 AM' - 'Pass' : 7. Click 'Kendo4Image'
'8/18/2011 10:30:24 AM' - 'Pass' : 8. Verify element 'BigPhotoImage' 'is' visible.
'8/18/2011 10:30:24 AM' - 'Pass' : 9. Click 'PhotoWrapSectionTag'
'8/18/2011 10:30:25 AM' - 'Pass' : 10. Wait for '1000' msec.
'8/18/2011 10:30:26 AM' - 'Fail' : 11. Verify element 'Kendo4Image' 'is not' visible.
------------------------------------------------------------
Failure Information: 
~~~~~~~~~~~~~~~
Element is visible verification failed! Expected: False, actual: True.
------------------------------------------------------------
'8/18/2011 10:30:26 AM' - Detected a failure. Step is marked 'ContinueOnFailure=False' aborting test execution.
------------------------------------------------------------
'8/18/2011 10:30:26 AM' - Overall Result: Fail
'8/18/2011 10:30:26 AM' - Duration: [0 min: 10 sec: 957 msec]
------------------------------------------------------------
'8/18/2011 10:30:26 AM' - Test completed!
</Message>
        </ErrorInfo>
      </Output>
      <WebAiiTestResult Type="ArtOfTest.WebAii.Design.Execution.TestResult" Version="2011.1.729.0" xmlns="">
        <TestId Type="System.String">81272445-c191-48a7-9f7e-4efc378d84b1</TestId>
        <TestName Type="System.String">SearchOpenImage</TestName>
        <TestPath Type="System.String">AeroViewr\SearchOpenImage.aii</TestPath>
        <ProjectPath Type="System.String">
        </ProjectPath>
        <ResultType Type="ArtOfTest.Common.Design.ResultType">Fail</ResultType>
        <AutomationStepResults>
          <Item Type="ArtOfTest.WebAii.Design.AutomationStepResult" Version="2011.1.729.0">
            <ResultType Type="ArtOfTest.Common.Design.ResultType">Pass</ResultType>
            <StepDescription Type="System.String">Navigate to : '/aeroviewr/'</StepDescription>
            <TestId Type="System.String">81272445-c191-48a7-9f7e-4efc378d84b1</TestId>
            <TestName Type="System.String">SearchOpenImage</TestName>
            <TestPath Type="System.String">AeroViewr\SearchOpenImage.aii</TestPath>
            <TestStepNumber Type="System.Int32">0</TestStepNumber>
            <Order Type="System.Int32">1</Order>
            <LogMessageOnError Type="System.String">
            </LogMessageOnError>
          </Item>
          <Item Type="ArtOfTest.WebAii.Design.AutomationStepResult" Version="2011.1.729.0">
            <ResultType Type="ArtOfTest.Common.Design.ResultType">Pass</ResultType>
            <StepDescription Type="System.String">Wait for '3000' msec.</StepDescription>
            <TestId Type="System.String">81272445-c191-48a7-9f7e-4efc378d84b1</TestId>
            <TestName Type="System.String">SearchOpenImage</TestName>
            <TestPath Type="System.String">AeroViewr\SearchOpenImage.aii</TestPath>
            <TestStepNumber Type="System.Int32">1</TestStepNumber>
            <Order Type="System.Int32">2</Order>
            <LogMessageOnError Type="System.String">
            </LogMessageOnError>
          </Item>
          <Item Type="ArtOfTest.WebAii.Design.AutomationStepResult" Version="2011.1.729.0">
            <ResultType Type="ArtOfTest.Common.Design.ResultType">Pass</ResultType>
            <StepDescription Type="System.String">Set 'SearchBoxText' text to 'kendo'</StepDescription>
            <TestId Type="System.String">81272445-c191-48a7-9f7e-4efc378d84b1</TestId>
            <TestName Type="System.String">SearchOpenImage</TestName>
            <TestPath Type="System.String">AeroViewr\SearchOpenImage.aii</TestPath>
            <TestStepNumber Type="System.Int32">2</TestStepNumber>
            <Order Type="System.Int32">3</Order>
            <LogMessageOnError Type="System.String">
            </LogMessageOnError>
          </Item>
          <Item Type="ArtOfTest.WebAii.Design.AutomationStepResult" Version="2011.1.729.0">
            <ResultType Type="ArtOfTest.Common.Design.ResultType">Pass</ResultType>
            <StepDescription Type="System.String">Click 'SearchLink'</StepDescription>
            <TestId Type="System.String">81272445-c191-48a7-9f7e-4efc378d84b1</TestId>
            <TestName Type="System.String">SearchOpenImage</TestName>
            <TestPath Type="System.String">AeroViewr\SearchOpenImage.aii</TestPath>
            <TestStepNumber Type="System.Int32">3</TestStepNumber>
            <Order Type="System.Int32">4</Order>
            <LogMessageOnError Type="System.String">
            </LogMessageOnError>
          </Item>
          <Item Type="ArtOfTest.WebAii.Design.AutomationStepResult" Version="2011.1.729.0">
            <ResultType Type="ArtOfTest.Common.Design.ResultType">Pass</ResultType>
            <StepDescription Type="System.String">Click 'MainSectionTag'</StepDescription>
            <TestId Type="System.String">81272445-c191-48a7-9f7e-4efc378d84b1</TestId>
            <TestName Type="System.String">SearchOpenImage</TestName>
            <TestPath Type="System.String">AeroViewr\SearchOpenImage.aii</TestPath>
            <TestStepNumber Type="System.Int32">4</TestStepNumber>
            <Order Type="System.Int32">5</Order>
            <LogMessageOnError Type="System.String">
            </LogMessageOnError>
          </Item>
          <Item Type="ArtOfTest.WebAii.Design.AutomationStepResult" Version="2011.1.729.0">
            <ResultType Type="ArtOfTest.Common.Design.ResultType">Pass</ResultType>
            <StepDescription Type="System.String">Wait for '3800' msec.</StepDescription>
            <TestId Type="System.String">81272445-c191-48a7-9f7e-4efc378d84b1</TestId>
            <TestName Type="System.String">SearchOpenImage</TestName>
            <TestPath Type="System.String">AeroViewr\SearchOpenImage.aii</TestPath>
            <TestStepNumber Type="System.Int32">5</TestStepNumber>
            <Order Type="System.Int32">6</Order>
            <LogMessageOnError Type="System.String">
            </LogMessageOnError>
          </Item>
          <Item Type="ArtOfTest.WebAii.Design.AutomationStepResult" Version="2011.1.729.0">
            <ResultType Type="ArtOfTest.Common.Design.ResultType">Pass</ResultType>
            <StepDescription Type="System.String">Click 'Kendo4Image'</StepDescription>
            <TestId Type="System.String">81272445-c191-48a7-9f7e-4efc378d84b1</TestId>
            <TestName Type="System.String">SearchOpenImage</TestName>
            <TestPath Type="System.String">AeroViewr\SearchOpenImage.aii</TestPath>
            <TestStepNumber Type="System.Int32">6</TestStepNumber>
            <Order Type="System.Int32">7</Order>
            <LogMessageOnError Type="System.String">
            </LogMessageOnError>
          </Item>
          <Item Type="ArtOfTest.WebAii.Design.AutomationStepResult" Version="2011.1.729.0">
            <ResultType Type="ArtOfTest.Common.Design.ResultType">Pass</ResultType>
            <StepDescription Type="System.String">Verify element 'BigPhotoImage' 'is' visible.</StepDescription>
            <TestId Type="System.String">81272445-c191-48a7-9f7e-4efc378d84b1</TestId>
            <TestName Type="System.String">SearchOpenImage</TestName>
            <TestPath Type="System.String">AeroViewr\SearchOpenImage.aii</TestPath>
            <TestStepNumber Type="System.Int32">7</TestStepNumber>
            <Order Type="System.Int32">8</Order>
            <LogMessageOnError Type="System.String">
            </LogMessageOnError>
          </Item>
          <Item Type="ArtOfTest.WebAii.Design.AutomationStepResult" Version="2011.1.729.0">
            <ResultType Type="ArtOfTest.Common.Design.ResultType">Pass</ResultType>
            <StepDescription Type="System.String">Click 'PhotoWrapSectionTag'</StepDescription>
            <TestId Type="System.String">81272445-c191-48a7-9f7e-4efc378d84b1</TestId>
            <TestName Type="System.String">SearchOpenImage</TestName>
            <TestPath Type="System.String">AeroViewr\SearchOpenImage.aii</TestPath>
            <TestStepNumber Type="System.Int32">8</TestStepNumber>
            <Order Type="System.Int32">9</Order>
            <LogMessageOnError Type="System.String">
            </LogMessageOnError>
          </Item>
          <Item Type="ArtOfTest.WebAii.Design.AutomationStepResult" Version="2011.1.729.0">
            <ResultType Type="ArtOfTest.Common.Design.ResultType">Pass</ResultType>
            <StepDescription Type="System.String">Wait for '1000' msec.</StepDescription>
            <TestId Type="System.String">81272445-c191-48a7-9f7e-4efc378d84b1</TestId>
            <TestName Type="System.String">SearchOpenImage</TestName>
            <TestPath Type="System.String">AeroViewr\SearchOpenImage.aii</TestPath>
            <TestStepNumber Type="System.Int32">9</TestStepNumber>
            <Order Type="System.Int32">10</Order>
            <LogMessageOnError Type="System.String">
            </LogMessageOnError>
          </Item>
          <Item Type="ArtOfTest.WebAii.Design.AutomationStepResult" Version="2011.1.729.0">
            <ResultType Type="ArtOfTest.Common.Design.ResultType">Fail</ResultType>
            <ExecutionException Type="ArtOfTest.Common.Design.Exceptions.VerificationException" Version="2011.1.729.0">
              <HostState Type="ArtOfTest.WebAii.Design.AutomationHostState" Version="2011.1.729.0">
                <Mode Type="ArtOfTest.WebAii.Design.BrowserStateCaptureMode">DomAndImage</Mode>
                <TechType Type="ArtOfTest.Common.TechnologyType">Html</TechType>
                <FriendlyName Type="System.String">Capture Of 'Page (AeroViewr)' @8/18/2011 10:30:26 AM</FriendlyName>
              </HostState>
              <ExceptionMessage Type="System.String">Element is visible verification failed! Expected: False, actual: True.</ExceptionMessage>
              <VerificationResult Type="ArtOfTest.Common.Design.Extensibility.VerificationResult" Version="2011.1.729.0">
                <Result Type="System.Boolean">False</Result>
                <ErrorMessage Type="System.String">Element is visible verification failed! Expected: False, actual: True.</ErrorMessage>
              </VerificationResult>
              <ValueStore Type="ArtOfTest.Common.Design.Extensibility.DescriptorValueStore" Version="2011.1.729.0">
                <ValueStore>
                  <Item Key="IsVisible" Type="System.Boolean">True</Item>
                </ValueStore>
              </ValueStore>
            </ExecutionException>
            <StepDescription Type="System.String">Verify element 'Kendo4Image' 'is not' visible.</StepDescription>
            <TestId Type="System.String">81272445-c191-48a7-9f7e-4efc378d84b1</TestId>
            <TestName Type="System.String">SearchOpenImage</TestName>
            <TestPath Type="System.String">AeroViewr\SearchOpenImage.aii</TestPath>
            <TestStepNumber Type="System.Int32">10</TestStepNumber>
            <Order Type="System.Int32">11</Order>
            <LogMessageOnError Type="System.String">
            </LogMessageOnError>
          </Item>
        </AutomationStepResults>
        <NotRunStepDescriptions>
          <Item Type="System.String">Wait for '2000' msec.</Item>
          <Item Type="System.String">Desktop command: LeftClick on BackButtonLink</Item>
          <Item Type="System.String">Click 'BackButtonLink'</Item>
          <Item Type="System.String">Wait for '2000' msec.</Item>
          <Item Type="System.String">Wait for element 'Kendo4Image' 'is' visible.</Item>
          <Item Type="System.String">Click 'BackButtonLink'</Item>
          <Item Type="System.String">Wait for '1000' msec.</Item>
          <Item Type="System.String">Verify 'TextContent' 'Contains' 'Back to search results' on 'BackButtonLink'</Item>
        </NotRunStepDescriptions>
        <PerStepMessages Type="System.String">Overall Result: Fail
------------------------------------------------------------
'8/18/2011 10:30:14 AM' - Starting execution....
------------------------------------------------------------
'8/18/2011 10:30:15 AM' - 'Pass' : 1. Navigate to : '/aeroviewr/'
'8/18/2011 10:30:18 AM' - 'Pass' : 2. Wait for '3000' msec.
'8/18/2011 10:30:18 AM' - 'Pass' : 3. Set 'SearchBoxText' text to 'kendo'
'8/18/2011 10:30:19 AM' - 'Pass' : 4. Click 'SearchLink'
'8/18/2011 10:30:19 AM' - 'Pass' : 5. Click 'MainSectionTag'
'8/18/2011 10:30:23 AM' - 'Pass' : 6. Wait for '3800' msec.
'8/18/2011 10:30:24 AM' - 'Pass' : 7. Click 'Kendo4Image'
'8/18/2011 10:30:24 AM' - 'Pass' : 8. Verify element 'BigPhotoImage' 'is' visible.
'8/18/2011 10:30:24 AM' - 'Pass' : 9. Click 'PhotoWrapSectionTag'
'8/18/2011 10:30:25 AM' - 'Pass' : 10. Wait for '1000' msec.
'8/18/2011 10:30:26 AM' - 'Fail' : 11. Verify element 'Kendo4Image' 'is not' visible.
------------------------------------------------------------
Failure Information: 
~~~~~~~~~~~~~~~
Element is visible verification failed! Expected: False, actual: True.
------------------------------------------------------------
'8/18/2011 10:30:26 AM' - Detected a failure. Step is marked 'ContinueOnFailure=False' aborting test execution.
------------------------------------------------------------
'8/18/2011 10:30:26 AM' - Overall Result: Fail
'8/18/2011 10:30:26 AM' - Duration: [0 min: 10 sec: 957 msec]
------------------------------------------------------------
'8/18/2011 10:30:26 AM' - Test completed!
</PerStepMessages>
        <TotalNumberOfPassedSteps Type="System.Int32">10</TotalNumberOfPassedSteps>
        <ExecutingTestStepCount Type="System.Int32">11</ExecutingTestStepCount>
        <TotalNumberOfNotRunSteps Type="System.Int32">0</TotalNumberOfNotRunSteps>
        <IsDataDrivenResult Type="System.Boolean">False</IsDataDrivenResult>
        <SeparatorLineCharCount Type="System.Int32">60</SeparatorLineCharCount>
        <ExecutionType Type="ArtOfTest.Common.Design.ExecutionType">QuickExecution</ExecutionType>
        <FailureException Type="ArtOfTest.Common.Design.Exceptions.VerificationException" Version="2011.1.729.0">
          <HostState Type="ArtOfTest.WebAii.Design.AutomationHostState" Version="2011.1.729.0">
            <Mode Type="ArtOfTest.WebAii.Design.BrowserStateCaptureMode">DomAndImage</Mode>
            <TechType Type="ArtOfTest.Common.TechnologyType">Html</TechType>
            <FriendlyName Type="System.String">Capture Of 'Page (AeroViewr)' @8/18/2011 10:30:26 AM</FriendlyName>
          </HostState>
          <ExceptionMessage Type="System.String">Element is visible verification failed! Expected: False, actual: True.</ExceptionMessage>
          <VerificationResult Type="ArtOfTest.Common.Design.Extensibility.VerificationResult" Version="2011.1.729.0">
            <Result Type="System.Boolean">False</Result>
            <ErrorMessage Type="System.String">Element is visible verification failed! Expected: False, actual: True.</ErrorMessage>
          </VerificationResult>
          <ValueStore Type="ArtOfTest.Common.Design.Extensibility.DescriptorValueStore" Version="2011.1.729.0">
            <ValueStore>
              <Item Key="IsVisible" Type="System.Boolean">True</Item>
            </ValueStore>
          </ValueStore>
        </FailureException>
        <EndTime Type="System.DateTime">2011-08-18 07:30:26Z</EndTime>
        <StarTime Type="System.DateTime">2011-08-18 07:30:15Z</StarTime>
        <DataIterationResults />
      </WebAiiTestResult>
    </WebAiiTestResult>
  </Results>
</TestRun>